#F 200000 Hz*55
$SDZDA,212928.13,07,08,2025,00,00*6C
$SDDBT,0.689,f,0.210,M,0.115,F*07
$SDMTW,26.4,C*04
$SDXDR,A,0.0,D,PTCH,A,-0.1,D,ROLL*67
$SDXDR,A,0.00,P,EMA*1F
#F 200000 Hz*55
$SDZDA,212928.63,07,08,2025,00,00*6B
$SDDBT,0.689,f,0.210,M,0.115,F*07
$SDMTW,26.3,C*03
$SDXDR,A,-0.1,D,PTCH,A,-0.1,D,ROLL*4B
$SDXDR,A,0.00,P,EMA*1F
#F 200000 Hz*55
$SDZDA,212929.13,07,08,2025,00,00*6D
$SDDBT,0.689,f,0.210,M,0.115,F*07
$SDMTW,26.3,C*03
$SDXDR,A,-0.1,D,PTCH,A,-0.1,D,ROLL*4B
$SDXDR,A,0.00,P,EMA*1F
#F 200000 Hz*55
$SDZDA,212929.63,07,08,2025,00,00*6A
$SDDBT,0.689,f,0.210,M,0.115,F*07
$SDMTW,26.4,C*04
$SDXDR,A,-0.1,D,PTCH,A,-0.1,D,ROLL*4B
$SDXDR,A,0.00,P,EMA*1F
#F 200000 Hz*55
$SDZDA,212930.13,07,08,2025,00,00*65
$SDDBT,0.689,f,0.210,M,0.115,F*07
$SDMTW,26.3,C*03
$SDXDR,A,-0.1,D,PTCH,A,-0.1,D,ROLL*4B
$SDXDR,A,0.00,P,EMA*1F
#F 200000 Hz*55
$SDZDA,212930.63,07,08,2025,00,00*62
$SDDBT,0.689,f,0.210,M,0.115,F*07
$SDMTW,26.4,C*04
$SDXDR,A,0.0,D,PTCH,A,-0.1,D,ROLL*67
$SDXDR,A,0.00,P,EMA*1F
#F 200000 Hz*55
$SDZDA,212931.13,07,08,2025,00,00*64
$SDDBT,0.689,f,0.210,M,0.115,F*07
$SDMTW,26.4,C*04
$SDXDR,A,-0.1,D,PTCH,A,-0.1,D,ROLL*4B
$SDXDR,A,0.00,P,EMA*1F
#F 200000 Hz*55
$SDZDA,212931.63,07,08,2025,00,00*63
$SDDBT,0.689,f,0.210,M,0.115,F*07
$SDMTW,26.4,C*04
$SDXDR,A,-0.1,D,PTCH,A,-0.1,D,ROLL*4B
$SDXDR,A,0.00,P,EMA*1F
#F 200000 Hz*55
$SDZDA,212932.13,07,08,2025,00,00*67
$SDDBT,0.689,f,0.210,M,0.115,F*07
$SDMTW,26.4,C*04
$SDXDR,A,-0.1,D,PTCH,A,-0.1,D,ROLL*4B
$SDXDR,A,0.00,P,EMA*1F
#F 200000 Hz*55
$SDZDA,212932.63,07,08,2025,00,00*60
$SDDBT,0.689,f,0.210,M,0.115,F*07
$SDMTW,26.4,C*04
$SDXDR,A,-0.1,D,PTCH,A,-0.1,D,ROLL*4B
$SDXDR,A,0.00,P,EMA*1F
#F 200000 Hz*55
$SDZDA,212933.13,07,08,2025,00,00*66
$SDDBT,0.689,f,0.210,M,0.115,F*07
$SDMTW,26.4,C*04
$SDXDR,A,-0.1,D,PTCH,A,-0.1,D,ROLL*4B
$SDXDR,A,0.00,P,EMA*1F
#F 200000 Hz*55
$SDZDA,212933.63,07,08,2025,00,00*61
$SDDBT,0.689,f,0.210,M,0.115,F*07
$SDMTW,26.3,C*03
$SDXDR,A,-0.1,D,PTCH,A,-0.1,D,ROLL*4B
$SDXDR,A,0.00,P,EMA*1F
#F 200000 Hz*55
$SDZDA,212934.13,07,08,2025,00,00*61
$SDDBT,0.689,f,0.210,M,0.115,F*07
$SDMTW,26.4,C*04
$SDXDR,A,-0.1,D,PTCH,A,-0.1,D,ROLL*4B
$SDXDR,A,0.00,P,EMA*1F
#F 200000 Hz*55
$SDZDA,212934.63,07,08,2025,00,00*66
$SDDBT,0.689,f,0.210,M,0.115,F*07
$SDMTW,26.4,C*04
$SDXDR,A,-0.1,D,PTCH,A,-0.2,D,ROLL*48
$SDXDR,A,0.00,P,EMA*1F
#F 200000 Hz*55
$SDZDA,212935.13,07,08,2025,00,00*60
$SDDBT,0.689,f,0.210,M,0.115,F*07
$SDMTW,26.4,C*04
$SDXDR,A,-0.1,D,PTCH,A,-0.1,D,ROLL*4B
$SDXDR,A,0.00,P,EMA*1F
#F 200000 Hz*55
$SDZDA,212935.63,07,08,2025,00,00*67
$SDDBT,0.689,f,0.210,M,0.115,F*07
$SDMTW,26.4,C*04
$SDXDR,A,-0.1,D,PTCH,A,-0.1,D,ROLL*4B
$SDXDR,A,0.00,P,EMA*1F
