#F 200000 Hz*55
$SDZDA,151655.58,07,08,2025,00,00*62
$SDDBT,0.689,f,0.210,M,0.115,F*07
$SDMTW,24.6,C*04
$SDXDR,A,0.0,D,PTCH,A,-0.2,D,ROLL*64
$SDXDR,A,0.00,P,EMA*1F
#F 200000 Hz*55
$SDZDA,151656.08,07,08,2025,00,00*64
$SDDBT,0.689,f,0.210,M,0.115,F*07
$SDMTW,24.7,C*05
$SDXDR,A,0.0,D,PTCH,A,0.1,D,ROLL*4A
$SDXDR,A,0.00,P,EMA*1F
#F 200000 Hz*55
$SDZDA,151656.58,07,08,2025,00,00*61
$SDDBT,0.689,f,0.210,M,0.115,F*07
$SDMTW,24.6,C*04
$SDXDR,A,0.0,D,PTCH,A,0.1,D,ROLL*4A
$SDXDR,A,0.00,P,EMA*1F
#F 200000 Hz*55
$SDZDA,151657.08,07,08,2025,00,00*65
$SDDBT,0.689,f,0.210,M,0.115,F*07
$SDMTW,24.7,C*05
$SDXDR,A,-0.1,D,PTCH,A,0.1,D,ROLL*66
$SDXDR,A,0.00,P,EMA*1F
#F 200000 Hz*55
$SDZDA,151657.58,07,08,2025,00,00*60
$SDDBT,0.689,f,0.210,M,0.115,F*07
$SDMTW,24.7,C*05
$SDXDR,A,0.0,D,PTCH,A,0.1,D,ROLL*4A
$SDXDR,A,0.00,P,EMA*1F
#F 200000 Hz*55
$SDZDA,151658.08,07,08,2025,00,00*6A
$SDDBT,0.689,f,0.210,M,0.115,F*07
$SDMTW,24.6,C*04
$SDXDR,A,0.0,D,PTCH,A,-0.2,D,ROLL*64
$SDXDR,A,0.00,P,EMA*1F
#F 200000 Hz*55
$SDZDA,151658.58,07,08,2025,00,00*6F
$SDDBT,0.689,f,0.210,M,0.115,F*07
$SDMTW,24.7,C*05
$SDXDR,A,0.0,D,PTCH,A,0.1,D,ROLL*4A
$SDXDR,A,0.00,P,EMA*1F
#F 200000 Hz*55
$SDZDA,151659.08,07,08,2025,00,00*6B
$SDDBT,0.689,f,0.210,M,0.115,F*07
$SDMTW,24.7,C*05
$SDXDR,A,0.0,D,PTCH,A,0.1,D,ROLL*4A
$SDXDR,A,0.00,P,EMA*1F
#F 200000 Hz*55
$SDZDA,151659.58,07,08,2025,00,00*6E
$SDDBT,0.689,f,0.210,M,0.115,F*07
$SDMTW,24.7,C*05
$SDXDR,A,0.0,D,PTCH,A,0.1,D,ROLL*4A
$SDXDR,A,0.00,P,EMA*1F
#F 200000 Hz*55
$SDZDA,151700.08,07,08,2025,00,00*66
$SDDBT,0.689,f,0.210,M,0.115,F*07
$SDMTW,24.7,C*05
$SDXDR,A,0.0,D,PTCH,A,0.1,D,ROLL*4A
$SDXDR,A,0.00,P,EMA*1F
#F 200000 Hz*55
$SDZDA,151700.58,07,08,2025,00,00*63
$SDDBT,0.689,f,0.210,M,0.115,F*07
$SDMTW,24.6,C*04
$SDXDR,A,-0.1,D,PTCH,A,-0.2,D,ROLL*48
$SDXDR,A,0.00,P,EMA*1F
#F 200000 Hz*55
$SDZDA,151701.08,07,08,2025,00,00*67
$SDDBT,0.689,f,0.210,M,0.115,F*07
$SDMTW,24.7,C*05
$SDXDR,A,0.0,D,PTCH,A,0.1,D,ROLL*4A
$SDXDR,A,0.00,P,EMA*1F
#F 200000 Hz*55
$SDZDA,151701.58,07,08,2025,00,00*62
$SDDBT,0.689,f,0.210,M,0.115,F*07
$SDMTW,24.7,C*05
$SDXDR,A,-0.1,D,PTCH,A,0.1,D,ROLL*66
$SDXDR,A,0.00,P,EMA*1F
#F 200000 Hz*55
$SDZDA,151702.08,07,08,2025,00,00*64
$SDDBT,0.689,f,0.210,M,0.115,F*07
$SDMTW,24.7,C*05
$SDXDR,A,-0.1,D,PTCH,A,0.1,D,ROLL*66
$SDXDR,A,0.00,P,EMA*1F
#F 200000 Hz*55
$SDZDA,151702.58,07,08,2025,00,00*61
$SDDBT,0.689,f,0.210,M,0.115,F*07
$SDMTW,24.6,C*04
$SDXDR,A,-0.1,D,PTCH,A,0.1,D,ROLL*66
$SDXDR,A,0.00,P,EMA*1F
#F 200000 Hz*55
$SDZDA,151703.08,07,08,2025,00,00*65
$SDDBT,0.689,f,0.210,M,0.115,F*07
$SDMTW,24.6,C*04
$SDXDR,A,0.0,D,PTCH,A,-0.2,D,ROLL*64
$SDXDR,A,0.00,P,EMA*1F
#F 200000 Hz*55
$SDZDA,151703.58,07,08,2025,00,00*60
$SDDBT,0.689,f,0.210,M,0.115,F*07
$SDMTW,24.7,C*05
$SDXDR,A,0.0,D,PTCH,A,0.1,D,ROLL*4A
$SDXDR,A,0.00,P,EMA*1F
#F 200000 Hz*55
$SDZDA,151704.08,07,08,2025,00,00*62
$SDDBT,0.689,f,0.210,M,0.115,F*07
$SDMTW,24.7,C*05
$SDXDR,A,0.0,D,PTCH,A,0.1,D,ROLL*4A
$SDXDR,A,0.00,P,EMA*1F
#F 200000 Hz*55
$SDZDA,151704.58,07,08,2025,00,00*67
$SDDBT,0.689,f,0.210,M,0.115,F*07
$SDMTW,24.7,C*05
$SDXDR,A,0.0,D,PTCH,A,0.1,D,ROLL*4A
$SDXDR,A,0.00,P,EMA*1F
#F 200000 Hz*55
$SDZDA,151705.08,07,08,2025,00,00*63
$SDDBT,0.689,f,0.210,M,0.115,F*07
$SDMTW,24.7,C*05
$SDXDR,A,0.0,D,PTCH,A,0.1,D,ROLL*4A
$SDXDR,A,0.00,P,EMA*1F
#F 200000 Hz*55
$SDZDA,151705.58,07,08,2025,00,00*66
$SDDBT,0.689,f,0.210,M,0.115,F*07
$SDMTW,24.6,C*04
$SDXDR,A,0.0,D,PTCH,A,-0.2,D,ROLL*64
$SDXDR,A,0.00,P,EMA*1F
#F 200000 Hz*55
$SDZDA,151706.08,07,08,2025,00,00*60
$SDDBT,0.689,f,0.210,M,0.115,F*07
$SDMTW,24.7,C*05
$SDXDR,A,0.0,D,PTCH,A,0.1,D,ROLL*4A
$SDXDR,A,0.00,P,EMA*1F
#F 200000 Hz*55
$SDZDA,151706.58,07,08,2025,00,00*65
$SDDBT,0.689,f,0.210,M,0.115,F*07
$SDMTW,24.7,C*05
$SDXDR,A,0.0,D,PTCH,A,0.1,D,ROLL*4A
$SDXDR,A,0.00,P,EMA*1F
#F 200000 Hz*55
$SDZDA,151707.08,07,08,2025,00,00*61
$SDDBT,0.689,f,0.210,M,0.115,F*07
$SDMTW,24.7,C*05
$SDXDR,A,0.0,D,PTCH,A,0.1,D,ROLL*4A
$SDXDR,A,0.00,P,EMA*1F
#F 200000 Hz*55
$SDZDA,151707.58,07,08,2025,00,00*64
$SDDBT,0.689,f,0.210,M,0.115,F*07
$SDMTW,24.7,C*05
$SDXDR,A,0.0,D,PTCH,A,0.1,D,ROLL*4A
$SDXDR,A,0.00,P,EMA*1F
#F 200000 Hz*55
$SDZDA,151708.08,07,08,2025,00,00*6E
$SDDBT,0.689,f,0.210,M,0.115,F*07
$SDMTW,24.6,C*04
$SDXDR,A,0.0,D,PTCH,A,-0.2,D,ROLL*64
$SDXDR,A,0.00,P,EMA*1F
#F 200000 Hz*55
$SDZDA,151708.58,07,08,2025,00,00*6B
$SDDBT,0.689,f,0.210,M,0.115,F*07
$SDMTW,24.7,C*05
$SDXDR,A,0.0,D,PTCH,A,0.1,D,ROLL*4A
$SDXDR,A,0.00,P,EMA*1F
#F 200000 Hz*55
$SDZDA,151709.08,07,08,2025,00,00*6F
$SDDBT,0.689,f,0.210,M,0.115,F*07
$SDMTW,24.7,C*05
$SDXDR,A,0.0,D,PTCH,A,0.1,D,ROLL*4A
$SDXDR,A,0.00,P,EMA*1F
#F 200000 Hz*55
$SDZDA,151709.58,07,08,2025,00,00*6A
$SDDBT,0.689,f,0.210,M,0.115,F*07
$SDMTW,24.7,C*05
$SDXDR,A,-0.1,D,PTCH,A,0.1,D,ROLL*66
$SDXDR,A,0.00,P,EMA*1F
#F 200000 Hz*55
$SDZDA,151710.08,07,08,2025,00,00*67
$SDDBT,0.689,f,0.210,M,0.115,F*07
$SDMTW,24.7,C*05
$SDXDR,A,0.0,D,PTCH,A,0.1,D,ROLL*4A
$SDXDR,A,0.00,P,EMA*1F
#F 200000 Hz*55
$SDZDA,151710.58,07,08,2025,00,00*62
$SDDBT,0.689,f,0.210,M,0.115,F*07
$SDMTW,24.6,C*04
$SDXDR,A,0.0,D,PTCH,A,-0.2,D,ROLL*64
$SDXDR,A,0.00,P,EMA*1F
#F 200000 Hz*55
$SDZDA,151711.08,07,08,2025,00,00*66
$SDDBT,0.689,f,0.210,M,0.115,F*07
$SDMTW,24.7,C*05
$SDXDR,A,0.0,D,PTCH,A,0.1,D,ROLL*4A
$SDXDR,A,0.00,P,EMA*1F
#F 200000 Hz*55
$SDZDA,151711.58,07,08,2025,00,00*63
$SDDBT,0.689,f,0.210,M,0.115,F*07
$SDMTW,24.7,C*05
$SDXDR,A,0.0,D,PTCH,A,0.1,D,ROLL*4A
$SDXDR,A,0.00,P,EMA*1F
#F 200000 Hz*55
$SDZDA,151712.08,07,08,2025,00,00*65
$SDDBT,0.689,f,0.210,M,0.115,F*07
$SDMTW,24.7,C*05
$SDXDR,A,0.0,D,PTCH,A,0.1,D,ROLL*4A
$SDXDR,A,0.00,P,EMA*1F
#F 200000 Hz*55
$SDZDA,151712.58,07,08,2025,00,00*60
$SDDBT,0.689,f,0.210,M,0.115,F*07
$SDMTW,24.7,C*05
$SDXDR,A,0.0,D,PTCH,A,0.1,D,ROLL*4A
$SDXDR,A,0.00,P,EMA*1F
#F 200000 Hz*55
$SDZDA,151713.08,07,08,2025,00,00*64
$SDDBT,0.689,f,0.210,M,0.115,F*07
$SDMTW,24.6,C*04
$SDXDR,A,0.0,D,PTCH,A,-0.2,D,ROLL*64
$SDXDR,A,0.00,P,EMA*1F
#F 200000 Hz*55
$SDZDA,151713.58,07,08,2025,00,00*61
$SDDBT,0.689,f,0.210,M,0.115,F*07
$SDMTW,24.6,C*04
$SDXDR,A,0.0,D,PTCH,A,0.1,D,ROLL*4A
$SDXDR,A,0.00,P,EMA*1F
#F 200000 Hz*55
$SDZDA,151714.08,07,08,2025,00,00*63
$SDDBT,0.689,f,0.210,M,0.115,F*07
$SDMTW,24.7,C*05
$SDXDR,A,0.0,D,PTCH,A,0.1,D,ROLL*4A
$SDXDR,A,0.00,P,EMA*1F
#F 200000 Hz*55
$SDZDA,151714.58,07,08,2025,00,00*66
$SDDBT,0.689,f,0.210,M,0.115,F*07
$SDMTW,24.7,C*05
$SDXDR,A,0.0,D,PTCH,A,0.1,D,ROLL*4A
$SDXDR,A,0.00,P,EMA*1F
#F 200000 Hz*55
$SDZDA,151715.08,07,08,2025,00,00*62
$SDDBT,0.689,f,0.210,M,0.115,F*07
$SDMTW,24.6,C*04
$SDXDR,A,0.0,D,PTCH,A,0.1,D,ROLL*4A
$SDXDR,A,0.00,P,EMA*1F
#F 200000 Hz*55
$SDZDA,151715.58,07,08,2025,00,00*67
$SDDBT,0.689,f,0.210,M,0.115,F*07
$SDMTW,24.6,C*04
$SDXDR,A,-0.1,D,PTCH,A,-0.2,D,ROLL*48
$SDXDR,A,0.00,P,EMA*1F
#F 200000 Hz*55
$SDZDA,151716.08,07,08,2025,00,00*61
$SDDBT,0.689,f,0.210,M,0.115,F*07
$SDMTW,24.7,C*05
$SDXDR,A,0.0,D,PTCH,A,0.1,D,ROLL*4A
$SDXDR,A,0.00,P,EMA*1F
#F 200000 Hz*55
$SDZDA,151716.58,07,08,2025,00,00*64
$SDDBT,0.689,f,0.210,M,0.115,F*07
$SDMTW,24.7,C*05
$SDXDR,A,0.0,D,PTCH,A,0.1,D,ROLL*4A
$SDXDR,A,0.00,P,EMA*1F
#F 200000 Hz*55
$SDZDA,151717.08,07,08,2025,00,00*60
$SDDBT,0.689,f,0.210,M,0.115,F*07
$SDMTW,24.7,C*05
$SDXDR,A,0.0,D,PTCH,A,0.1,D,ROLL*4A
$SDXDR,A,0.00,P,EMA*1F
#F 200000 Hz*55
$SDZDA,151717.58,07,08,2025,00,00*65
$SDDBT,0.689,f,0.210,M,0.115,F*07
$SDMTW,24.6,C*04
$SDXDR,A,0.1,D,PTCH,A,0.1,D,ROLL*4B
$SDXDR,A,0.00,P,EMA*1F
#F 200000 Hz*55
$SDZDA,151718.08,07,08,2025,00,00*6F
$SDDBT,0.689,f,0.210,M,0.115,F*07
$SDMTW,24.7,C*05
$SDXDR,A,-0.1,D,PTCH,A,-0.1,D,ROLL*4B
$SDXDR,A,0.00,P,EMA*1F
#F 200000 Hz*55
$SDZDA,151718.58,07,08,2025,00,00*6A
$SDDBT,0.689,f,0.210,M,0.115,F*07
$SDMTW,24.7,C*05
$SDXDR,A,0.0,D,PTCH,A,0.1,D,ROLL*4A
$SDXDR,A,0.00,P,EMA*1F
#F 200000 Hz*55
$SDZDA,151719.08,07,08,2025,00,00*6E
$SDDBT,0.689,f,0.210,M,0.115,F*07
$SDMTW,24.7,C*05
$SDXDR,A,0.0,D,PTCH,A,0.1,D,ROLL*4A
$SDXDR,A,0.00,P,EMA*1F
#F 200000 Hz*55
$SDZDA,151719.58,07,08,2025,00,00*6B
$SDDBT,0.689,f,0.210,M,0.115,F*07
$SDMTW,24.7,C*05
$SDXDR,A,0.0,D,PTCH,A,0.1,D,ROLL*4A
$SDXDR,A,0.00,P,EMA*1F
#F 200000 Hz*55
$SDZDA,151720.08,07,08,2025,00,00*64
$SDDBT,0.689,f,0.210,M,0.115,F*07
$SDMTW,24.6,C*04
$SDXDR,A,0.1,D,PTCH,A,0.1,D,ROLL*4B
$SDXDR,A,0.00,P,EMA*1F
#F 200000 Hz*55
$SDZDA,151720.58,07,08,2025,00,00*61
$SDDBT,0.689,f,0.210,M,0.115,F*07
$SDMTW,24.7,C*05
$SDXDR,A,-0.1,D,PTCH,A,-0.1,D,ROLL*4B
$SDXDR,A,0.00,P,EMA*1F
#F 200000 Hz*55
$SDZDA,151721.08,07,08,2025,00,00*65
$SDDBT,0.689,f,0.210,M,0.115,F*07
$SDMTW,24.7,C*05
$SDXDR,A,-0.1,D,PTCH,A,0.1,D,ROLL*66
$SDXDR,A,0.00,P,EMA*1F
#F 200000 Hz*55
$SDZDA,151721.58,07,08,2025,00,00*60
$SDDBT,0.689,f,0.210,M,0.115,F*07
$SDMTW,24.7,C*05
$SDXDR,A,0.0,D,PTCH,A,0.1,D,ROLL*4A
$SDXDR,A,0.00,P,EMA*1F
#F 200000 Hz*55
$SDZDA,151722.08,07,08,2025,00,00*66
$SDDBT,0.689,f,0.210,M,0.115,F*07
$SDMTW,24.7,C*05
$SDXDR,A,0.0,D,PTCH,A,0.1,D,ROLL*4A
$SDXDR,A,0.00,P,EMA*1F
#F 200000 Hz*55
$SDZDA,151722.58,07,08,2025,00,00*63
$SDDBT,0.689,f,0.210,M,0.115,F*07
$SDMTW,24.6,C*04
$SDXDR,A,0.1,D,PTCH,A,0.0,D,ROLL*4A
$SDXDR,A,0.00,P,EMA*1F
#F 200000 Hz*55
$SDZDA,151723.08,07,08,2025,00,00*67
$SDDBT,0.689,f,0.210,M,0.115,F*07
$SDMTW,24.7,C*05
$SDXDR,A,-0.1,D,PTCH,A,0.0,D,ROLL*67
$SDXDR,A,0.00,P,EMA*1F
#F 200000 Hz*55
$SDZDA,151723.58,07,08,2025,00,00*62
$SDDBT,0.689,f,0.210,M,0.115,F*07
$SDMTW,24.7,C*05
$SDXDR,A,-0.1,D,PTCH,A,0.1,D,ROLL*66
$SDXDR,A,0.00,P,EMA*1F
#F 200000 Hz*55
$SDZDA,151724.08,07,08,2025,00,00*60
$SDDBT,0.689,f,0.210,M,0.115,F*07
$SDMTW,24.7,C*05
$SDXDR,A,0.0,D,PTCH,A,0.1,D,ROLL*4A
$SDXDR,A,0.00,P,EMA*1F
#F 200000 Hz*55
$SDZDA,151724.58,07,08,2025,00,00*65
$SDDBT,0.689,f,0.210,M,0.115,F*07
$SDMTW,24.7,C*05
$SDXDR,A,0.0,D,PTCH,A,0.1,D,ROLL*4A
$SDXDR,A,0.00,P,EMA*1F
#F 200000 Hz*55
$SDZDA,151725.08,07,08,2025,00,00*61
$SDDBT,0.689,f,0.210,M,0.115,F*07
$SDMTW,24.6,C*04
$SDXDR,A,0.1,D,PTCH,A,-0.1,D,ROLL*66
$SDXDR,A,0.00,P,EMA*1F
#F 200000 Hz*55
$SDZDA,151725.58,07,08,2025,00,00*64
$SDDBT,0.689,f,0.210,M,0.115,F*07
$SDMTW,24.7,C*05
$SDXDR,A,-0.1,D,PTCH,A,0.0,D,ROLL*67
$SDXDR,A,0.00,P,EMA*1F
#F 200000 Hz*55
$SDZDA,151726.08,07,08,2025,00,00*62
$SDDBT,0.689,f,0.210,M,0.115,F*07
$SDMTW,24.7,C*05
$SDXDR,A,0.0,D,PTCH,A,0.1,D,ROLL*4A
$SDXDR,A,0.00,P,EMA*1F
#F 200000 Hz*55
$SDZDA,151726.58,07,08,2025,00,00*67
$SDDBT,0.689,f,0.210,M,0.115,F*07
$SDMTW,24.7,C*05
$SDXDR,A,0.0,D,PTCH,A,0.1,D,ROLL*4A
$SDXDR,A,0.00,P,EMA*1F
#F 200000 Hz*55
$SDZDA,151727.08,07,08,2025,00,00*63
$SDDBT,0.689,f,0.210,M,0.115,F*07
$SDMTW,24.7,C*05
$SDXDR,A,0.0,D,PTCH,A,0.1,D,ROLL*4A
$SDXDR,A,0.00,P,EMA*1F
#F 200000 Hz*55
$SDZDA,151727.58,07,08,2025,00,00*66
$SDDBT,0.689,f,0.210,M,0.115,F*07
$SDMTW,24.6,C*04
$SDXDR,A,0.0,D,PTCH,A,-0.2,D,ROLL*64
$SDXDR,A,0.00,P,EMA*1F
#F 200000 Hz*55
$SDZDA,151728.08,07,08,2025,00,00*6C
$SDDBT,0.689,f,0.210,M,0.115,F*07
$SDMTW,24.7,C*05
$SDXDR,A,0.0,D,PTCH,A,0.1,D,ROLL*4A
$SDXDR,A,0.00,P,EMA*1F
#F 200000 Hz*55
$SDZDA,151728.58,07,08,2025,00,00*69
$SDDBT,0.689,f,0.210,M,0.115,F*07
$SDMTW,24.7,C*05
$SDXDR,A,0.0,D,PTCH,A,0.1,D,ROLL*4A
$SDXDR,A,0.00,P,EMA*1F
#F 200000 Hz*55
$SDZDA,151729.08,07,08,2025,00,00*6D
$SDDBT,0.689,f,0.210,M,0.115,F*07
$SDMTW,24.7,C*05
$SDXDR,A,0.0,D,PTCH,A,0.1,D,ROLL*4A
$SDXDR,A,0.00,P,EMA*1F
#F 200000 Hz*55
$SDZDA,151729.58,07,08,2025,00,00*68
$SDDBT,0.689,f,0.210,M,0.115,F*07
$SDMTW,24.7,C*05
$SDXDR,A,-0.1,D,PTCH,A,0.1,D,ROLL*66
$SDXDR,A,0.00,P,EMA*1F
#F 200000 Hz*55
$SDZDA,151730.08,07,08,2025,00,00*65
$SDDBT,0.689,f,0.210,M,0.115,F*07
$SDMTW,24.6,C*04
$SDXDR,A,0.0,D,PTCH,A,-0.2,D,ROLL*64
$SDXDR,A,0.00,P,EMA*1F
#F 200000 Hz*55
$SDZDA,151730.58,07,08,2025,00,00*60
$SDDBT,0.689,f,0.210,M,0.115,F*07
$SDMTW,24.7,C*05
$SDXDR,A,0.0,D,PTCH,A,0.1,D,ROLL*4A
$SDXDR,A,0.00,P,EMA*1F
#F 200000 Hz*55
$SDZDA,151731.08,07,08,2025,00,00*64
$SDDBT,0.689,f,0.210,M,0.115,F*07
$SDMTW,24.7,C*05
$SDXDR,A,0.0,D,PTCH,A,0.1,D,ROLL*4A
$SDXDR,A,0.00,P,EMA*1F
#F 200000 Hz*55
$SDZDA,151731.58,07,08,2025,00,00*61
$SDDBT,0.689,f,0.210,M,0.115,F*07
$SDMTW,24.7,C*05
$SDXDR,A,0.0,D,PTCH,A,0.1,D,ROLL*4A
$SDXDR,A,0.00,P,EMA*1F
#F 200000 Hz*55
$SDZDA,151732.08,07,08,2025,00,00*67
$SDDBT,0.689,f,0.210,M,0.115,F*07
$SDMTW,24.7,C*05
$SDXDR,A,0.0,D,PTCH,A,0.1,D,ROLL*4A
$SDXDR,A,0.00,P,EMA*1F
#F 200000 Hz*55
$SDZDA,151732.58,07,08,2025,00,00*62
$SDDBT,0.689,f,0.210,M,0.115,F*07
$SDMTW,24.6,C*04
$SDXDR,A,0.0,D,PTCH,A,-0.2,D,ROLL*64
$SDXDR,A,0.00,P,EMA*1F
#F 200000 Hz*55
$SDZDA,151733.08,07,08,2025,00,00*66
$SDDBT,0.689,f,0.210,M,0.115,F*07
$SDMTW,24.7,C*05
$SDXDR,A,0.0,D,PTCH,A,0.1,D,ROLL*4A
$SDXDR,A,0.00,P,EMA*1F
