#F 200000 Hz*55
$SDZDA,042333.66,08,08,2025,00,00*66
$SDDBT,0.689,f,0.210,M,0.115,F*07
$SDMTW,25.4,C*07
$SDXDR,A,0.1,D,PTCH,A,-0.4,D,ROLL*63
$SDXDR,A,0.00,P,EMA*1F
#F 200000 Hz*55
$SDZDA,042334.16,08,08,2025,00,00*66
$SDDBT,0.689,f,0.210,M,0.115,F*07
$SDMTW,25.5,C*06
$SDXDR,A,0.1,D,PTCH,A,-0.3,D,ROLL*64
$SDXDR,A,0.00,P,EMA*1F
#F 200000 Hz*55
$SDZDA,042334.66,08,08,2025,00,00*61
$SDDBT,0.689,f,0.210,M,0.115,F*07
$SDMTW,25.5,C*06
$SDXDR,A,0.1,D,PTCH,A,-0.4,D,ROLL*63
$SDXDR,A,0.00,P,EMA*1F
#F 200000 Hz*55
$SDZDA,042335.16,08,08,2025,00,00*67
$SDDBT,0.689,f,0.210,M,0.115,F*07
$SDMTW,25.5,C*06
$SDXDR,A,0.0,D,PTCH,A,-0.4,D,ROLL*62
$SDXDR,A,0.00,P,EMA*1F
#F 200000 Hz*55
$SDZDA,042335.66,08,08,2025,00,00*60
$SDDBT,0.689,f,0.210,M,0.115,F*07
$SDMTW,25.5,C*06
$SDXDR,A,0.0,D,PTCH,A,-0.4,D,ROLL*62
$SDXDR,A,0.00,P,EMA*1F
#F 200000 Hz*55
$SDZDA,042336.16,08,08,2025,00,00*64
$SDDBT,0.689,f,0.210,M,0.115,F*07
$SDMTW,25.4,C*07
$SDXDR,A,0.1,D,PTCH,A,-0.4,D,ROLL*63
$SDXDR,A,0.00,P,EMA*1F
#F 200000 Hz*55
$SDZDA,042336.66,08,08,2025,00,00*63
$SDDBT,0.689,f,0.210,M,0.115,F*07
$SDMTW,25.5,C*06
$SDXDR,A,0.1,D,PTCH,A,-0.3,D,ROLL*64
$SDXDR,A,0.00,P,EMA*1F
#F 200000 Hz*55
$SDZDA,042337.16,08,08,2025,00,00*65
$SDDBT,0.689,f,0.210,M,0.115,F*07
$SDMTW,25.5,C*06
$SDXDR,A,0.1,D,PTCH,A,-0.4,D,ROLL*63
$SDXDR,A,0.00,P,EMA*1F
#F 200000 Hz*55
$SDZDA,042337.66,08,08,2025,00,00*62
$SDDBT,0.689,f,0.210,M,0.115,F*07
$SDMTW,25.5,C*06
$SDXDR,A,0.1,D,PTCH,A,-0.4,D,ROLL*63
$SDXDR,A,0.00,P,EMA*1F
#F 200000 Hz*55
$SDZDA,042338.16,08,08,2025,00,00*6A
$SDDBT,0.689,f,0.210,M,0.115,F*07
$SDMTW,25.5,C*06
$SDXDR,A,0.1,D,PTCH,A,-0.3,D,ROLL*64
$SDXDR,A,0.00,P,EMA*1F
#F 200000 Hz*55
$SDZDA,042338.66,08,08,2025,00,00*6D
$SDDBT,0.689,f,0.210,M,0.115,F*07
$SDMTW,25.5,C*06
$SDXDR,A,0.1,D,PTCH,A,-0.4,D,ROLL*63
$SDXDR,A,0.00,P,EMA*1F
#F 200000 Hz*55
$SDZDA,042339.16,08,08,2025,00,00*6B
$SDDBT,0.689,f,0.210,M,0.115,F*07
$SDMTW,25.5,C*06
$SDXDR,A,0.1,D,PTCH,A,-0.4,D,ROLL*63
$SDXDR,A,0.00,P,EMA*1F
#F 200000 Hz*55
$SDZDA,042339.66,08,08,2025,00,00*6C
$SDDBT,0.689,f,0.210,M,0.115,F*07
$SDMTW,25.5,C*06
$SDXDR,A,0.0,D,PTCH,A,-0.4,D,ROLL*62
$SDXDR,A,0.00,P,EMA*1F
#F 200000 Hz*55
$SDZDA,042340.16,08,08,2025,00,00*65
$SDDBT,0.689,f,0.210,M,0.115,F*07
$SDMTW,25.5,C*06
$SDXDR,A,0.0,D,PTCH,A,-0.4,D,ROLL*62
$SDXDR,A,0.00,P,EMA*1F
#F 200000 Hz*55
$SDZDA,042340.66,08,08,2025,00,00*62
$SDDBT,0.689,f,0.210,M,0.115,F*07
$SDMTW,25.5,C*06
$SDXDR,A,0.0,D,PTCH,A,-0.4,D,ROLL*62
$SDXDR,A,0.00,P,EMA*1F
#F 200000 Hz*55
$SDZDA,042341.16,08,08,2025,00,00*64
$SDDBT,0.689,f,0.210,M,0.115,F*07
$SDMTW,25.5,C*06
$SDXDR,A,0.1,D,PTCH,A,-0.4,D,ROLL*63
$SDXDR,A,0.00,P,EMA*1F
#F 200000 Hz*55
$SDZDA,042341.66,08,08,2025,00,00*63
$SDDBT,0.689,f,0.210,M,0.115,F*07
$SDMTW,25.5,C*06
$SDXDR,A,0.0,D,PTCH,A,-0.4,D,ROLL*62
$SDXDR,A,0.00,P,EMA*1F
#F 200000 Hz*55
$SDZDA,042342.16,08,08,2025,00,00*67
$SDDBT,0.689,f,0.210,M,0.115,F*07
$SDMTW,25.5,C*06
$SDXDR,A,0.0,D,PTCH,A,-0.4,D,ROLL*62
$SDXDR,A,0.00,P,EMA*1F
#F 200000 Hz*55
$SDZDA,042342.66,08,08,2025,00,00*60
$SDDBT,0.689,f,0.210,M,0.115,F*07
$SDMTW,25.5,C*06
$SDXDR,A,0.0,D,PTCH,A,-0.4,D,ROLL*62
$SDXDR,A,0.00,P,EMA*1F
#F 200000 Hz*55
$SDZDA,042343.16,08,08,2025,00,00*66
$SDDBT,0.689,f,0.210,M,0.115,F*07
$SDMTW,25.5,C*06
$SDXDR,A,0.0,D,PTCH,A,-0.4,D,ROLL*62
$SDXDR,A,0.00,P,EMA*1F
#F 200000 Hz*55
$SDZDA,042343.66,08,08,2025,00,00*61
$SDDBT,0.689,f,0.210,M,0.115,F*07
$SDMTW,25.5,C*06
$SDXDR,A,0.1,D,PTCH,A,-0.4,D,ROLL*63
$SDXDR,A,0.00,P,EMA*1F
#F 200000 Hz*55
$SDZDA,042344.16,08,08,2025,00,00*61
$SDDBT,0.689,f,0.210,M,0.115,F*07
$SDMTW,25.5,C*06
$SDXDR,A,0.0,D,PTCH,A,-0.4,D,ROLL*62
$SDXDR,A,0.00,P,EMA*1F
