#F 200000 Hz*55
$SDZDA,000559.87,08,08,2025,00,00*65
$SDDBT,0.689,f,0.210,M,0.115,F*07
$SDMTW,26.5,C*05
$SDXDR,A,0.0,D,PTCH,A,-0.1,D,ROLL*67
$SDXDR,A,0.00,P,EMA*1F
#F 200000 Hz*55
$SDZDA,000600.37,08,08,2025,00,00*61
$SDDBT,0.689,f,0.210,M,0.115,F*07
$SDMTW,26.5,C*05
$SDXDR,A,0.3,D,PTCH,A,0.4,D,ROLL*4C
$SDXDR,A,0.00,P,EMA*1F
#F 200000 Hz*55
$SDZDA,000600.87,08,08,2025,00,00*6A
$SDDBT,0.689,f,0.210,M,0.115,F*07
$SDMTW,26.5,C*05
$SDXDR,A,0.3,D,PTCH,A,0.4,D,ROLL*4C
$SDXDR,A,0.00,P,EMA*1F
#F 200000 Hz*55
$SDZDA,000601.37,08,08,2025,00,00*60
$SDDBT,0.689,f,0.210,M,0.115,F*07
$SDMTW,26.5,C*05
$SDXDR,A,0.3,D,PTCH,A,0.4,D,ROLL*4C
$SDXDR,A,0.00,P,EMA*1F
#F 200000 Hz*55
$SDZDA,000601.87,08,08,2025,00,00*6B
$SDDBT,0.689,f,0.210,M,0.115,F*07
$SDMTW,26.5,C*05
$SDXDR,A,0.3,D,PTCH,A,0.4,D,ROLL*4C
$SDXDR,A,0.00,P,EMA*1F
#F 200000 Hz*55
$SDZDA,000602.37,08,08,2025,00,00*63
$SDDBT,0.689,f,0.210,M,0.115,F*07
$SDMTW,26.5,C*05
$SDXDR,A,0.0,D,PTCH,A,-0.1,D,ROLL*67
$SDXDR,A,0.00,P,EMA*1F
#F 200000 Hz*55
$SDZDA,000602.87,08,08,2025,00,00*68
$SDDBT,0.689,f,0.210,M,0.115,F*07
$SDMTW,26.5,C*05
$SDXDR,A,0.3,D,PTCH,A,0.4,D,ROLL*4C
$SDXDR,A,0.00,P,EMA*1F
#F 200000 Hz*55
$SDZDA,000603.37,08,08,2025,00,00*62
$SDDBT,0.689,f,0.210,M,0.115,F*07
$SDMTW,26.5,C*05
$SDXDR,A,0.3,D,PTCH,A,0.4,D,ROLL*4C
$SDXDR,A,0.00,P,EMA*1F
#F 200000 Hz*55
$SDZDA,000603.87,08,08,2025,00,00*69
$SDDBT,0.689,f,0.210,M,0.115,F*07
$SDMTW,26.5,C*05
$SDXDR,A,0.3,D,PTCH,A,0.4,D,ROLL*4C
$SDXDR,A,0.00,P,EMA*1F
#F 200000 Hz*55
$SDZDA,000604.37,08,08,2025,00,00*65
$SDDBT,0.689,f,0.210,M,0.115,F*07
$SDMTW,26.5,C*05
$SDXDR,A,0.3,D,PTCH,A,0.4,D,ROLL*4C
$SDXDR,A,0.00,P,EMA*1F
#F 200000 Hz*55
$SDZDA,000604.87,08,08,2025,00,00*6E
$SDDBT,0.689,f,0.210,M,0.115,F*07
$SDMTW,26.5,C*05
$SDXDR,A,0.0,D,PTCH,A,-0.1,D,ROLL*67
$SDXDR,A,0.00,P,EMA*1F
#F 200000 Hz*55
$SDZDA,000605.37,08,08,2025,00,00*64
$SDDBT,0.689,f,0.210,M,0.115,F*07
$SDMTW,26.5,C*05
$SDXDR,A,0.3,D,PTCH,A,0.4,D,ROLL*4C
$SDXDR,A,0.00,P,EMA*1F
#F 200000 Hz*55
$SDZDA,000605.87,08,08,2025,00,00*6F
$SDDBT,0.689,f,0.210,M,0.115,F*07
$SDMTW,26.5,C*05
$SDXDR,A,0.3,D,PTCH,A,0.4,D,ROLL*4C
$SDXDR,A,0.00,P,EMA*1F
#F 200000 Hz*55
$SDZDA,000606.37,08,08,2025,00,00*67
$SDDBT,0.689,f,0.210,M,0.115,F*07
$SDMTW,26.5,C*05
$SDXDR,A,0.3,D,PTCH,A,0.4,D,ROLL*4C
$SDXDR,A,0.00,P,EMA*1F
#F 200000 Hz*55
$SDZDA,000606.87,08,08,2025,00,00*6C
$SDDBT,0.689,f,0.210,M,0.115,F*07
$SDMTW,26.5,C*05
$SDXDR,A,0.3,D,PTCH,A,0.4,D,ROLL*4C
$SDXDR,A,0.00,P,EMA*1F
#F 200000 Hz*55
$SDZDA,000607.37,08,08,2025,00,00*66
$SDDBT,0.689,f,0.210,M,0.115,F*07
$SDMTW,26.5,C*05
$SDXDR,A,0.0,D,PTCH,A,0.0,D,ROLL*4B
$SDXDR,A,0.00,P,EMA*1F
#F 200000 Hz*55
$SDZDA,000607.87,08,08,2025,00,00*6D
$SDDBT,0.689,f,0.210,M,0.115,F*07
$SDMTW,26.5,C*05
$SDXDR,A,0.3,D,PTCH,A,0.4,D,ROLL*4C
$SDXDR,A,0.00,P,EMA*1F
#F 200000 Hz*55
$SDZDA,000608.37,08,08,2025,00,00*69
$SDDBT,0.689,f,0.210,M,0.115,F*07
$SDMTW,26.5,C*05
$SDXDR,A,0.3,D,PTCH,A,0.4,D,ROLL*4C
$SDXDR,A,0.00,P,EMA*1F
#F 200000 Hz*55
$SDZDA,000608.87,08,08,2025,00,00*62
$SDDBT,0.689,f,0.210,M,0.115,F*07
$SDMTW,26.5,C*05
$SDXDR,A,0.3,D,PTCH,A,0.4,D,ROLL*4C
$SDXDR,A,0.00,P,EMA*1F
#F 200000 Hz*55
$SDZDA,000609.37,08,08,2025,00,00*68
$SDDBT,0.689,f,0.210,M,0.115,F*07
$SDMTW,26.5,C*05
$SDXDR,A,0.3,D,PTCH,A,0.4,D,ROLL*4C
$SDXDR,A,0.00,P,EMA*1F
#F 200000 Hz*55
$SDZDA,000609.87,08,08,2025,00,00*63
$SDDBT,0.689,f,0.210,M,0.115,F*07
$SDMTW,26.5,C*05
$SDXDR,A,0.0,D,PTCH,A,-0.1,D,ROLL*67
$SDXDR,A,0.00,P,EMA*1F
#F 200000 Hz*55
$SDZDA,000610.37,08,08,2025,00,00*60
$SDDBT,0.689,f,0.210,M,0.115,F*07
$SDMTW,26.5,C*05
$SDXDR,A,0.3,D,PTCH,A,0.4,D,ROLL*4C
$SDXDR,A,0.00,P,EMA*1F
#F 200000 Hz*55
$SDZDA,000610.87,08,08,2025,00,00*6B
$SDDBT,0.689,f,0.210,M,0.115,F*07
$SDMTW,26.5,C*05
$SDXDR,A,0.3,D,PTCH,A,0.4,D,ROLL*4C
$SDXDR,A,0.00,P,EMA*1F
#F 200000 Hz*55
$SDZDA,000611.37,08,08,2025,00,00*61
$SDDBT,0.689,f,0.210,M,0.115,F*07
$SDMTW,26.5,C*05
$SDXDR,A,0.3,D,PTCH,A,0.4,D,ROLL*4C
$SDXDR,A,0.00,P,EMA*1F
#F 200000 Hz*55
$SDZDA,000611.87,08,08,2025,00,00*6A
$SDDBT,0.689,f,0.210,M,0.115,F*07
$SDMTW,26.4,C*04
$SDXDR,A,0.3,D,PTCH,A,0.4,D,ROLL*4C
$SDXDR,A,0.00,P,EMA*1F
#F 200000 Hz*55
$SDZDA,000612.37,08,08,2025,00,00*62
$SDDBT,0.689,f,0.210,M,0.115,F*07
$SDMTW,26.6,C*06
$SDXDR,A,0.0,D,PTCH,A,-0.1,D,ROLL*67
$SDXDR,A,0.00,P,EMA*1F
#F 200000 Hz*55
$SDZDA,000612.87,08,08,2025,00,00*69
$SDDBT,0.689,f,0.210,M,0.115,F*07
$SDMTW,26.5,C*05
$SDXDR,A,0.3,D,PTCH,A,0.4,D,ROLL*4C
$SDXDR,A,0.00,P,EMA*1F
#F 200000 Hz*55
$SDZDA,000613.37,08,08,2025,00,00*63
$SDDBT,0.689,f,0.210,M,0.115,F*07
$SDMTW,26.5,C*05
$SDXDR,A,0.3,D,PTCH,A,0.4,D,ROLL*4C
$SDXDR,A,0.00,P,EMA*1F
#F 200000 Hz*55
$SDZDA,000613.87,08,08,2025,00,00*68
$SDDBT,0.689,f,0.210,M,0.115,F*07
$SDMTW,26.5,C*05
$SDXDR,A,0.3,D,PTCH,A,0.4,D,ROLL*4C
$SDXDR,A,0.00,P,EMA*1F
#F 200000 Hz*55
$SDZDA,000614.37,08,08,2025,00,00*64
$SDDBT,0.689,f,0.210,M,0.115,F*07
$SDMTW,26.5,C*05
$SDXDR,A,0.3,D,PTCH,A,0.3,D,ROLL*4B
$SDXDR,A,0.00,P,EMA*1F
#F 200000 Hz*55
$SDZDA,000614.87,08,08,2025,00,00*6F
$SDDBT,0.689,f,0.210,M,0.115,F*07
$SDMTW,26.5,C*05
$SDXDR,A,0.1,D,PTCH,A,0.0,D,ROLL*4A
$SDXDR,A,0.00,P,EMA*1F
#F 200000 Hz*55
$SDZDA,000615.37,08,08,2025,00,00*65
$SDDBT,0.689,f,0.210,M,0.115,F*07
$SDMTW,26.5,C*05
$SDXDR,A,0.3,D,PTCH,A,0.3,D,ROLL*4B
$SDXDR,A,0.00,P,EMA*1F
#F 200000 Hz*55
$SDZDA,000615.87,08,08,2025,00,00*6E
$SDDBT,0.689,f,0.210,M,0.115,F*07
$SDMTW,26.5,C*05
$SDXDR,A,0.3,D,PTCH,A,0.3,D,ROLL*4B
$SDXDR,A,0.00,P,EMA*1F
#F 200000 Hz*55
$SDZDA,000616.37,08,08,2025,00,00*66
$SDDBT,0.689,f,0.210,M,0.115,F*07
$SDMTW,26.5,C*05
$SDXDR,A,0.3,D,PTCH,A,0.3,D,ROLL*4B
$SDXDR,A,0.00,P,EMA*1F
#F 200000 Hz*55
$SDZDA,000616.87,08,08,2025,00,00*6D
$SDDBT,0.689,f,0.210,M,0.115,F*07
$SDMTW,26.5,C*05
$SDXDR,A,0.3,D,PTCH,A,0.2,D,ROLL*4A
$SDXDR,A,0.00,P,EMA*1F
#F 200000 Hz*55
$SDZDA,000617.37,08,08,2025,00,00*67
$SDDBT,0.689,f,0.210,M,0.115,F*07
$SDMTW,26.5,C*05
$SDXDR,A,0.1,D,PTCH,A,0.1,D,ROLL*4B
$SDXDR,A,0.00,P,EMA*1F
#F 200000 Hz*55
$SDZDA,000617.87,08,08,2025,00,00*6C
$SDDBT,0.689,f,0.210,M,0.115,F*07
$SDMTW,26.5,C*05
$SDXDR,A,0.3,D,PTCH,A,0.4,D,ROLL*4C
$SDXDR,A,0.00,P,EMA*1F
#F 200000 Hz*55
$SDZDA,000618.37,08,08,2025,00,00*68
$SDDBT,0.689,f,0.210,M,0.115,F*07
$SDMTW,26.5,C*05
$SDXDR,A,0.3,D,PTCH,A,0.3,D,ROLL*4B
$SDXDR,A,0.00,P,EMA*1F
#F 200000 Hz*55
$SDZDA,000618.87,08,08,2025,00,00*63
$SDDBT,0.689,f,0.210,M,0.115,F*07
$SDMTW,26.5,C*05
$SDXDR,A,0.3,D,PTCH,A,0.3,D,ROLL*4B
$SDXDR,A,0.00,P,EMA*1F
#F 200000 Hz*55
$SDZDA,000619.37,08,08,2025,00,00*69
$SDDBT,0.689,f,0.210,M,0.115,F*07
$SDMTW,26.5,C*05
$SDXDR,A,0.2,D,PTCH,A,0.1,D,ROLL*48
$SDXDR,A,0.00,P,EMA*1F
#F 200000 Hz*55
$SDZDA,000619.87,08,08,2025,00,00*62
$SDDBT,0.689,f,0.210,M,0.115,F*07
$SDMTW,26.5,C*05
$SDXDR,A,0.2,D,PTCH,A,0.2,D,ROLL*4B
$SDXDR,A,0.00,P,EMA*1F
#F 200000 Hz*55
$SDZDA,000620.37,08,08,2025,00,00*63
$SDDBT,0.689,f,0.210,M,0.115,F*07
$SDMTW,26.5,C*05
$SDXDR,A,0.3,D,PTCH,A,0.4,D,ROLL*4C
$SDXDR,A,0.00,P,EMA*1F
#F 200000 Hz*55
$SDZDA,000620.87,08,08,2025,00,00*68
$SDDBT,0.689,f,0.210,M,0.115,F*07
$SDMTW,26.5,C*05
$SDXDR,A,0.3,D,PTCH,A,0.4,D,ROLL*4C
$SDXDR,A,0.00,P,EMA*1F
