#F 200000 Hz*55
$SDZDA,152613.75,07,08,2025,00,00*6C
$SDDBT,0.689,f,0.210,M,0.115,F*07
$SDMTW,24.8,C*0A
$SDXDR,A,-0.1,D,PTCH,A,-0.2,D,ROLL*48
$SDXDR,A,0.00,P,EMA*1F
#F 200000 Hz*55
$SDZDA,152614.25,07,08,2025,00,00*6E
$SDDBT,0.689,f,0.210,M,0.115,F*07
$SDMTW,24.8,C*0A
$SDXDR,A,-0.1,D,PTCH,A,-0.2,D,ROLL*48
$SDXDR,A,0.00,P,EMA*1F
#F 200000 Hz*55
$SDZDA,152614.75,07,08,2025,00,00*6B
$SDDBT,0.689,f,0.210,M,0.115,F*07
$SDMTW,24.8,C*0A
$SDXDR,A,-0.1,D,PTCH,A,-0.2,D,ROLL*48
$SDXDR,A,0.00,P,EMA*1F
#F 200000 Hz*55
$SDZDA,152615.25,07,08,2025,00,00*6F
$SDDBT,0.689,f,0.210,M,0.115,F*07
$SDMTW,24.8,C*0A
$SDXDR,A,-0.1,D,PTCH,A,-0.3,D,ROLL*49
$SDXDR,A,0.00,P,EMA*1F
#F 200000 Hz*55
$SDZDA,152615.75,07,08,2025,00,00*6A
$SDDBT,0.689,f,0.210,M,0.115,F*07
$SDMTW,24.8,C*0A
$SDXDR,A,-0.1,D,PTCH,A,-0.2,D,ROLL*48
$SDXDR,A,0.00,P,EMA*1F
#F 200000 Hz*55
$SDZDA,152616.25,07,08,2025,00,00*6C
$SDDBT,0.689,f,0.210,M,0.115,F*07
$SDMTW,24.8,C*0A
$SDXDR,A,-0.1,D,PTCH,A,-0.2,D,ROLL*48
$SDXDR,A,0.00,P,EMA*1F
#F 200000 Hz*55
$SDZDA,152616.75,07,08,2025,00,00*69
$SDDBT,0.689,f,0.210,M,0.115,F*07
$SDMTW,24.8,C*0A
$SDXDR,A,-0.1,D,PTCH,A,-0.2,D,ROLL*48
$SDXDR,A,0.00,P,EMA*1F
#F 200000 Hz*55
$SDZDA,152617.25,07,08,2025,00,00*6D
$SDDBT,0.689,f,0.210,M,0.115,F*07
$SDMTW,24.8,C*0A
$SDXDR,A,-0.1,D,PTCH,A,-0.2,D,ROLL*48
$SDXDR,A,0.00,P,EMA*1F
#F 200000 Hz*55
$SDZDA,152617.75,07,08,2025,00,00*68
$SDDBT,0.689,f,0.210,M,0.115,F*07
$SDMTW,24.8,C*0A
$SDXDR,A,-0.1,D,PTCH,A,-0.2,D,ROLL*48
$SDXDR,A,0.00,P,EMA*1F
#F 200000 Hz*55
$SDZDA,152618.25,07,08,2025,00,00*62
$SDDBT,0.689,f,0.210,M,0.115,F*07
$SDMTW,24.8,C*0A
$SDXDR,A,-0.1,D,PTCH,A,-0.2,D,ROLL*48
$SDXDR,A,0.00,P,EMA*1F
#F 200000 Hz*55
$SDZDA,152618.75,07,08,2025,00,00*67
$SDDBT,0.689,f,0.210,M,0.115,F*07
$SDMTW,24.8,C*0A
$SDXDR,A,0.0,D,PTCH,A,-0.2,D,ROLL*64
$SDXDR,A,0.00,P,EMA*1F
#F 200000 Hz*55
$SDZDA,152619.25,07,08,2025,00,00*63
$SDDBT,0.689,f,0.210,M,0.115,F*07
$SDMTW,24.8,C*0A
$SDXDR,A,-0.1,D,PTCH,A,-0.2,D,ROLL*48
$SDXDR,A,0.00,P,EMA*1F
#F 200000 Hz*55
$SDZDA,152619.75,07,08,2025,00,00*66
$SDDBT,0.689,f,0.210,M,0.115,F*07
$SDMTW,24.8,C*0A
$SDXDR,A,0.0,D,PTCH,A,-0.2,D,ROLL*64
$SDXDR,A,0.00,P,EMA*1F
#F 200000 Hz*55
$SDZDA,152620.25,07,08,2025,00,00*69
$SDDBT,0.689,f,0.210,M,0.115,F*07
$SDMTW,24.8,C*0A
$SDXDR,A,-0.1,D,PTCH,A,-0.2,D,ROLL*48
$SDXDR,A,0.00,P,EMA*1F
#F 200000 Hz*55
$SDZDA,152620.75,07,08,2025,00,00*6C
$SDDBT,0.689,f,0.210,M,0.115,F*07
$SDMTW,24.8,C*0A
$SDXDR,A,-0.1,D,PTCH,A,-0.2,D,ROLL*48
$SDXDR,A,0.00,P,EMA*1F
#F 200000 Hz*55
$SDZDA,152621.25,07,08,2025,00,00*68
$SDDBT,0.689,f,0.210,M,0.115,F*07
$SDMTW,24.8,C*0A
$SDXDR,A,0.0,D,PTCH,A,-0.2,D,ROLL*64
$SDXDR,A,0.00,P,EMA*1F
#F 200000 Hz*55
$SDZDA,152621.75,07,08,2025,00,00*6D
$SDDBT,0.689,f,0.210,M,0.115,F*07
$SDMTW,24.8,C*0A
$SDXDR,A,-0.1,D,PTCH,A,-0.2,D,ROLL*48
$SDXDR,A,0.00,P,EMA*1F
#F 200000 Hz*55
$SDZDA,152622.25,07,08,2025,00,00*6B
$SDDBT,0.689,f,0.210,M,0.115,F*07
$SDMTW,24.8,C*0A
$SDXDR,A,-0.1,D,PTCH,A,-0.2,D,ROLL*48
$SDXDR,A,0.00,P,EMA*1F
#F 200000 Hz*55
$SDZDA,152622.75,07,08,2025,00,00*6E
$SDDBT,0.689,f,0.210,M,0.115,F*07
$SDMTW,24.8,C*0A
$SDXDR,A,0.0,D,PTCH,A,-0.2,D,ROLL*64
$SDXDR,A,0.00,P,EMA*1F
#F 200000 Hz*55
$SDZDA,152623.25,07,08,2025,00,00*6A
$SDDBT,0.689,f,0.210,M,0.115,F*07
$SDMTW,24.8,C*0A
$SDXDR,A,-0.1,D,PTCH,A,-0.2,D,ROLL*48
$SDXDR,A,0.00,P,EMA*1F
#F 200000 Hz*55
$SDZDA,152623.75,07,08,2025,00,00*6F
$SDDBT,0.689,f,0.210,M,0.115,F*07
$SDMTW,24.8,C*0A
$SDXDR,A,0.0,D,PTCH,A,-0.2,D,ROLL*64
$SDXDR,A,0.00,P,EMA*1F
#F 200000 Hz*55
$SDZDA,152624.25,07,08,2025,00,00*6D
$SDDBT,0.689,f,0.210,M,0.115,F*07
$SDMTW,24.8,C*0A
$SDXDR,A,-0.1,D,PTCH,A,-0.2,D,ROLL*48
$SDXDR,A,0.00,P,EMA*1F
#F 200000 Hz*55
$SDZDA,152624.75,07,08,2025,00,00*68
$SDDBT,0.689,f,0.210,M,0.115,F*07
$SDMTW,24.8,C*0A
$SDXDR,A,-0.1,D,PTCH,A,-0.2,D,ROLL*48
$SDXDR,A,0.00,P,EMA*1F
#F 200000 Hz*55
$SDZDA,152625.25,07,08,2025,00,00*6C
$SDDBT,0.689,f,0.210,M,0.115,F*07
$SDMTW,24.8,C*0A
$SDXDR,A,0.0,D,PTCH,A,-0.2,D,ROLL*64
$SDXDR,A,0.00,P,EMA*1F
#F 200000 Hz*55
$SDZDA,152625.75,07,08,2025,00,00*69
$SDDBT,0.689,f,0.210,M,0.115,F*07
$SDMTW,24.8,C*0A
$SDXDR,A,-0.1,D,PTCH,A,-0.2,D,ROLL*48
$SDXDR,A,0.00,P,EMA*1F
#F 200000 Hz*55
$SDZDA,152626.25,07,08,2025,00,00*6F
$SDDBT,0.689,f,0.210,M,0.115,F*07
$SDMTW,24.8,C*0A
$SDXDR,A,0.0,D,PTCH,A,-0.2,D,ROLL*64
$SDXDR,A,0.00,P,EMA*1F
#F 200000 Hz*55
$SDZDA,152626.75,07,08,2025,00,00*6A
$SDDBT,0.689,f,0.210,M,0.115,F*07
$SDMTW,24.8,C*0A
$SDXDR,A,0.0,D,PTCH,A,-0.3,D,ROLL*65
$SDXDR,A,0.00,P,EMA*1F
#F 200000 Hz*55
$SDZDA,152627.25,07,08,2025,00,00*6E
$SDDBT,0.689,f,0.210,M,0.115,F*07
$SDMTW,24.8,C*0A
$SDXDR,A,-0.1,D,PTCH,A,-0.2,D,ROLL*48
$SDXDR,A,0.00,P,EMA*1F
#F 200000 Hz*55
$SDZDA,152627.75,07,08,2025,00,00*6B
$SDDBT,0.689,f,0.210,M,0.115,F*07
$SDMTW,24.8,C*0A
$SDXDR,A,-0.1,D,PTCH,A,-0.2,D,ROLL*48
$SDXDR,A,0.00,P,EMA*1F
#F 200000 Hz*55
$SDZDA,152628.25,07,08,2025,00,00*61
$SDDBT,0.689,f,0.210,M,0.115,F*07
$SDMTW,24.8,C*0A
$SDXDR,A,-0.1,D,PTCH,A,-0.2,D,ROLL*48
$SDXDR,A,0.00,P,EMA*1F
#F 200000 Hz*55
$SDZDA,152628.75,07,08,2025,00,00*64
$SDDBT,0.689,f,0.210,M,0.115,F*07
$SDMTW,24.8,C*0A
$SDXDR,A,0.0,D,PTCH,A,-0.2,D,ROLL*64
$SDXDR,A,0.00,P,EMA*1F
#F 200000 Hz*55
$SDZDA,152629.25,07,08,2025,00,00*60
$SDDBT,0.689,f,0.210,M,0.115,F*07
$SDMTW,24.8,C*0A
$SDXDR,A,-0.1,D,PTCH,A,-0.2,D,ROLL*48
$SDXDR,A,0.00,P,EMA*1F
#F 200000 Hz*55
$SDZDA,152629.75,07,08,2025,00,00*65
$SDDBT,0.689,f,0.210,M,0.115,F*07
$SDMTW,24.8,C*0A
$SDXDR,A,-0.1,D,PTCH,A,-0.2,D,ROLL*48
$SDXDR,A,0.00,P,EMA*1F
#F 200000 Hz*55
$SDZDA,152630.25,07,08,2025,00,00*68
$SDDBT,0.689,f,0.210,M,0.115,F*07
$SDMTW,24.8,C*0A
$SDXDR,A,-0.1,D,PTCH,A,-0.2,D,ROLL*48
$SDXDR,A,0.00,P,EMA*1F
#F 200000 Hz*55
$SDZDA,152630.75,07,08,2025,00,00*6D
$SDDBT,0.689,f,0.210,M,0.115,F*07
$SDMTW,24.8,C*0A
$SDXDR,A,-0.1,D,PTCH,A,-0.2,D,ROLL*48
$SDXDR,A,0.00,P,EMA*1F
#F 200000 Hz*55
$SDZDA,152631.25,07,08,2025,00,00*69
$SDDBT,0.689,f,0.210,M,0.115,F*07
$SDMTW,24.8,C*0A
$SDXDR,A,0.0,D,PTCH,A,-0.2,D,ROLL*64
$SDXDR,A,0.00,P,EMA*1F
#F 200000 Hz*55
$SDZDA,152631.75,07,08,2025,00,00*6C
$SDDBT,0.689,f,0.210,M,0.115,F*07
$SDMTW,24.8,C*0A
$SDXDR,A,-0.1,D,PTCH,A,-0.2,D,ROLL*48
$SDXDR,A,0.00,P,EMA*1F
#F 200000 Hz*55
$SDZDA,152632.25,07,08,2025,00,00*6A
$SDDBT,0.689,f,0.210,M,0.115,F*07
$SDMTW,24.8,C*0A
$SDXDR,A,-0.1,D,PTCH,A,-0.2,D,ROLL*48
$SDXDR,A,0.00,P,EMA*1F
#F 200000 Hz*55
$SDZDA,152632.75,07,08,2025,00,00*6F
$SDDBT,0.689,f,0.210,M,0.115,F*07
$SDMTW,24.8,C*0A
$SDXDR,A,-0.1,D,PTCH,A,-0.2,D,ROLL*48
$SDXDR,A,0.00,P,EMA*1F
#F 200000 Hz*55
$SDZDA,152633.25,07,08,2025,00,00*6B
$SDDBT,0.689,f,0.210,M,0.115,F*07
$SDMTW,24.8,C*0A
$SDXDR,A,-0.1,D,PTCH,A,-0.2,D,ROLL*48
$SDXDR,A,0.00,P,EMA*1F
#F 200000 Hz*55
$SDZDA,152633.75,07,08,2025,00,00*6E
$SDDBT,0.689,f,0.210,M,0.115,F*07
$SDMTW,24.8,C*0A
$SDXDR,A,0.0,D,PTCH,A,-0.2,D,ROLL*64
$SDXDR,A,0.00,P,EMA*1F
#F 200000 Hz*55
$SDZDA,152634.25,07,08,2025,00,00*6C
$SDDBT,0.689,f,0.210,M,0.115,F*07
$SDMTW,24.8,C*0A
$SDXDR,A,-0.1,D,PTCH,A,-0.2,D,ROLL*48
$SDXDR,A,0.00,P,EMA*1F
#F 200000 Hz*55
$SDZDA,152634.75,07,08,2025,00,00*69
$SDDBT,0.689,f,0.210,M,0.115,F*07
$SDMTW,24.8,C*0A
$SDXDR,A,-0.1,D,PTCH,A,-0.2,D,ROLL*48
$SDXDR,A,0.00,P,EMA*1F
#F 200000 Hz*55
$SDZDA,152635.25,07,08,2025,00,00*6D
$SDDBT,0.689,f,0.210,M,0.115,F*07
$SDMTW,24.8,C*0A
$SDXDR,A,-0.1,D,PTCH,A,-0.2,D,ROLL*48
$SDXDR,A,0.00,P,EMA*1F
#F 200000 Hz*55
$SDZDA,152635.75,07,08,2025,00,00*68
$SDDBT,0.689,f,0.210,M,0.115,F*07
$SDMTW,24.8,C*0A
$SDXDR,A,-0.1,D,PTCH,A,-0.2,D,ROLL*48
$SDXDR,A,0.00,P,EMA*1F
#F 200000 Hz*55
$SDZDA,152636.25,07,08,2025,00,00*6E
$SDDBT,0.689,f,0.210,M,0.115,F*07
$SDMTW,24.8,C*0A
$SDXDR,A,-0.1,D,PTCH,A,-0.2,D,ROLL*48
$SDXDR,A,0.00,P,EMA*1F
#F 200000 Hz*55
$SDZDA,152636.75,07,08,2025,00,00*6B
$SDDBT,0.689,f,0.210,M,0.115,F*07
$SDMTW,24.8,C*0A
$SDXDR,A,-0.1,D,PTCH,A,-0.2,D,ROLL*48
$SDXDR,A,0.00,P,EMA*1F
#F 200000 Hz*55
$SDZDA,152637.25,07,08,2025,00,00*6F
$SDDBT,0.689,f,0.210,M,0.115,F*07
$SDMTW,24.8,C*0A
$SDXDR,A,-0.1,D,PTCH,A,-0.2,D,ROLL*48
$SDXDR,A,0.00,P,EMA*1F
#F 200000 Hz*55
$SDZDA,152637.75,07,08,2025,00,00*6A
$SDDBT,0.689,f,0.210,M,0.115,F*07
$SDMTW,24.8,C*0A
$SDXDR,A,-0.1,D,PTCH,A,-0.2,D,ROLL*48
$SDXDR,A,0.00,P,EMA*1F
#F 200000 Hz*55
$SDZDA,152638.25,07,08,2025,00,00*60
$SDDBT,0.689,f,0.210,M,0.115,F*07
$SDMTW,24.8,C*0A
$SDXDR,A,-0.1,D,PTCH,A,-0.2,D,ROLL*48
$SDXDR,A,0.00,P,EMA*1F
#F 200000 Hz*55
$SDZDA,152638.75,07,08,2025,00,00*65
$SDDBT,0.689,f,0.210,M,0.115,F*07
$SDMTW,24.8,C*0A
$SDXDR,A,-0.1,D,PTCH,A,-0.2,D,ROLL*48
$SDXDR,A,0.00,P,EMA*1F
#F 200000 Hz*55
$SDZDA,152639.25,07,08,2025,00,00*61
$SDDBT,0.689,f,0.210,M,0.115,F*07
$SDMTW,24.8,C*0A
$SDXDR,A,-0.1,D,PTCH,A,-0.2,D,ROLL*48
$SDXDR,A,0.00,P,EMA*1F
#F 200000 Hz*55
$SDZDA,152639.75,07,08,2025,00,00*64
$SDDBT,0.689,f,0.210,M,0.115,F*07
$SDMTW,24.8,C*0A
$SDXDR,A,-0.1,D,PTCH,A,-0.2,D,ROLL*48
$SDXDR,A,0.00,P,EMA*1F
#F 200000 Hz*55
$SDZDA,152640.25,07,08,2025,00,00*6F
$SDDBT,0.689,f,0.210,M,0.115,F*07
$SDMTW,24.8,C*0A
$SDXDR,A,-0.1,D,PTCH,A,-0.2,D,ROLL*48
$SDXDR,A,0.00,P,EMA*1F
#F 200000 Hz*55
$SDZDA,152640.75,07,08,2025,00,00*6A
$SDDBT,0.689,f,0.210,M,0.115,F*07
$SDMTW,24.8,C*0A
$SDXDR,A,-0.1,D,PTCH,A,-0.2,D,ROLL*48
$SDXDR,A,0.00,P,EMA*1F
#F 200000 Hz*55
$SDZDA,152641.25,07,08,2025,00,00*6E
$SDDBT,0.689,f,0.210,M,0.115,F*07
$SDMTW,24.8,C*0A
$SDXDR,A,-0.1,D,PTCH,A,-0.2,D,ROLL*48
$SDXDR,A,0.00,P,EMA*1F
#F 200000 Hz*55
$SDZDA,152641.75,07,08,2025,00,00*6B
$SDDBT,0.689,f,0.210,M,0.115,F*07
$SDMTW,24.8,C*0A
$SDXDR,A,-0.1,D,PTCH,A,-0.2,D,ROLL*48
$SDXDR,A,0.00,P,EMA*1F
#F 200000 Hz*55
$SDZDA,152642.25,07,08,2025,00,00*6D
$SDDBT,0.689,f,0.210,M,0.115,F*07
$SDMTW,24.8,C*0A
$SDXDR,A,-0.1,D,PTCH,A,-0.2,D,ROLL*48
$SDXDR,A,0.00,P,EMA*1F
#F 200000 Hz*55
$SDZDA,152642.75,07,08,2025,00,00*68
$SDDBT,0.689,f,0.210,M,0.115,F*07
$SDMTW,24.8,C*0A
$SDXDR,A,-0.1,D,PTCH,A,-0.2,D,ROLL*48
$SDXDR,A,0.00,P,EMA*1F
#F 200000 Hz*55
$SDZDA,152643.25,07,08,2025,00,00*6C
$SDDBT,0.689,f,0.210,M,0.115,F*07
$SDMTW,24.8,C*0A
$SDXDR,A,-0.1,D,PTCH,A,-0.2,D,ROLL*48
$SDXDR,A,0.00,P,EMA*1F
#F 200000 Hz*55
$SDZDA,152643.75,07,08,2025,00,00*69
$SDDBT,0.689,f,0.210,M,0.115,F*07
$SDMTW,24.8,C*0A
$SDXDR,A,-0.1,D,PTCH,A,-0.2,D,ROLL*48
$SDXDR,A,0.00,P,EMA*1F
#F 200000 Hz*55
$SDZDA,152644.25,07,08,2025,00,00*6B
$SDDBT,0.689,f,0.210,M,0.115,F*07
$SDMTW,24.8,C*0A
$SDXDR,A,-0.1,D,PTCH,A,-0.2,D,ROLL*48
$SDXDR,A,0.00,P,EMA*1F
#F 200000 Hz*55
$SDZDA,152644.75,07,08,2025,00,00*6E
$SDDBT,0.689,f,0.210,M,0.115,F*07
$SDMTW,24.8,C*0A
$SDXDR,A,-0.1,D,PTCH,A,-0.2,D,ROLL*48
$SDXDR,A,0.00,P,EMA*1F
#F 200000 Hz*55
$SDZDA,152645.25,07,08,2025,00,00*6A
$SDDBT,0.689,f,0.210,M,0.115,F*07
$SDMTW,24.8,C*0A
$SDXDR,A,-0.1,D,PTCH,A,-0.2,D,ROLL*48
$SDXDR,A,0.00,P,EMA*1F
#F 200000 Hz*55
$SDZDA,152645.75,07,08,2025,00,00*6F
$SDDBT,0.689,f,0.210,M,0.115,F*07
$SDMTW,24.8,C*0A
$SDXDR,A,-0.1,D,PTCH,A,-0.2,D,ROLL*48
$SDXDR,A,0.00,P,EMA*1F
#F 200000 Hz*55
$SDZDA,152646.25,07,08,2025,00,00*69
$SDDBT,0.689,f,0.210,M,0.115,F*07
$SDMTW,24.8,C*0A
$SDXDR,A,0.0,D,PTCH,A,-0.2,D,ROLL*64
$SDXDR,A,0.00,P,EMA*1F
#F 200000 Hz*55
$SDZDA,152646.75,07,08,2025,00,00*6C
$SDDBT,0.689,f,0.210,M,0.115,F*07
$SDMTW,24.8,C*0A
$SDXDR,A,-0.1,D,PTCH,A,-0.2,D,ROLL*48
$SDXDR,A,0.00,P,EMA*1F
#F 200000 Hz*55
$SDZDA,152647.25,07,08,2025,00,00*68
$SDDBT,0.689,f,0.210,M,0.115,F*07
$SDMTW,24.8,C*0A
$SDXDR,A,-0.1,D,PTCH,A,-0.2,D,ROLL*48
$SDXDR,A,0.00,P,EMA*1F
#F 200000 Hz*55
$SDZDA,152647.75,07,08,2025,00,00*6D
$SDDBT,0.689,f,0.210,M,0.115,F*07
$SDMTW,24.8,C*0A
$SDXDR,A,-0.1,D,PTCH,A,-0.2,D,ROLL*48
$SDXDR,A,0.00,P,EMA*1F
#F 200000 Hz*55
$SDZDA,152648.25,07,08,2025,00,00*67
$SDDBT,0.689,f,0.210,M,0.115,F*07
$SDMTW,24.8,C*0A
$SDXDR,A,-0.1,D,PTCH,A,-0.2,D,ROLL*48
$SDXDR,A,0.00,P,EMA*1F
#F 200000 Hz*55
$SDZDA,152648.75,07,08,2025,00,00*62
$SDDBT,0.689,f,0.210,M,0.115,F*07
$SDMTW,24.8,C*0A
$SDXDR,A,-0.1,D,PTCH,A,-0.2,D,ROLL*48
$SDXDR,A,0.00,P,EMA*1F
#F 200000 Hz*55
$SDZDA,152649.25,07,08,2025,00,00*66
$SDDBT,0.689,f,0.210,M,0.115,F*07
$SDMTW,24.8,C*0A
$SDXDR,A,-0.1,D,PTCH,A,-0.2,D,ROLL*48
$SDXDR,A,0.00,P,EMA*1F
#F 200000 Hz*55
$SDZDA,152649.75,07,08,2025,00,00*63
$SDDBT,0.689,f,0.210,M,0.115,F*07
$SDMTW,24.8,C*0A
$SDXDR,A,-0.1,D,PTCH,A,-0.2,D,ROLL*48
$SDXDR,A,0.00,P,EMA*1F
#F 200000 Hz*55
$SDZDA,152650.25,07,08,2025,00,00*6E
$SDDBT,0.689,f,0.210,M,0.115,F*07
$SDMTW,24.8,C*0A
$SDXDR,A,-0.1,D,PTCH,A,-0.2,D,ROLL*48
$SDXDR,A,0.00,P,EMA*1F
#F 200000 Hz*55
$SDZDA,152650.75,07,08,2025,00,00*6B
$SDDBT,0.689,f,0.210,M,0.115,F*07
$SDMTW,24.8,C*0A
$SDXDR,A,-0.1,D,PTCH,A,-0.2,D,ROLL*48
$SDXDR,A,0.00,P,EMA*1F
#F 200000 Hz*55
$SDZDA,152651.25,07,08,2025,00,00*6F
$SDDBT,0.689,f,0.210,M,0.115,F*07
$SDMTW,24.8,C*0A
$SDXDR,A,0.0,D,PTCH,A,-0.2,D,ROLL*64
$SDXDR,A,0.00,P,EMA*1F
#F 200000 Hz*55
$SDZDA,152651.75,07,08,2025,00,00*6A
$SDDBT,0.689,f,0.210,M,0.115,F*07
$SDMTW,24.8,C*0A
$SDXDR,A,0.0,D,PTCH,A,-0.1,D,ROLL*67
$SDXDR,A,0.00,P,EMA*1F
#F 200000 Hz*55
$SDZDA,152652.25,07,08,2025,00,00*6C
$SDDBT,0.689,f,0.210,M,0.115,F*07
$SDMTW,24.8,C*0A
$SDXDR,A,-0.1,D,PTCH,A,-0.2,D,ROLL*48
$SDXDR,A,0.00,P,EMA*1F
#F 200000 Hz*55
$SDZDA,152652.75,07,08,2025,00,00*69
$SDDBT,0.689,f,0.210,M,0.115,F*07
$SDMTW,24.8,C*0A
$SDXDR,A,-0.1,D,PTCH,A,-0.2,D,ROLL*48
$SDXDR,A,0.00,P,EMA*1F
#F 200000 Hz*55
$SDZDA,152653.25,07,08,2025,00,00*6D
$SDDBT,0.689,f,0.210,M,0.115,F*07
$SDMTW,24.8,C*0A
$SDXDR,A,-0.1,D,PTCH,A,-0.3,D,ROLL*49
$SDXDR,A,0.00,P,EMA*1F
#F 200000 Hz*55
$SDZDA,152653.75,07,08,2025,00,00*68
$SDDBT,0.689,f,0.210,M,0.115,F*07
$SDMTW,24.8,C*0A
$SDXDR,A,-0.1,D,PTCH,A,-0.2,D,ROLL*48
$SDXDR,A,0.00,P,EMA*1F
#F 200000 Hz*55
$SDZDA,152654.25,07,08,2025,00,00*6A
$SDDBT,0.689,f,0.210,M,0.115,F*07
$SDMTW,24.8,C*0A
$SDXDR,A,-0.1,D,PTCH,A,-0.2,D,ROLL*48
$SDXDR,A,0.00,P,EMA*1F
#F 200000 Hz*55
$SDZDA,152654.75,07,08,2025,00,00*6F
$SDDBT,0.689,f,0.210,M,0.115,F*07
$SDMTW,24.8,C*0A
$SDXDR,A,-0.1,D,PTCH,A,-0.2,D,ROLL*48
$SDXDR,A,0.00,P,EMA*1F
#F 200000 Hz*55
$SDZDA,152655.25,07,08,2025,00,00*6B
$SDDBT,0.689,f,0.210,M,0.115,F*07
$SDMTW,24.8,C*0A
$SDXDR,A,-0.1,D,PTCH,A,-0.2,D,ROLL*48
$SDXDR,A,0.00,P,EMA*1F
#F 200000 Hz*55
$SDZDA,152655.75,07,08,2025,00,00*6E
$SDDBT,0.689,f,0.210,M,0.115,F*07
$SDMTW,24.8,C*0A
$SDXDR,A,-0.1,D,PTCH,A,-0.2,D,ROLL*48
$SDXDR,A,0.00,P,EMA*1F
#F 200000 Hz*55
$SDZDA,152656.25,07,08,2025,00,00*68
$SDDBT,0.689,f,0.210,M,0.115,F*07
$SDMTW,24.8,C*0A
$SDXDR,A,0.0,D,PTCH,A,-0.2,D,ROLL*64
$SDXDR,A,0.00,P,EMA*1F
#F 200000 Hz*55
$SDZDA,152656.75,07,08,2025,00,00*6D
$SDDBT,0.689,f,0.210,M,0.115,F*07
$SDMTW,24.8,C*0A
$SDXDR,A,-0.1,D,PTCH,A,-0.2,D,ROLL*48
$SDXDR,A,0.00,P,EMA*1F
#F 200000 Hz*55
$SDZDA,152657.25,07,08,2025,00,00*69
$SDDBT,0.689,f,0.210,M,0.115,F*07
$SDMTW,24.8,C*0A
$SDXDR,A,0.0,D,PTCH,A,-0.2,D,ROLL*64
$SDXDR,A,0.00,P,EMA*1F
#F 200000 Hz*55
$SDZDA,152657.75,07,08,2025,00,00*6C
$SDDBT,0.689,f,0.210,M,0.115,F*07
$SDMTW,24.8,C*0A
$SDXDR,A,0.0,D,PTCH,A,-0.2,D,ROLL*64
$SDXDR,A,0.00,P,EMA*1F
#F 200000 Hz*55
$SDZDA,152658.25,07,08,2025,00,00*66
$SDDBT,0.689,f,0.210,M,0.115,F*07
$SDMTW,24.8,C*0A
$SDXDR,A,-0.1,D,PTCH,A,-0.2,D,ROLL*48
$SDXDR,A,0.00,P,EMA*1F
#F 200000 Hz*55
$SDZDA,152658.75,07,08,2025,00,00*63
$SDDBT,0.689,f,0.210,M,0.115,F*07
$SDMTW,24.8,C*0A
$SDXDR,A,-0.1,D,PTCH,A,-0.2,D,ROLL*48
$SDXDR,A,0.00,P,EMA*1F
#F 200000 Hz*55
$SDZDA,152659.25,07,08,2025,00,00*67
$SDDBT,0.689,f,0.210,M,0.115,F*07
$SDMTW,24.8,C*0A
$SDXDR,A,-0.1,D,PTCH,A,-0.2,D,ROLL*48
$SDXDR,A,0.00,P,EMA*1F
#F 200000 Hz*55
$SDZDA,152659.75,07,08,2025,00,00*62
$SDDBT,0.689,f,0.210,M,0.115,F*07
$SDMTW,24.8,C*0A
$SDXDR,A,-0.1,D,PTCH,A,-0.2,D,ROLL*48
$SDXDR,A,0.00,P,EMA*1F
#F 200000 Hz*55
$SDZDA,152700.25,07,08,2025,00,00*6A
$SDDBT,0.689,f,0.210,M,0.115,F*07
$SDMTW,24.8,C*0A
$SDXDR,A,-0.1,D,PTCH,A,-0.2,D,ROLL*48
$SDXDR,A,0.00,P,EMA*1F
#F 200000 Hz*55
$SDZDA,152700.75,07,08,2025,00,00*6F
$SDDBT,0.689,f,0.210,M,0.115,F*07
$SDMTW,24.8,C*0A
$SDXDR,A,0.0,D,PTCH,A,-0.2,D,ROLL*64
$SDXDR,A,0.00,P,EMA*1F
#F 200000 Hz*55
$SDZDA,152701.25,07,08,2025,00,00*6B
$SDDBT,0.689,f,0.210,M,0.115,F*07
$SDMTW,24.8,C*0A
$SDXDR,A,-0.1,D,PTCH,A,-0.2,D,ROLL*48
$SDXDR,A,0.00,P,EMA*1F
#F 200000 Hz*55
$SDZDA,152701.75,07,08,2025,00,00*6E
$SDDBT,0.689,f,0.210,M,0.115,F*07
$SDMTW,24.8,C*0A
$SDXDR,A,-0.1,D,PTCH,A,-0.2,D,ROLL*48
$SDXDR,A,0.00,P,EMA*1F
#F 200000 Hz*55
$SDZDA,152702.25,07,08,2025,00,00*68
$SDDBT,0.689,f,0.210,M,0.115,F*07
$SDMTW,24.8,C*0A
$SDXDR,A,0.0,D,PTCH,A,-0.2,D,ROLL*64
$SDXDR,A,0.00,P,EMA*1F
#F 200000 Hz*55
$SDZDA,152702.75,07,08,2025,00,00*6D
$SDDBT,0.689,f,0.210,M,0.115,F*07
$SDMTW,24.8,C*0A
$SDXDR,A,-0.1,D,PTCH,A,-0.2,D,ROLL*48
$SDXDR,A,0.00,P,EMA*1F
#F 200000 Hz*55
$SDZDA,152703.25,07,08,2025,00,00*69
$SDDBT,0.689,f,0.210,M,0.115,F*07
$SDMTW,24.7,C*05
$SDXDR,A,0.0,D,PTCH,A,-0.2,D,ROLL*64
$SDXDR,A,0.00,P,EMA*1F
#F 200000 Hz*55
$SDZDA,152703.75,07,08,2025,00,00*6C
$SDDBT,0.689,f,0.210,M,0.115,F*07
$SDMTW,24.9,C*0B
$SDXDR,A,-0.1,D,PTCH,A,-0.2,D,ROLL*48
$SDXDR,A,0.00,P,EMA*1F
#F 200000 Hz*55
$SDZDA,152704.25,07,08,2025,00,00*6E
$SDDBT,0.689,f,0.210,M,0.115,F*07
$SDMTW,24.8,C*0A
$SDXDR,A,0.0,D,PTCH,A,-0.2,D,ROLL*64
$SDXDR,A,0.00,P,EMA*1F
#F 200000 Hz*55
$SDZDA,152704.75,07,08,2025,00,00*6B
$SDDBT,0.689,f,0.210,M,0.115,F*07
$SDMTW,24.8,C*0A
$SDXDR,A,-0.1,D,PTCH,A,-0.2,D,ROLL*48
$SDXDR,A,0.00,P,EMA*1F
#F 200000 Hz*55
$SDZDA,152705.25,07,08,2025,00,00*6F
$SDDBT,0.689,f,0.210,M,0.115,F*07
$SDMTW,24.8,C*0A
$SDXDR,A,-0.1,D,PTCH,A,-0.2,D,ROLL*48
$SDXDR,A,0.00,P,EMA*1F
#F 200000 Hz*55
$SDZDA,152705.75,07,08,2025,00,00*6A
$SDDBT,0.689,f,0.210,M,0.115,F*07
$SDMTW,24.7,C*05
$SDXDR,A,-0.1,D,PTCH,A,-0.2,D,ROLL*48
$SDXDR,A,0.00,P,EMA*1F
#F 200000 Hz*55
$SDZDA,152706.25,07,08,2025,00,00*6C
$SDDBT,0.689,f,0.210,M,0.115,F*07
$SDMTW,24.9,C*0B
$SDXDR,A,-0.1,D,PTCH,A,-0.2,D,ROLL*48
$SDXDR,A,0.00,P,EMA*1F
#F 200000 Hz*55
$SDZDA,152706.75,07,08,2025,00,00*69
$SDDBT,0.689,f,0.210,M,0.115,F*07
$SDMTW,24.8,C*0A
$SDXDR,A,-0.1,D,PTCH,A,-0.2,D,ROLL*48
$SDXDR,A,0.00,P,EMA*1F
#F 200000 Hz*55
$SDZDA,152707.25,07,08,2025,00,00*6D
$SDDBT,0.689,f,0.210,M,0.115,F*07
$SDMTW,24.8,C*0A
$SDXDR,A,-0.1,D,PTCH,A,-0.2,D,ROLL*48
$SDXDR,A,0.00,P,EMA*1F
#F 200000 Hz*55
$SDZDA,152707.75,07,08,2025,00,00*68
$SDDBT,0.689,f,0.210,M,0.115,F*07
$SDMTW,24.8,C*0A
$SDXDR,A,-0.1,D,PTCH,A,-0.2,D,ROLL*48
$SDXDR,A,0.00,P,EMA*1F
#F 200000 Hz*55
$SDZDA,152708.25,07,08,2025,00,00*62
$SDDBT,0.689,f,0.210,M,0.115,F*07
$SDMTW,24.7,C*05
$SDXDR,A,-0.1,D,PTCH,A,-0.2,D,ROLL*48
$SDXDR,A,0.00,P,EMA*1F
#F 200000 Hz*55
$SDZDA,152708.75,07,08,2025,00,00*67
$SDDBT,0.689,f,0.210,M,0.115,F*07
$SDMTW,24.8,C*0A
$SDXDR,A,-0.1,D,PTCH,A,-0.2,D,ROLL*48
$SDXDR,A,0.00,P,EMA*1F
#F 200000 Hz*55
$SDZDA,152709.25,07,08,2025,00,00*63
$SDDBT,0.689,f,0.210,M,0.115,F*07
$SDMTW,24.8,C*0A
$SDXDR,A,-0.1,D,PTCH,A,-0.2,D,ROLL*48
$SDXDR,A,0.00,P,EMA*1F
#F 200000 Hz*55
$SDZDA,152709.75,07,08,2025,00,00*66
$SDDBT,0.689,f,0.210,M,0.115,F*07
$SDMTW,24.8,C*0A
$SDXDR,A,-0.1,D,PTCH,A,-0.2,D,ROLL*48
$SDXDR,A,0.00,P,EMA*1F
#F 200000 Hz*55
$SDZDA,152710.25,07,08,2025,00,00*6B
$SDDBT,0.689,f,0.210,M,0.115,F*07
$SDMTW,24.8,C*0A
$SDXDR,A,-0.1,D,PTCH,A,-0.2,D,ROLL*48
$SDXDR,A,0.00,P,EMA*1F
#F 200000 Hz*55
$SDZDA,152710.75,07,08,2025,00,00*6E
$SDDBT,0.689,f,0.210,M,0.115,F*07
$SDMTW,24.8,C*0A
$SDXDR,A,-0.1,D,PTCH,A,-0.2,D,ROLL*48
$SDXDR,A,0.00,P,EMA*1F
#F 200000 Hz*55
$SDZDA,152711.25,07,08,2025,00,00*6A
$SDDBT,0.689,f,0.210,M,0.115,F*07
$SDMTW,24.8,C*0A
$SDXDR,A,-0.1,D,PTCH,A,-0.2,D,ROLL*48
$SDXDR,A,0.00,P,EMA*1F
#F 200000 Hz*55
$SDZDA,152711.75,07,08,2025,00,00*6F
$SDDBT,0.689,f,0.210,M,0.115,F*07
$SDMTW,24.8,C*0A
$SDXDR,A,-0.1,D,PTCH,A,-0.2,D,ROLL*48
$SDXDR,A,0.00,P,EMA*1F
#F 200000 Hz*55
$SDZDA,152712.25,07,08,2025,00,00*69
$SDDBT,0.689,f,0.210,M,0.115,F*07
$SDMTW,24.8,C*0A
$SDXDR,A,-0.1,D,PTCH,A,-0.2,D,ROLL*48
$SDXDR,A,0.00,P,EMA*1F
#F 200000 Hz*55
$SDZDA,152712.75,07,08,2025,00,00*6C
$SDDBT,0.689,f,0.210,M,0.115,F*07
$SDMTW,24.8,C*0A
$SDXDR,A,-0.1,D,PTCH,A,-0.2,D,ROLL*48
$SDXDR,A,0.00,P,EMA*1F
#F 200000 Hz*55
$SDZDA,152713.25,07,08,2025,00,00*68
$SDDBT,0.689,f,0.210,M,0.115,F*07
$SDMTW,24.8,C*0A
$SDXDR,A,-0.1,D,PTCH,A,-0.2,D,ROLL*48
$SDXDR,A,0.00,P,EMA*1F
#F 200000 Hz*55
$SDZDA,152713.75,07,08,2025,00,00*6D
$SDDBT,0.689,f,0.210,M,0.115,F*07
$SDMTW,24.8,C*0A
$SDXDR,A,0.0,D,PTCH,A,-0.2,D,ROLL*64
$SDXDR,A,0.00,P,EMA*1F
#F 200000 Hz*55
$SDZDA,152714.25,07,08,2025,00,00*6F
$SDDBT,0.689,f,0.210,M,0.115,F*07
$SDMTW,24.8,C*0A
$SDXDR,A,-0.1,D,PTCH,A,-0.2,D,ROLL*48
$SDXDR,A,0.00,P,EMA*1F
#F 200000 Hz*55
$SDZDA,152714.75,07,08,2025,00,00*6A
$SDDBT,0.689,f,0.210,M,0.115,F*07
$SDMTW,24.8,C*0A
$SDXDR,A,-0.1,D,PTCH,A,-0.2,D,ROLL*48
$SDXDR,A,0.00,P,EMA*1F
#F 200000 Hz*55
$SDZDA,152715.25,07,08,2025,00,00*6E
$SDDBT,0.689,f,0.210,M,0.115,F*07
$SDMTW,24.8,C*0A
$SDXDR,A,-0.1,D,PTCH,A,-0.2,D,ROLL*48
$SDXDR,A,0.00,P,EMA*1F
#F 200000 Hz*55
$SDZDA,152715.75,07,08,2025,00,00*6B
$SDDBT,0.689,f,0.210,M,0.115,F*07
$SDMTW,24.8,C*0A
$SDXDR,A,-0.1,D,PTCH,A,-0.2,D,ROLL*48
$SDXDR,A,0.00,P,EMA*1F
#F 200000 Hz*55
$SDZDA,152716.25,07,08,2025,00,00*6D
$SDDBT,0.689,f,0.210,M,0.115,F*07
$SDMTW,24.8,C*0A
$SDXDR,A,-0.1,D,PTCH,A,-0.1,D,ROLL*4B
$SDXDR,A,0.00,P,EMA*1F
#F 200000 Hz*55
$SDZDA,152716.75,07,08,2025,00,00*68
$SDDBT,0.689,f,0.210,M,0.115,F*07
$SDMTW,24.8,C*0A
$SDXDR,A,-0.1,D,PTCH,A,-0.2,D,ROLL*48
$SDXDR,A,0.00,P,EMA*1F
#F 200000 Hz*55
$SDZDA,152717.25,07,08,2025,00,00*6C
$SDDBT,0.689,f,0.210,M,0.115,F*07
$SDMTW,24.8,C*0A
$SDXDR,A,-0.1,D,PTCH,A,-0.2,D,ROLL*48
$SDXDR,A,0.00,P,EMA*1F
#F 200000 Hz*55
$SDZDA,152717.75,07,08,2025,00,00*69
$SDDBT,0.689,f,0.210,M,0.115,F*07
$SDMTW,24.8,C*0A
$SDXDR,A,-0.1,D,PTCH,A,-0.2,D,ROLL*48
$SDXDR,A,0.00,P,EMA*1F
#F 200000 Hz*55
$SDZDA,152718.25,07,08,2025,00,00*63
$SDDBT,0.689,f,0.210,M,0.115,F*07
$SDMTW,24.8,C*0A
$SDXDR,A,-0.1,D,PTCH,A,-0.2,D,ROLL*48
$SDXDR,A,0.00,P,EMA*1F
#F 200000 Hz*55
$SDZDA,152718.75,07,08,2025,00,00*66
$SDDBT,0.689,f,0.210,M,0.115,F*07
$SDMTW,24.8,C*0A
$SDXDR,A,-0.1,D,PTCH,A,-0.2,D,ROLL*48
$SDXDR,A,0.00,P,EMA*1F
#F 200000 Hz*55
$SDZDA,152719.25,07,08,2025,00,00*62
$SDDBT,0.689,f,0.210,M,0.115,F*07
$SDMTW,24.8,C*0A
$SDXDR,A,-0.1,D,PTCH,A,-0.2,D,ROLL*48
$SDXDR,A,0.00,P,EMA*1F
#F 200000 Hz*55
$SDZDA,152719.75,07,08,2025,00,00*67
$SDDBT,0.689,f,0.210,M,0.115,F*07
$SDMTW,24.8,C*0A
$SDXDR,A,-0.1,D,PTCH,A,-0.2,D,ROLL*48
$SDXDR,A,0.00,P,EMA*1F
#F 200000 Hz*55
$SDZDA,152720.25,07,08,2025,00,00*68
$SDDBT,0.689,f,0.210,M,0.115,F*07
$SDMTW,24.8,C*0A
$SDXDR,A,-0.1,D,PTCH,A,-0.2,D,ROLL*48
$SDXDR,A,0.00,P,EMA*1F
#F 200000 Hz*55
$SDZDA,152720.75,07,08,2025,00,00*6D
$SDDBT,0.689,f,0.210,M,0.115,F*07
$SDMTW,24.8,C*0A
$SDXDR,A,-0.1,D,PTCH,A,-0.2,D,ROLL*48
$SDXDR,A,0.00,P,EMA*1F
#F 200000 Hz*55
$SDZDA,152721.25,07,08,2025,00,00*69
$SDDBT,0.689,f,0.210,M,0.115,F*07
$SDMTW,24.8,C*0A
$SDXDR,A,-0.1,D,PTCH,A,-0.2,D,ROLL*48
$SDXDR,A,0.00,P,EMA*1F
#F 200000 Hz*55
$SDZDA,152721.75,07,08,2025,00,00*6C
$SDDBT,0.689,f,0.210,M,0.115,F*07
$SDMTW,24.8,C*0A
$SDXDR,A,-0.1,D,PTCH,A,-0.2,D,ROLL*48
$SDXDR,A,0.00,P,EMA*1F
#F 200000 Hz*55
$SDZDA,152722.25,07,08,2025,00,00*6A
$SDDBT,0.689,f,0.210,M,0.115,F*07
$SDMTW,24.8,C*0A
$SDXDR,A,-0.1,D,PTCH,A,-0.2,D,ROLL*48
$SDXDR,A,0.00,P,EMA*1F
#F 200000 Hz*55
$SDZDA,152722.75,07,08,2025,00,00*6F
$SDDBT,0.689,f,0.210,M,0.115,F*07
$SDMTW,24.8,C*0A
$SDXDR,A,-0.1,D,PTCH,A,-0.2,D,ROLL*48
$SDXDR,A,0.00,P,EMA*1F
#F 200000 Hz*55
$SDZDA,152723.25,07,08,2025,00,00*6B
$SDDBT,0.689,f,0.210,M,0.115,F*07
$SDMTW,24.8,C*0A
$SDXDR,A,-0.1,D,PTCH,A,-0.2,D,ROLL*48
$SDXDR,A,0.00,P,EMA*1F
#F 200000 Hz*55
$SDZDA,152723.75,07,08,2025,00,00*6E
$SDDBT,0.689,f,0.210,M,0.115,F*07
$SDMTW,24.8,C*0A
$SDXDR,A,-0.1,D,PTCH,A,-0.2,D,ROLL*48
$SDXDR,A,0.00,P,EMA*1F
#F 200000 Hz*55
$SDZDA,152724.25,07,08,2025,00,00*6C
$SDDBT,0.689,f,0.210,M,0.115,F*07
$SDMTW,24.8,C*0A
$SDXDR,A,-0.1,D,PTCH,A,-0.2,D,ROLL*48
$SDXDR,A,0.00,P,EMA*1F
#F 200000 Hz*55
$SDZDA,152724.75,07,08,2025,00,00*69
$SDDBT,0.689,f,0.210,M,0.115,F*07
$SDMTW,24.8,C*0A
$SDXDR,A,-0.1,D,PTCH,A,-0.2,D,ROLL*48
$SDXDR,A,0.00,P,EMA*1F
#F 200000 Hz*55
$SDZDA,152725.25,07,08,2025,00,00*6D
$SDDBT,0.689,f,0.210,M,0.115,F*07
$SDMTW,24.8,C*0A
$SDXDR,A,-0.1,D,PTCH,A,-0.2,D,ROLL*48
$SDXDR,A,0.00,P,EMA*1F
#F 200000 Hz*55
$SDZDA,152725.75,07,08,2025,00,00*68
$SDDBT,0.689,f,0.210,M,0.115,F*07
$SDMTW,24.8,C*0A
$SDXDR,A,-0.1,D,PTCH,A,-0.2,D,ROLL*48
$SDXDR,A,0.00,P,EMA*1F
#F 200000 Hz*55
$SDZDA,152726.25,07,08,2025,00,00*6E
$SDDBT,0.689,f,0.210,M,0.115,F*07
$SDMTW,24.8,C*0A
$SDXDR,A,-0.1,D,PTCH,A,-0.2,D,ROLL*48
$SDXDR,A,0.00,P,EMA*1F
#F 200000 Hz*55
$SDZDA,152726.75,07,08,2025,00,00*6B
$SDDBT,0.689,f,0.210,M,0.115,F*07
$SDMTW,24.8,C*0A
$SDXDR,A,-0.1,D,PTCH,A,-0.2,D,ROLL*48
$SDXDR,A,0.00,P,EMA*1F
#F 200000 Hz*55
$SDZDA,152727.25,07,08,2025,00,00*6F
$SDDBT,0.689,f,0.210,M,0.115,F*07
$SDMTW,24.8,C*0A
$SDXDR,A,-0.1,D,PTCH,A,-0.2,D,ROLL*48
$SDXDR,A,0.00,P,EMA*1F
#F 200000 Hz*55
$SDZDA,152727.75,07,08,2025,00,00*6A
$SDDBT,0.689,f,0.210,M,0.115,F*07
$SDMTW,24.8,C*0A
$SDXDR,A,-0.1,D,PTCH,A,-0.2,D,ROLL*48
$SDXDR,A,0.00,P,EMA*1F
#F 200000 Hz*55
$SDZDA,152728.25,07,08,2025,00,00*60
$SDDBT,0.689,f,0.210,M,0.115,F*07
$SDMTW,24.8,C*0A
$SDXDR,A,-0.1,D,PTCH,A,-0.2,D,ROLL*48
$SDXDR,A,0.00,P,EMA*1F
#F 200000 Hz*55
$SDZDA,152728.75,07,08,2025,00,00*65
$SDDBT,0.689,f,0.210,M,0.115,F*07
$SDMTW,24.8,C*0A
$SDXDR,A,0.0,D,PTCH,A,-0.2,D,ROLL*64
$SDXDR,A,0.00,P,EMA*1F
#F 200000 Hz*55
$SDZDA,152729.25,07,08,2025,00,00*61
$SDDBT,0.689,f,0.210,M,0.115,F*07
$SDMTW,24.8,C*0A
$SDXDR,A,-0.1,D,PTCH,A,-0.2,D,ROLL*48
$SDXDR,A,0.00,P,EMA*1F
#F 200000 Hz*55
$SDZDA,152729.75,07,08,2025,00,00*64
$SDDBT,0.689,f,0.210,M,0.115,F*07
$SDMTW,24.8,C*0A
$SDXDR,A,-0.1,D,PTCH,A,-0.2,D,ROLL*48
$SDXDR,A,0.00,P,EMA*1F
#F 200000 Hz*55
$SDZDA,152730.25,07,08,2025,00,00*69
$SDDBT,0.689,f,0.210,M,0.115,F*07
$SDMTW,24.8,C*0A
$SDXDR,A,-0.1,D,PTCH,A,-0.2,D,ROLL*48
$SDXDR,A,0.00,P,EMA*1F
#F 200000 Hz*55
$SDZDA,152730.75,07,08,2025,00,00*6C
$SDDBT,0.689,f,0.210,M,0.115,F*07
$SDMTW,24.8,C*0A
$SDXDR,A,-0.1,D,PTCH,A,-0.2,D,ROLL*48
$SDXDR,A,0.00,P,EMA*1F
#F 200000 Hz*55
$SDZDA,152731.25,07,08,2025,00,00*68
$SDDBT,0.689,f,0.210,M,0.115,F*07
$SDMTW,24.8,C*0A
$SDXDR,A,-0.1,D,PTCH,A,-0.2,D,ROLL*48
$SDXDR,A,0.00,P,EMA*1F
#F 200000 Hz*55
$SDZDA,152731.75,07,08,2025,00,00*6D
$SDDBT,0.689,f,0.210,M,0.115,F*07
$SDMTW,24.8,C*0A
$SDXDR,A,-0.1,D,PTCH,A,-0.2,D,ROLL*48
$SDXDR,A,0.00,P,EMA*1F
#F 200000 Hz*55
$SDZDA,152732.25,07,08,2025,00,00*6B
$SDDBT,0.689,f,0.210,M,0.115,F*07
$SDMTW,24.8,C*0A
$SDXDR,A,-0.1,D,PTCH,A,-0.2,D,ROLL*48
$SDXDR,A,0.00,P,EMA*1F
#F 200000 Hz*55
$SDZDA,152732.75,07,08,2025,00,00*6E
$SDDBT,0.689,f,0.210,M,0.115,F*07
$SDMTW,24.8,C*0A
$SDXDR,A,-0.1,D,PTCH,A,-0.2,D,ROLL*48
$SDXDR,A,0.00,P,EMA*1F
#F 200000 Hz*55
$SDZDA,152733.25,07,08,2025,00,00*6A
$SDDBT,0.689,f,0.210,M,0.115,F*07
$SDMTW,24.8,C*0A
$SDXDR,A,-0.1,D,PTCH,A,-0.2,D,ROLL*48
$SDXDR,A,0.00,P,EMA*1F
#F 200000 Hz*55
$SDZDA,152733.75,07,08,2025,00,00*6F
$SDDBT,0.689,f,0.210,M,0.115,F*07
$SDMTW,24.8,C*0A
$SDXDR,A,-0.1,D,PTCH,A,-0.3,D,ROLL*49
$SDXDR,A,0.00,P,EMA*1F
#F 200000 Hz*55
$SDZDA,152734.25,07,08,2025,00,00*6D
$SDDBT,0.689,f,0.210,M,0.115,F*07
$SDMTW,24.8,C*0A
$SDXDR,A,-0.1,D,PTCH,A,-0.3,D,ROLL*49
$SDXDR,A,0.00,P,EMA*1F
#F 200000 Hz*55
$SDZDA,152734.75,07,08,2025,00,00*68
$SDDBT,0.689,f,0.210,M,0.115,F*07
$SDMTW,24.8,C*0A
$SDXDR,A,-0.1,D,PTCH,A,-0.2,D,ROLL*48
$SDXDR,A,0.00,P,EMA*1F
#F 200000 Hz*55
$SDZDA,152735.25,07,08,2025,00,00*6C
$SDDBT,0.689,f,0.210,M,0.115,F*07
$SDMTW,24.8,C*0A
$SDXDR,A,-0.1,D,PTCH,A,-0.2,D,ROLL*48
$SDXDR,A,0.00,P,EMA*1F
#F 200000 Hz*55
$SDZDA,152735.75,07,08,2025,00,00*69
$SDDBT,0.689,f,0.210,M,0.115,F*07
$SDMTW,24.8,C*0A
$SDXDR,A,0.0,D,PTCH,A,-0.2,D,ROLL*64
$SDXDR,A,0.00,P,EMA*1F
#F 200000 Hz*55
$SDZDA,152736.25,07,08,2025,00,00*6F
$SDDBT,0.689,f,0.210,M,0.115,F*07
$SDMTW,24.8,C*0A
$SDXDR,A,-0.1,D,PTCH,A,-0.2,D,ROLL*48
$SDXDR,A,0.00,P,EMA*1F
#F 200000 Hz*55
$SDZDA,152736.75,07,08,2025,00,00*6A
$SDDBT,0.689,f,0.210,M,0.115,F*07
$SDMTW,24.8,C*0A
$SDXDR,A,-0.1,D,PTCH,A,-0.2,D,ROLL*48
$SDXDR,A,0.00,P,EMA*1F
#F 200000 Hz*55
$SDZDA,152737.25,07,08,2025,00,00*6E
$SDDBT,0.689,f,0.210,M,0.115,F*07
$SDMTW,24.8,C*0A
$SDXDR,A,-0.1,D,PTCH,A,-0.2,D,ROLL*48
$SDXDR,A,0.00,P,EMA*1F
#F 200000 Hz*55
$SDZDA,152737.75,07,08,2025,00,00*6B
$SDDBT,0.689,f,0.210,M,0.115,F*07
$SDMTW,24.8,C*0A
$SDXDR,A,-0.1,D,PTCH,A,-0.2,D,ROLL*48
$SDXDR,A,0.00,P,EMA*1F
#F 200000 Hz*55
$SDZDA,152738.25,07,08,2025,00,00*61
$SDDBT,0.689,f,0.210,M,0.115,F*07
$SDMTW,24.8,C*0A
$SDXDR,A,0.0,D,PTCH,A,-0.2,D,ROLL*64
$SDXDR,A,0.00,P,EMA*1F
#F 200000 Hz*55
$SDZDA,152738.75,07,08,2025,00,00*64
$SDDBT,0.689,f,0.210,M,0.115,F*07
$SDMTW,24.8,C*0A
$SDXDR,A,-0.1,D,PTCH,A,-0.2,D,ROLL*48
$SDXDR,A,0.00,P,EMA*1F
#F 200000 Hz*55
$SDZDA,152739.25,07,08,2025,00,00*60
$SDDBT,0.689,f,0.210,M,0.115,F*07
$SDMTW,24.8,C*0A
$SDXDR,A,-0.1,D,PTCH,A,-0.2,D,ROLL*48
$SDXDR,A,0.00,P,EMA*1F
