#F 30000 Hz*64
$SDZDA,151655.83,07,08,2025,00,00*64
$SDDBT,0.689,f,0.210,M,0.115,F*0
7
$SDMTW,24.6,C*04
$SDXDR,A,-0.1,D,PTCH,A,-0.2,D,ROLL*48
$SDXDR,A,0.00,P,EMA*1F
#F 30000 Hz*64
$SDZDA,151656.33,07,08,2025,00,00*6C
$SDDBT,0.689,f,0.210,M,0.115,F*07

$SDMTW,24.7,C*05
$SDXDR,A,0.0,D,PTCH,A,0.1,D,ROLL*4A
$SDXDR,A,0.00,P,EMA*1F
#F 30000 Hz*64
$SDZDA,151656.83,07,08,2025,00,00*67
$SDDBT,0.689,f,0.210,M,0.115,F*07

$SDMTW,24.7,C*05
$SDXDR,A,0.0,D,PTCH,A,0.1,D,ROLL*4A
$SDXDR,A,0.00,P,EMA*1F
#F 30000 Hz*64
$SDZDA,151657.33,07,08,2025,00,00*6D
$SDDBT,0.689,f,0.210,M,0.115,F*0
7
$SDMTW,24.6,C*04
$SDXDR,A,0.0,D,PTCH,A,0.1,D,ROLL*4A
$SDXDR,A,0.00,P,EMA*1F
#F 30000 Hz*64
$SDZDA,151657.83,07,08,2025,00,00*66
$SDDBT,0.689,f,0.210,M,0.115,F*07

$SDMTW,24.7,C*05
$SDXDR,A,0.0,D,PTCH,A,0.1,D,ROLL*4A
$SDXDR,A,0.00,P,EMA*1F
#F 30000 Hz*64
$SDZDA,151658.33,07,08,2025,00,00*62
$SDDBT,0.689,f,0.210,M,0.115,F*0
7
$SDMTW,24.6,C*04
$SDXDR,A,-0.1,D,PTCH,A,-0.2,D,ROLL*48
$SDXDR,A,0.00,P,EMA*1F
#F 30000 Hz*64
$SDZDA,151658.83,07,08,2025,00,00*69
$SDDBT,0.689,f,0.210,M,0.115,F*07

$SDMTW,24.6,C*04
$SDXDR,A,0.0,D,PTCH,A,0.1,D,ROLL*4A
$SDXDR,A,0.00,P,EMA*1F
#F 30000 Hz*64
$SDZDA,151659.33,07,08,2025,00,00*63
$SDDBT,0.689,f,0.210,M,0.115,F*07

$SDMTW,24.7,C*05
$SDXDR,A,0.0,D,PTCH,A,0.1,D,ROLL*4A
$SDXDR,A,0.00,P,EMA*1F
#F 30000 Hz*64
$SDZDA,151659.83,07,08,2025,00,00*68
$SDDBT,0.689,f,0.210,M,0.115,F*07

$SDMTW,24.7,C*05
$SDXDR,A,0.0,D,PTCH,A,0.1,D,ROLL*4A
$SDXDR,A,0.00,P,EMA*1F
#F 30000 Hz*64
$SDZDA,151700.33,07,08,2025,00,00*6E
$SDDBT,0.689,f,0.210,M,0.115,F*07

$SDMTW,24.6,C*04
$SDXDR,A,0.0,D,PTCH,A,0.1,D,ROLL*4A
$SDXDR,A,0.00,P,EMA*1F
#F 30000 Hz*64
$SDZDA,151700.83,07,08,2025,00,00*65
$SDDBT,0.689,f,0.210,M,0.115,F*
07
$SDMTW,24.6,C*04
$SDXDR,A,-0.1,D,PTCH,A,-0.1,D,ROLL*4B
$SDXDR,A,0.00,P,EMA*1F
#F 30000 Hz*64
$SDZDA,151701.33,07,08,2025,00,00*6F
$SDDBT,0.689,f,0.210,M,0.115,F*07

$SDMTW,24.7,C*05
$SDXDR,A,0.0,D,PTCH,A,0.1,D,ROLL*4A
$SDXDR,A,0.00,P,EMA*1F
#F 30000 Hz*64
$SDZDA,151701.83,07,08,2025,00,00*64
$SDDBT,0.689,f,0.210,M,0.115,F*0
7
$SDMTW,24.7,C*05
$SDXDR,A,0.0,D,PTCH,A,0.1,D,ROLL*4A
$SDXDR,A,0.00,P,EMA*1F
#F 30000 Hz*64
$SDZDA,151702.33,07,08,2025,00,00*6C
$SDDBT,0.689,f,0.210,M,0.115,F*0
7
$SDMTW,24.6,C*04
$SDXDR,A,0.0,D,PTCH,A,0.1,D,ROLL*4A
$SDXDR,A,0.00,P,EMA*1F
#F 30000 Hz*64
$SDZDA,151702.83,07,08,2025,00,00*67
$SDDBT,0.689,f,0.210,M,0.115,F*0
7
$SDMTW,24.6,C*04
$SDXDR,A,0.1,D,PTCH,A,0.1,D,ROLL*4B
$SDXDR,A,0.00,P,EMA*1F
#F 30000 Hz*64
$SDZDA,151703.33,07,08,2025,00,00*6D
$SDDBT,0.689,f,0.210,M,0.115,F*0
7
$SDMTW,24.7,C*05
$SDXDR,A,-0.1,D,PTCH,A,-0.1,D,ROLL*4B
$SDXDR,A,0.00,P,EMA*1F
#F 30000 Hz*64
$SDZDA,151703.83,07,08,2025,00,00*66
$SDDBT,0.689,f,0.210,M,0.115,F*07

$SDMTW,24.7,C*05
$SDXDR,A,0.0,D,PTCH,A,0.1,D,ROLL*4A
$SDXDR,A,0.00,P,EMA*1F
#F 30000 Hz*64
$SDZDA,151704.33,07,08,2025,00,00*6A
$SDDBT,0.689,f,0.210,M,0.115,F*07

$SDMTW,24.7,C*05
$SDXDR,A,0.0,D,PTCH,A,0.1,D,ROLL*4A
$SDXDR,A,0.00,P,EMA*1F
#F 30000 Hz*64
$SDZDA,151704.83,07,08,2025,00,00*61
$SDDBT,0.689,f,0.210,M,0.115,F*07

$SDMTW,24.7,C*05
$SDXDR,A,0.0,D,PTCH,A,0.1,D,ROLL*4A
$SDXDR,A,0.00,P,EMA*1F
#F 30000 Hz*64
$SDZDA,151705.33,07,08,2025,00,00*6B
$SDDBT,0.689,f,0.210,M,0.115,F*07

$SDMTW,24.6,C*04
$SDXDR,A,0.1,D,PTCH,A,0.0,D,ROLL*4A
$SDXDR,A,0.00,P,EMA*1F
#F 30000 Hz*64
$SDZDA,151705.83,07,08,2025,00,00*60
$SDDBT,0.689,f,0.210,M,0.115,F*0
7
$SDMTW,24.7,C*05
$SDXDR,A,-0.1,D,PTCH,A,0.0,D,ROLL*67
$SDXDR,A,0.00,P,EMA*1F
#F 30000 Hz*64
$SDZDA,151706.33,07,08,2025,00,00*68
$SDDBT,0.689,f,0.210,M,0.115,F*07

$SDMTW,24.7,C*05
$SDXDR,A,0.0,D,PTCH,A,0.1,D,ROLL*4A
$SDXDR,A,0.00,P,EMA*1F
#F 30000 Hz*64
$SDZDA,151706.83,07,08,2025,00,00*63
$SDDBT,0.689,f,0.210,M,0.115,F*07

$SDMTW,24.7,C*05
$SDXDR,A,0.0,D,PTCH,A,0.1,D,ROLL*4A
$SDXDR,A,0.00,P,EMA*1F
#F 30000 Hz*64
$SDZDA,151707.33,07,08,2025,00,00*69
$SDDBT,0.689,f,0.210,M,0.115,F*07

$SDMTW,24.7,C*05
$SDXDR,A,-0.1,D,PTCH,A,0.1,D,ROLL*66
$SDXDR,A,0.00,P,EMA*1F
#F 30000 Hz*64
$SDZDA,151707.83,07,08,2025,00,00*62
$SDDBT,0.689,f,0.210,M,0.115,F*07

$SDMTW,24.6,C*04
$SDXDR,A,0.1,D,PTCH,A,0.0,D,ROLL*4A
$SDXDR,A,0.00,P,EMA*1F
#F 30000 Hz*64
$SDZDA,151708.33,07,08,2025,00,00*66
$SDDBT,0.689,f,0.210,M,0.115,F*0
7
$SDMTW,24.7,C*05
$SDXDR,A,0.0,D,PTCH,A,0.0,D,ROLL*4B
$SDXDR,A,0.00,P,EMA*1F
#F 30000 Hz*64
$SDZDA,151708.83,07,08,2025,00,00*6D
$SDDBT,0.689,f,0.210,M,0.115,F*07

$SDMTW,24.7,C*05
$SDXDR,A,0.0,D,PTCH,A,0.1,D,ROLL*4A
$SDXDR,A,0.00,P,EMA*1F
#F 30000 Hz*64
$SDZDA,151709.33,07,08,2025,00,00*67
$SDDBT,0.689,f,0.210,M,0.115,F*07

$SDMTW,24.7,C*05
$SDXDR,A,0.0,D,PTCH,A,0.1,D,ROLL*4A
$SDXDR,A,0.00,P,EMA*1F
#F 30000 Hz*64
$SDZDA,151709.83,07,08,2025,00,00*6C
$SDDBT,0.689,f,0.210,M,0.115,F*0
7
$SDMTW,24.6,C*04
$SDXDR,A,0.0,D,PTCH,A,0.1,D,ROLL*4A
$SDXDR,A,0.00,P,EMA*1F
#F 30000 Hz*64
$SDZDA,151710.33,07,08,2025,00,00*6F
$SDDBT,0.689,f,0.210,M,0.115,F*07

$SDMTW,24.6,C*04
$SDXDR,A,0.0,D,PTCH,A,-0.1,D,ROLL*67
$SDXDR,A,0.00,P,EMA*1F
#F 30000 Hz*64
$SDZDA,151710.83,07,08,2025,00,00*64
$SDDBT,0.689,f,0.210,M,0.115,F*0
7
$SDMTW,24.7,C*05
$SDXDR,A,0.0,D,PTCH,A,0.1,D,ROLL*4A
$SDXDR,A,0.00,P,EMA*1F
#F 30000 Hz*64
$SDZDA,151711.33,07,08,2025,00,00*6E
$SDDBT,0.689,f,0.210,M,0.115,F*07

$SDMTW,24.7,C*05
$SDXDR,A,0.0,D,PTCH,A,0.1,D,ROLL*4A
$SDXDR,A,0.00,P,EMA*1F
#F 30000 Hz*64
$SDZDA,151711.83,07,08,2025,00,00*65
$SDDBT,0.689,f,0.210,M,0.115,F*07

$SDMTW,24.7,C*05
$SDXDR,A,-0.1,D,PTCH,A,0.1,D,ROLL*66
$SDXDR,A,0.00,P,EMA*1F
#F 30000 Hz*64
$SDZDA,151712.33,07,08,2025,00,00*6D
$SDDBT,0.689,f,0.210,M,0.115,F*07

$SDMTW,24.7,C*05
$SDXDR,A,0.0,D,PTCH,A,0.1,D,ROLL*4A
$SDXDR,A,0.00,P,EMA*1F
#F 30000 Hz*64
$SDZDA,151712.83,07,08,2025,00,00*66
$SDDBT,0.689,f,0.210,M,0.115,F*07

$SDMTW,24.6,C*04
$SDXDR,A,-0.1,D,PTCH,A,-0.2,D,ROLL*48
$SDXDR,A,0.00,P,EMA*1F
#F 30000 Hz*64
$SDZDA,151713.33,07,08,2025,00,00*6C
$SDDBT,0.689,f,0.210,M,0.115,F*0
7
$SDMTW,24.7,C*05
$SDXDR,A,0.0,D,PTCH,A,0.1,D,ROLL*4A
$SDXDR,A,0.00,P,EMA*1F
#F 30000 Hz*64
$SDZDA,151713.83,07,08,2025,00,00*67
$SDDBT,0.689,f,0.210,M,0.115,F*07

$SDMTW,24.7,C*05
$SDXDR,A,-0.1,D,PTCH,A,0.1,D,ROLL*66
$SDXDR,A,0.00,P,EMA*1F
#F 30000 Hz*64
$SDZDA,151714.33,07,08,2025,00,00*6B
$SDDBT,0.689,f,0.210,M,0.115,F*07

$SDMTW,24.7,C*05
$SDXDR,A,0.0,D,PTCH,A,0.1,D,ROLL*4A
$SDXDR,A,0.00,P,EMA*1F
#F 30000 Hz*64
$SDZDA,151714.83,07,08,2025,00,00*60
$SDDBT,0.689,f,0.210,M,0.115,F*07

$SDMTW,24.7,C*05
$SDXDR,A,-0.1,D,PTCH,A,0.1,D,ROLL*66
$SDXDR,A,0.00,P,EMA*1F
#F 30000 Hz*64
$SDZDA,151715.33,07,08,2025,00,00*6A
$SDDBT,0.689,f,0.210,M,0.115,F*07

$SDMTW,24.6,C*04
$SDXDR,A,0.0,D,PTCH,A,-0.2,D,ROLL*64
$SDXDR,A,0.00,P,EMA*1F
#F 30000 Hz*64
$SDZDA,151715.83,07,08,2025,00,00*61
$SDDBT,0.689,f,0.210,M,0.115,F*
07
$SDMTW,24.7,C*05
$SDXDR,A,-0.1,D,PTCH,A,0.1,D,ROLL*66
$SDXDR,A,0.00,P,EMA*1F
#F 30000 Hz*64
$SDZDA,151716.33,07,08,2025,00,00*69
$SDDBT,0.689,f,0.210,M,0.115,F*07

$SDMTW,24.7,C*05
$SDXDR,A,0.0,D,PTCH,A,0.1,D,ROLL*4A
$SDXDR,A,0.00,P,EMA*1F
#F 30000 Hz*64
$SDZDA,151716.83,07,08,2025,00,00*62
$SDDBT,0.689,f,0.210,M,0.115,F*07

$SDMTW,24.7,C*05
$SDXDR,A,0.0,D,PTCH,A,0.1,D,ROLL*4A
$SDXDR,A,0.00,P,EMA*1F
#F 30000 Hz*64
$SDZDA,151717.33,07,08,2025,00,00*68
$SDDBT,0.689,f,0.210,M,0.115,F*07

$SDMTW,24.7,C*05
$SDXDR,A,0.0,D,PTCH,A,0.1,D,ROLL*4A
$SDXDR,A,0.00,P,EMA*1F
#F 30000 Hz*64
$SDZDA,151717.83,07,08,2025,00,00*63
$SDDBT,0.689,f,0.210,M,0.115,F*07

$SDMTW,24.6,C*04
$SDXDR,A,-0.1,D,PTCH,A,-0.2,D,ROLL*48
$SDXDR,A,0.00,P,EMA*1F
#F 30000 Hz*64
$SDZDA,151718.33,07,08,2025,00,00*67
$SDDBT,0.689,f,0.210,M,0.115,F*
07
$SDMTW,24.7,C*05
$SDXDR,A,0.0,D,PTCH,A,0.1,D,ROLL*4A
$SDXDR,A,0.00,P,EMA*1F
#F 30000 Hz*64
$SDZDA,151718.83,07,08,2025,00,00*6C
$SDDBT,0.689,f,0.210,M,0.115,F*07

$SDMTW,24.7,C*05
$SDXDR,A,0.0,D,PTCH,A,0.1,D,ROLL*4A
$SDXDR,A,0.00,P,EMA*1F
#F 30000 Hz*64
$SDZDA,151719.33,07,08,2025,00,00*66
$SDDBT,0.689,f,0.210,M,0.115,F*07

$SDMTW,24.7,C*05
$SDXDR,A,0.0,D,PTCH,A,0.1,D,ROLL*4A
$SDXDR,A,0.00,P,EMA*1F
#F 30000 Hz*64
$SDZDA,151719.83,07,08,2025,00,00*6D
$SDDBT,0.689,f,0.210,M,0.115,F*07

$SDMTW,24.7,C*05
$SDXDR,A,0.0,D,PTCH,A,0.1,D,ROLL*4A
$SDXDR,A,0.00,P,EMA*1F
#F 30000 Hz*64
$SDZDA,151720.33,07,08,2025,00,00*6C
$SDDBT,0.689,f,0.210,M,0.115,F*07

$SDMTW,24.6,C*04
$SDXDR,A,0.0,D,PTCH,A,-0.2,D,ROLL*64
$SDXDR,A,0.00,P,EMA*1F
#F 30000 Hz*64
$SDZDA,151720.83,07,08,2025,00,00*67
$SDDBT,0.689,f,0.210,M,0.115,F*
07
$SDMTW,24.7,C*05
$SDXDR,A,0.0,D,PTCH,A,0.1,D,ROLL*4A
$SDXDR,A,0.00,P,EMA*1F
#F 30000 Hz*64
$SDZDA,151721.33,07,08,2025,00,00*6D
$SDDBT,0.689,f,0.210,M,0.115,F*0
7
$SDMTW,24.7,C*05
$SDXDR,A,0.0,D,PTCH,A,0.1,D,ROLL*4A
$SDXDR,A,0.00,P,EMA*1F
#F 30000 Hz*64
$SDZDA,151721.83,07,08,2025,00,00*66
$SDDBT,0.689,f,0.210,M,0.115,F*07

$SDMTW,24.7,C*05
$SDXDR,A,0.0,D,PTCH,A,0.1,D,ROLL*4A
$SDXDR,A,0.00,P,EMA*1F
#F 30000 Hz*64
$SDZDA,151722.33,07,08,2025,00,00*6E
$SDDBT,0.689,f,0.210,M,0.115,F*07

$SDMTW,24.7,C*05
$SDXDR,A,0.0,D,PTCH,A,0.1,D,ROLL*4A
$SDXDR,A,0.00,P,EMA*1F
#F 30000 Hz*64
$SDZDA,151722.83,07,08,2025,00,00*65
$SDDBT,0.689,f,0.210,M,0.115,F*07

$SDMTW,24.6,C*04
$SDXDR,A,0.0,D,PTCH,A,-0.2,D,ROLL*64
$SDXDR,A,0.00,P,EMA*1F
#F 30000 Hz*64
$SDZDA,151723.33,07,08,2025,00,00*6F
$SDDBT,0.689,f,0.210,M,0.115,F*0
7
$SDMTW,24.7,C*05
$SDXDR,A,0.0,D,PTCH,A,0.1,D,ROLL*4A
$SDXDR,A,0.00,P,EMA*1F
#F 30000 Hz*64
$SDZDA,151723.83,07,08,2025,00,00*64
$SDDBT,0.689,f,0.210,M,0.115,F*0
7
$SDMTW,24.7,C*05
$SDXDR,A,0.0,D,PTCH,A,0.1,D,ROLL*4A
$SDXDR,A,0.00,P,EMA*1F
#F 30000 Hz*64
$SDZDA,151724.33,07,08,2025,00,00*68
$SDDBT,0.689,f,0.210,M,0.115,F*07

$SDMTW,24.7,C*05
$SDXDR,A,0.0,D,PTCH,A,0.1,D,ROLL*4A
$SDXDR,A,0.00,P,EMA*1F
#F 30000 Hz*64
$SDZDA,151724.83,07,08,2025,00,00*63
$SDDBT,0.689,f,0.210,M,0.115,F*07

$SDMTW,24.7,C*05
$SDXDR,A,0.0,D,PTCH,A,0.1,D,ROLL*4A
$SDXDR,A,0.00,P,EMA*1F
#F 30000 Hz*64
$SDZDA,151725.33,07,08,2025,00,00*69
$SDDBT,0.689,f,0.210,M,0.115,F*0
7
$SDMTW,24.6,C*04
$SDXDR,A,0.0,D,PTCH,A,-0.2,D,ROLL*64
$SDXDR,A,0.00,P,EMA*1F
#F 30000 Hz*64
$SDZDA,151725.83,07,08,2025,00,00*62
$SDDBT,0.689,f,0.210,M,0.115,F*0
7
$SDMTW,24.7,C*05
$SDXDR,A,-0.1,D,PTCH,A,0.1,D,ROLL*66
$SDXDR,A,0.00,P,EMA*1F
#F 30000 Hz*64
$SDZDA,151726.33,07,08,2025,00,00*6A
$SDDBT,0.689,f,0.210,M,0.115,F*07

$SDMTW,24.7,C*05
$SDXDR,A,0.0,D,PTCH,A,0.1,D,ROLL*4A
$SDXDR,A,0.00,P,EMA*1F
#F 30000 Hz*64
$SDZDA,151726.83,07,08,2025,00,00*61
$SDDBT,0.689,f,0.210,M,0.115,F*07

$SDMTW,24.7,C*05
$SDXDR,A,-0.1,D,PTCH,A,0.1,D,ROLL*66
$SDXDR,A,0.00,P,EMA*1F
#F 30000 Hz*64
$SDZDA,151727.33,07,08,2025,00,00*6B
$SDDBT,0.689,f,0.210,M,0.115,F*07

$SDMTW,24.7,C*05
$SDXDR,A,0.0,D,PTCH,A,0.1,D,ROLL*4A
$SDXDR,A,0.00,P,EMA*1F
#F 30000 Hz*64
$SDZDA,151727.83,07,08,2025,00,00*60
$SDDBT,0.689,f,0.210,M,0.115,F*0
7
$SDMTW,24.6,C*04
$SDXDR,A,0.0,D,PTCH,A,-0.2,D,ROLL*64
$SDXDR,A,0.00,P,EMA*1F
#F 30000 Hz*64
$SDZDA,151728.33,07,08,2025,00,00*64
$SDDBT,0.689,f,0.210,M,0.115,F*07

$SDMTW,24.7,C*05
$SDXDR,A,0.0,D,PTCH,A,0.1,D,ROLL*4A
$SDXDR,A,0.00,P,EMA*1F
#F 30000 Hz*64
$SDZDA,151728.83,07,08,2025,00,00*6F
$SDDBT,0.689,f,0.210,M,0.115,F*07

$SDMTW,24.7,C*05
$SDXDR,A,0.0,D,PTCH,A,0.1,D,ROLL*4A
$SDXDR,A,0.00,P,EMA*1F
#F 30000 Hz*64
$SDZDA,151729.33,07,08,2025,00,00*65
$SDDBT,0.689,f,0.210,M,0.115,F*07

$SDMTW,24.7,C*05
$SDXDR,A,0.0,D,PTCH,A,0.1,D,ROLL*4A
$SDXDR,A,0.00,P,EMA*1F
#F 30000 Hz*64
$SDZDA,151729.83,07,08,2025,00,00*6E
$SDDBT,0.689,f,0.210,M,0.115,F*0
7
$SDMTW,24.7,C*05
$SDXDR,A,0.0,D,PTCH,A,0.1,D,ROLL*4A
$SDXDR,A,0.00,P,EMA*1F
#F 30000 Hz*64
$SDZDA,151730.33,07,08,2025,00,00*6D
$SDDBT,0.689,f,0.210,M,0.115,F*0
7
$SDMTW,24.6,C*04
$SDXDR,A,-0.1,D,PTCH,A,-0.2,D,ROLL*48
$SDXDR,A,0.00,P,EMA*1F
#F 30000 Hz*64
$SDZDA,151730.83,07,08,2025,00,00*66
$SDDBT,0.689,f,0.210,M,0.115,F*07

$SDMTW,24.7,C*05
$SDXDR,A,0.0,D,PTCH,A,0.1,D,ROLL*4A
$SDXDR,A,0.00,P,EMA*1F
#F 30000 Hz*64
$SDZDA,151731.33,07,08,2025,00,00*6C
$SDDBT,0.689,f,0.210,M,0.115,F*07

$SDMTW,24.7,C*05
$SDXDR,A,-0.1,D,PTCH,A,0.1,D,ROLL*66
$SDXDR,A,0.00,P,EMA*1F
#F 30000 Hz*64
$SDZDA,151731.83,07,08,2025,00,00*67
$SDDBT,0.689,f,0.210,M,0.115,F*07

$SDMTW,24.7,C*05
$SDXDR,A,-0.1,D,PTCH,A,0.1,D,ROLL*66
$SDXDR,A,0.00,P,EMA*1F
#F 30000 Hz*64
$SDZDA,151732.33,07,08,2025,00,00*6F
$SDDBT,0.689,f,0.210,M,0.115,F*07

$SDMTW,24.6,C*04
$SDXDR,A,0.0,D,PTCH,A,0.1,D,ROLL*4A
$SDXDR,A,0.00,P,EMA*1F
#F 30000 Hz*64
$SDZDA,151732.83,07,08,2025,00,00*64
$SDDBT,0.689,f,0.210,M,0.115,F*0
7
$SDMTW,24.7,C*05
$SDXDR,A,-0.1,D,PTCH,A,-0.2,D,ROLL*48
$SDXDR,A,0.00,P,EMA*1F
#F 30000 Hz*64
$SDZDA,151733.33,07,08,2025,00,00*6E
$SDDBT,0.689,f,0.210,M,0.115,F*07

$SDMTW,24.7,C*05
$SDXDR,A,-0.1,D,PTCH,A,0.1,D,ROLL*66
$SDXDR,A,0.00,P,EMA*1F
