#F 30000 Hz*64
$SDZDA,042333.91,08,08,2025,00,00*6E
$SDDBT,2.972,f,0.906,M,0.495,F*0F
$SDMTW,25.5,C*06
$SDXDR,A,0.1,D,PTCH,A,-0.3,D,ROLL*64
$SDXDR,A,10.84,P,EMA*22
#F 30000 Hz*64
$SDZDA,042334.41,08,08,2025,00,00*64
$SDDBT,2.974,f,0.907,M,0.496,F*0B
$SDMTW,25.4,C*07
$SDXDR,A,0.0,D,PTCH,A,-0.4,D,ROLL*62
$SDXDR,A,10.53,P,EMA*28
#F 30000 Hz*64
$SDZDA,042334.91,08,08,2025,00,00*69
$SDDBT,2.973,f,0.906,M,0.495,F*0E
$SDMTW,25.5,C*06
$SDXDR,A,0.0,D,PTCH,A,-0.4,D,ROLL*62
$SDXDR,A,10.84,P,EMA*22
#F 30000 Hz*64
$SDZDA,042335.41,08,08,2025,00,00*65
$SDDBT,2.973,f,0.906,M,0.495,F*0E
$SDMTW,25.5,C*06
$SDXDR,A,0.0,D,PTCH,A,-0.4,D,ROLL*62
$SDXDR,A,10.84,P,EMA*22
#F 30000 Hz*64
$SDZDA,042335.91,08,08,2025,00,00*68
$SDDBT,2.973,f,0.906,M,0.495,F*0E
$SDMTW,25.5,C*06
$SDXDR,A,0.1,D,PTCH,A,-0.4,D,ROLL*63
$SDXDR,A,10.84,P,EMA*22
#F 30000 Hz*64
$SDZDA,042336.41,08,08,2025,00,00*66
$SDDBT,2.973,f,0.906,M,0.495,F*0E
$SDMTW,25.5,C*06
$SDXDR,A,0.1,D,PTCH,A,-0.3,D,ROLL*64
$SDXDR,A,10.79,P,EMA*20
#F 30000 Hz*64
$SDZDA,042336.91,08,08,2025,00,00*6B
$SDDBT,2.974,f,0.907,M,0.496,F*0B
$SDMTW,25.5,C*06
$SDXDR,A,0.1,D,PTCH,A,-0.4,D,ROLL*63
$SDXDR,A,10.48,P,EMA*22
#F 30000 Hz*64
$SDZDA,042337.41,08,08,2025,00,00*67
$SDDBT,2.972,f,0.906,M,0.495,F*0F
$SDMTW,25.5,C*06
$SDXDR,A,0.1,D,PTCH,A,-0.4,D,ROLL*63
$SDXDR,A,10.84,P,EMA*22
#F 30000 Hz*64
$SDZDA,042337.91,08,08,2025,00,00*6A
$SDDBT,2.973,f,0.906,M,0.495,F*0E
$SDMTW,25.5,C*06
$SDXDR,A,0.1,D,PTCH,A,-0.4,D,ROLL*63
$SDXDR,A,10.82,P,EMA*24
#F 30000 Hz*64
$SDZDA,042338.41,08,08,2025,00,00*68
$SDDBT,2.973,f,0.906,M,0.495,F*0E
$SDMTW,25.5,C*06
$SDXDR,A,0.1,D,PTCH,A,-0.4,D,ROLL*63
$SDXDR,A,10.82,P,EMA*24
#F 30000 Hz*64
$SDZDA,042338.91,08,08,2025,00,00*65
$SDDBT,2.972,f,0.906,M,0.495,F*0F
$SDMTW,25.5,C*06
$SDXDR,A,0.1,D,PTCH,A,-0.3,D,ROLL*64
$SDXDR,A,10.84,P,EMA*22
#F 30000 Hz*64
$SDZDA,042339.41,08,08,2025,00,00*69
$SDDBT,2.974,f,0.907,M,0.496,F*0B
$SDMTW,25.5,C*06
$SDXDR,A,0.1,D,PTCH,A,-0.4,D,ROLL*63
$SDXDR,A,10.45,P,EMA*2F
#F 30000 Hz*64
$SDZDA,042339.91,08,08,2025,00,00*64
$SDDBT,2.972,f,0.906,M,0.495,F*0F
$SDMTW,25.5,C*06
$SDXDR,A,0.0,D,PTCH,A,-0.4,D,ROLL*62
$SDXDR,A,10.84,P,EMA*22
#F 30000 Hz*64
$SDZDA,042340.41,08,08,2025,00,00*67
$SDDBT,2.973,f,0.906,M,0.495,F*0E
$SDMTW,25.5,C*06
$SDXDR,A,0.0,D,PTCH,A,-0.4,D,ROLL*62
$SDXDR,A,10.82,P,EMA*24
#F 30000 Hz*64
$SDZDA,042340.91,08,08,2025,00,00*6A
$SDDBT,2.972,f,0.906,M,0.495,F*0F
$SDMTW,25.5,C*06
$SDXDR,A,0.0,D,PTCH,A,-0.4,D,ROLL*62
$SDXDR,A,10.82,P,EMA*24
#F 30000 Hz*64
$SDZDA,042341.41,08,08,2025,00,00*66
$SDDBT,2.972,f,0.906,M,0.495,F*0F
$SDMTW,25.4,C*07
$SDXDR,A,0.1,D,PTCH,A,-0.3,D,ROLL*64
$SDXDR,A,10.84,P,EMA*22
#F 30000 Hz*64
$SDZDA,042341.91,08,08,2025,00,00*6B
$SDDBT,2.974,f,0.907,M,0.496,F*0B
$SDMTW,25.5,C*06
$SDXDR,A,0.1,D,PTCH,A,-0.4,D,ROLL*63
$SDXDR,A,10.48,P,EMA*22
#F 30000 Hz*64
$SDZDA,042342.41,08,08,2025,00,00*65
$SDDBT,2.972,f,0.906,M,0.495,F*0F
$SDMTW,25.5,C*06
$SDXDR,A,0.0,D,PTCH,A,-0.4,D,ROLL*62
$SDXDR,A,10.84,P,EMA*22
#F 30000 Hz*64
$SDZDA,042342.91,08,08,2025,00,00*68
$SDDBT,2.972,f,0.906,M,0.495,F*0F
$SDMTW,25.5,C*06
$SDXDR,A,0.0,D,PTCH,A,-0.4,D,ROLL*62
$SDXDR,A,10.84,P,EMA*22
#F 30000 Hz*64
$SDZDA,042343.41,08,08,2025,00,00*64
$SDDBT,2.972,f,0.906,M,0.495,F*0F
$SDMTW,25.5,C*06
$SDXDR,A,0.0,D,PTCH,A,-0.4,D,ROLL*62
$SDXDR,A,10.84,P,EMA*22
#F 30000 Hz*64
$SDZDA,042343.91,08,08,2025,00,00*69
$SDDBT,2.972,f,0.906,M,0.495,F*0F
$SDMTW,25.5,C*06
$SDXDR,A,0.1,D,PTCH,A,-0.3,D,ROLL*64
$SDXDR,A,10.84,P,EMA*22
#F 30000 Hz*64
$SDZDA,042344.41,08,08,2025,00,00*63
$SDDBT,2.974,f,0.907,M,0.496,F*0B
$SDMTW,25.5,C*06
$SDXDR,A,0.1,D,PTCH,A,-0.4,D,ROLL*63
$SDXDR,A,10.45,P,EMA*2F
