#F 30000 Hz*64
$SDZDA,212927.88,07,08,2025,00,00*61
$SDDBT,3.024,f,0.922,M,0.504,F*0
B
$SDMTW,26.4,C*04
$SDXDR,A,-0.1,D,PTCH,A,-0.1,D,ROLL*4B
$SDXDR,A,10.43,P,EMA*29
#F 30000 Hz*64
$SDZDA,212928.38,07,08,2025,00,00*65
$SDDBT,2.974,f,0.907,M,0.496,F*0
B
$SDMTW,26.4,C*04
$SDXDR,A,-0.1,D,PTCH,A,-0.2,D,ROLL*48
$SDXDR,A,10.09,P,EMA*27
#F 30000 Hz*64
$SDZDA,212928.88,07,08,2025,00,00*6E
$SDDBT,3.024,f,0.922,M,0.504,F*
0B
$SDMTW,26.4,C*04
$SDXDR,A,-0.1,D,PTCH,A,-0.1,D,ROLL*4B
$SDXDR,A,10.40,P,EMA*2A
#F 30000 Hz*64
$SDZDA,212929.38,07,08,2025,00,00*64
$SDDBT,3.024,f,0.922,M,0.504,F*
0B
$SDMTW,26.4,C*04
$SDXDR,A,-0.1,D,PTCH,A,-0.1,D,ROLL*4B
$SDXDR,A,10.40,P,EMA*2A
#F 30000 Hz*64
$SDZDA,212929.88,07,08,2025,00,00*6F
$SDDBT,3.024,f,0.922,M,0.504,F*
0B
$SDMTW,26.3,C*03
$SDXDR,A,-0.1,D,PTCH,A,-0.1,D,ROLL*4B
$SDXDR,A,10.43,P,EMA*29
#F 30000 Hz*64
$SDZDA,212930.38,07,08,2025,00,00*6C
$SDDBT,3.024,f,0.922,M,0.504,F*
0B
$SDMTW,26.4,C*04
$SDXDR,A,0.0,D,PTCH,A,-0.1,D,ROLL*67
$SDXDR,A,10.45,P,EMA*2F
#F 30000 Hz*64
$SDZDA,212930.88,07,08,2025,00,00*67
$SDDBT,2.974,f,0.907,M,0.496,F*0
B
$SDMTW,26.4,C*04
$SDXDR,A,-0.1,D,PTCH,A,-0.1,D,ROLL*4B
$SDXDR,A,10.13,P,EMA*2C
#F 30000 Hz*64
$SDZDA,212931.38,07,08,2025,00,00*6D
$SDDBT,3.024,f,0.922,M,0.504,F*
0B
$SDMTW,26.4,C*04
$SDXDR,A,-0.1,D,PTCH,A,-0.1,D,ROLL*4B
$SDXDR,A,10.45,P,EMA*2F
#F 30000 Hz*64
$SDZDA,212931.88,07,08,2025,00,00*66
$SDDBT,3.024,f,0.922,M,0.504,F*
0B
$SDMTW,26.3,C*03
$SDXDR,A,-0.1,D,PTCH,A,-0.1,D,ROLL*4B
$SDXDR,A,10.45,P,EMA*2F
#F 30000 Hz*64
$SDZDA,212932.38,07,08,2025,00,00*6E
$SDDBT,3.024,f,0.922,M,0.504,F*
0B
$SDMTW,26.4,C*04
$SDXDR,A,-0.1,D,PTCH,A,-0.1,D,ROLL*4B
$SDXDR,A,10.48,P,EMA*22
#F 30000 Hz*64
$SDZDA,212932.88,07,08,2025,00,00*65
$SDDBT,2.974,f,0.907,M,0.496,F*
0B
$SDMTW,26.4,C*04
$SDXDR,A,-0.1,D,PTCH,A,-0.1,D,ROLL*4B
$SDXDR,A,9.99,P,EMA*16
#F 30000 Hz*64
$SDZDA,212933.38,07,08,2025,00,00*6F
$SDDBT,2.974,f,0.907,M,0.496,F*
0B
$SDMTW,26.4,C*04
$SDXDR,A,-0.1,D,PTCH,A,-0.1,D,ROLL*4B
$SDXDR,A,10.23,P,EMA*2F
#F 30000 Hz*64
$SDZDA,212933.88,07,08,2025,00,00*64
$SDDBT,2.974,f,0.907,M,0.496,F*
0B
$SDMTW,26.4,C*04
$SDXDR,A,-0.1,D,PTCH,A,-0.1,D,ROLL*4B
$SDXDR,A,9.99,P,EMA*16
#F 30000 Hz*64
$SDZDA,212934.38,07,08,2025,00,00*68
$SDDBT,2.974,f,0.907,M,0.496,F*
0B
$SDMTW,26.4,C*04
$SDXDR,A,-0.1,D,PTCH,A,-0.1,D,ROLL*4B
$SDXDR,A,9.99,P,EMA*16
#F 30000 Hz*64
$SDZDA,212934.88,07,08,2025,00,00*63
$SDDBT,2.974,f,0.907,M,0.496,F*
0B
$SDMTW,26.4,C*04
$SDXDR,A,-0.1,D,PTCH,A,-0.1,D,ROLL*4B
$SDXDR,A,10.04,P,EMA*2A
#F 30000 Hz*64
$SDZDA,212935.38,07,08,2025,00,00*69
$SDDBT,2.974,f,0.907,M,0.496,F*
0B
$SDMTW,26.4,C*04
$SDXDR,A,-0.1,D,PTCH,A,-0.1,D,ROLL*4B
$SDXDR,A,10.04,P,EMA*2A
#F 30000 Hz*64
$SDZDA,212935.88,07,08,2025,00,00*62
$SDDBT,2.974,f,0.907,M,0.496,F*
0B
$SDMTW,26.4,C*04
$SDXDR,A,-0.1,D,PTCH,A,-0.2,D,ROLL*48
$SDXDR,A,10.28,P,EMA*24
