#F 30000 Hz*64
$SDZDA,152614.00,07,08,2025,00,00*69
$SDDBT,0.689,f,0.210,M,0.115,F*
07
$SDMTW,24.8,C*0A
$SDXDR,A,-0.1,D,PTCH,A,-0.2,D,ROLL*48
$SDXDR,A,0.00,P,EMA*1F
#F 30000 Hz*64
$SDZDA,152614.50,07,08,2025,00,00*6C
$SDDBT,0.689,f,0.210,M,0.115,F*
07
$SDMTW,24.8,C*0A
$SDXDR,A,-0.1,D,PTCH,A,-0.2,D,ROLL*48
$SDXDR,A,0.00,P,EMA*1F
#F 30000 Hz*64
$SDZDA,152615.00,07,08,2025,00,00*68
$SDDBT,0.689,f,0.210,M,0.115,F*
07
$SDMTW,24.8,C*0A
$SDXDR,A,-0.1,D,PTCH,A,-0.2,D,ROLL*48
$SDXDR,A,0.00,P,EMA*1F
#F 30000 Hz*64
$SDZDA,152615.50,07,08,2025,00,00*6D
$SDDBT,0.689,f,0.210,M,0.115,F*
07
$SDMTW,24.8,C*0A
$SDXDR,A,-0.1,D,PTCH,A,-0.2,D,ROLL*48
$SDXDR,A,0.00,P,EMA*1F
#F 30000 Hz*64
$SDZDA,152616.00,07,08,2025,00,00*6B
$SDDBT,0.689,f,0.210,M,0.115,F*
07
$SDMTW,24.7,C*05
$SDXDR,A,-0.1,D,PTCH,A,-0.2,D,ROLL*48
$SDXDR,A,0.00,P,EMA*1F
#F 30000 Hz*64
$SDZDA,152616.50,07,08,2025,00,00*6E
$SDDBT,0.689,f,0.210,M,0.115,F*
07
$SDMTW,24.9,C*0B
$SDXDR,A,0.0,D,PTCH,A,-0.2,D,ROLL*64
$SDXDR,A,0.00,P,EMA*1F
#F 30000 Hz*64
$SDZDA,152617.00,07,08,2025,00,00*6A
$SDDBT,0.689,f,0.210,M,0.115,F*
07
$SDMTW,24.8,C*0A
$SDXDR,A,-0.1,D,PTCH,A,-0.2,D,ROLL*48
$SDXDR,A,0.00,P,EMA*1F
#F 30000 Hz*64
$SDZDA,152617.50,07,08,2025,00,00*6F
$SDDBT,0.689,f,0.210,M,0.115,F*
07
$SDMTW,24.8,C*0A
$SDXDR,A,-0.1,D,PTCH,A,-0.2,D,ROLL*48
$SDXDR,A,0.00,P,EMA*1F
#F 30000 Hz*64
$SDZDA,152618.00,07,08,2025,00,00*65
$SDDBT,0.689,f,0.210,M,0.115,F*
07
$SDMTW,24.8,C*0A
$SDXDR,A,-0.1,D,PTCH,A,-0.2,D,ROLL*48
$SDXDR,A,0.00,P,EMA*1F
#F 30000 Hz*64
$SDZDA,152618.50,07,08,2025,00,00*60
$SDDBT,0.689,f,0.210,M,0.115,F*
07
$SDMTW,24.7,C*05
$SDXDR,A,-0.1,D,PTCH,A,-0.2,D,ROLL*48
$SDXDR,A,0.00,P,EMA*1F
#F 30000 Hz*64
$SDZDA,152619.00,07,08,2025,00,00*64
$SDDBT,0.689,f,0.210,M,0.115,F*0
7
$SDMTW,24.8,C*0A
$SDXDR,A,0.0,D,PTCH,A,-0.2,D,ROLL*64
$SDXDR,A,0.00,P,EMA*1F
#F 30000 Hz*64
$SDZDA,152619.50,07,08,2025,00,00*61
$SDDBT,0.689,f,0.210,M,0.115,F*
07
$SDMTW,24.8,C*0A
$SDXDR,A,-0.1,D,PTCH,A,-0.2,D,ROLL*48
$SDXDR,A,0.00,P,EMA*1F
#F 30000 Hz*64
$SDZDA,152620.00,07,08,2025,00,00*6E
$SDDBT,0.689,f,0.210,M,0.115,F*0
7
$SDMTW,24.8,C*0A
$SDXDR,A,-0.1,D,PTCH,A,-0.2,D,ROLL*48
$SDXDR,A,0.00,P,EMA*1F
#F 30000 Hz*64
$SDZDA,152620.50,07,08,2025,00,00*6B
$SDDBT,0.689,f,0.210,M,0.115,F*
07
$SDMTW,24.8,C*0A
$SDXDR,A,-0.1,D,PTCH,A,-0.2,D,ROLL*48
$SDXDR,A,0.00,P,EMA*1F
#F 30000 Hz*64
$SDZDA,152621.00,07,08,2025,00,00*6F
$SDDBT,0.689,f,0.210,M,0.115,F*
07
$SDMTW,24.7,C*05
$SDXDR,A,-0.1,D,PTCH,A,-0.2,D,ROLL*48
$SDXDR,A,0.00,P,EMA*1F
#F 30000 Hz*64
$SDZDA,152621.50,07,08,2025,00,00*6A
$SDDBT,0.689,f,0.210,M,0.115,F*0
7
$SDMTW,24.8,C*0A
$SDXDR,A,-0.1,D,PTCH,A,-0.2,D,ROLL*48
$SDXDR,A,0.00,P,EMA*1F
#F 30000 Hz*64
$SDZDA,152622.00,07,08,2025,00,00*6C
$SDDBT,0.689,f,0.210,M,0.115,F*
07
$SDMTW,24.8,C*0A
$SDXDR,A,-0.1,D,PTCH,A,-0.2,D,ROLL*48
$SDXDR,A,0.00,P,EMA*1F
#F 30000 Hz*64
$SDZDA,152622.50,07,08,2025,00,00*69
$SDDBT,0.689,f,0.210,M,0.115,F*
07
$SDMTW,24.8,C*0A
$SDXDR,A,-0.1,D,PTCH,A,-0.2,D,ROLL*48
$SDXDR,A,0.00,P,EMA*1F
#F 30000 Hz*64
$SDZDA,152623.00,07,08,2025,00,00*6D
$SDDBT,0.689,f,0.210,M,0.115,F*0
7
$SDMTW,24.8,C*0A
$SDXDR,A,-0.1,D,PTCH,A,-0.2,D,ROLL*48
$SDXDR,A,0.00,P,EMA*1F
#F 30000 Hz*64
$SDZDA,152623.50,07,08,2025,00,00*68
$SDDBT,0.689,f,0.210,M,0.115,F*
07
$SDMTW,24.8,C*0A
$SDXDR,A,-0.1,D,PTCH,A,-0.3,D,ROLL*49
$SDXDR,A,0.00,P,EMA*1F
#F 30000 Hz*64
$SDZDA,152624.00,07,08,2025,00,00*6A
$SDDBT,0.689,f,0.210,M,0.115,F*0
7
$SDMTW,24.8,C*0A
$SDXDR,A,-0.1,D,PTCH,A,-0.1,D,ROLL*4B
$SDXDR,A,0.00,P,EMA*1F
#F 30000 Hz*64
$SDZDA,152624.50,07,08,2025,00,00*6F
$SDDBT,0.689,f,0.210,M,0.115,F*
07
$SDMTW,24.8,C*0A
$SDXDR,A,-0.1,D,PTCH,A,-0.2,D,ROLL*48
$SDXDR,A,0.00,P,EMA*1F
#F 30000 Hz*64
$SDZDA,152625.00,07,08,2025,00,00*6B
$SDDBT,0.689,f,0.210,M,0.115,F*
07
$SDMTW,24.8,C*0A
$SDXDR,A,-0.1,D,PTCH,A,-0.2,D,ROLL*48
$SDXDR,A,0.00,P,EMA*1F
#F 30000 Hz*64
$SDZDA,152625.50,07,08,2025,00,00*6E
$SDDBT,0.689,f,0.210,M,0.115,F*0
7
$SDMTW,24.8,C*0A
$SDXDR,A,-0.1,D,PTCH,A,-0.2,D,ROLL*48
$SDXDR,A,0.00,P,EMA*1F
#F 30000 Hz*64
$SDZDA,152626.00,07,08,2025,00,00*68
$SDDBT,0.689,f,0.210,M,0.115,F*
07
$SDMTW,24.8,C*0A
$SDXDR,A,-0.1,D,PTCH,A,-0.2,D,ROLL*48
$SDXDR,A,0.00,P,EMA*1F
#F 30000 Hz*64
$SDZDA,152626.50,07,08,2025,00,00*6D
$SDDBT,0.689,f,0.210,M,0.115,F*0
7
$SDMTW,24.8,C*0A
$SDXDR,A,-0.1,D,PTCH,A,-0.1,D,ROLL*4B
$SDXDR,A,0.00,P,EMA*1F
#F 30000 Hz*64
$SDZDA,152627.00,07,08,2025,00,00*69
$SDDBT,0.689,f,0.210,M,0.115,F*0
7
$SDMTW,24.8,C*0A
$SDXDR,A,-0.1,D,PTCH,A,-0.2,D,ROLL*48
$SDXDR,A,0.00,P,EMA*1F
#F 30000 Hz*64
$SDZDA,152627.50,07,08,2025,00,00*6C
$SDDBT,0.689,f,0.210,M,0.115,F*
07
$SDMTW,24.8,C*0A
$SDXDR,A,-0.1,D,PTCH,A,-0.2,D,ROLL*48
$SDXDR,A,0.00,P,EMA*1F
#F 30000 Hz*64
$SDZDA,152628.00,07,08,2025,00,00*66
$SDDBT,0.689,f,0.210,M,0.115,F*
07
$SDMTW,24.8,C*0A
$SDXDR,A,-0.1,D,PTCH,A,-0.2,D,ROLL*48
$SDXDR,A,0.00,P,EMA*1F
#F 30000 Hz*64
$SDZDA,152628.50,07,08,2025,00,00*63
$SDDBT,0.689,f,0.210,M,0.115,F*
07
$SDMTW,24.8,C*0A
$SDXDR,A,-0.1,D,PTCH,A,-0.2,D,ROLL*48
$SDXDR,A,0.00,P,EMA*1F
#F 30000 Hz*64
$SDZDA,152629.00,07,08,2025,00,00*67
$SDDBT,0.689,f,0.210,M,0.115,F*0
7
$SDMTW,24.8,C*0A
$SDXDR,A,-0.1,D,PTCH,A,-0.2,D,ROLL*48
$SDXDR,A,0.00,P,EMA*1F
#F 30000 Hz*64
$SDZDA,152629.50,07,08,2025,00,00*62
$SDDBT,0.689,f,0.210,M,0.115,F*
07
$SDMTW,24.8,C*0A
$SDXDR,A,-0.1,D,PTCH,A,-0.2,D,ROLL*48
$SDXDR,A,0.00,P,EMA*1F
#F 30000 Hz*64
$SDZDA,152630.00,07,08,2025,00,00*6F
$SDDBT,0.689,f,0.210,M,0.115,F*
07
$SDMTW,24.8,C*0A
$SDXDR,A,-0.1,D,PTCH,A,-0.2,D,ROLL*48
$SDXDR,A,0.00,P,EMA*1F
#F 30000 Hz*64
$SDZDA,152630.50,07,08,2025,00,00*6A
$SDDBT,0.689,f,0.210,M,0.115,F*
07
$SDMTW,24.8,C*0A
$SDXDR,A,-0.1,D,PTCH,A,-0.2,D,ROLL*48
$SDXDR,A,0.00,P,EMA*1F
#F 30000 Hz*64
$SDZDA,152631.00,07,08,2025,00,00*6E
$SDDBT,0.689,f,0.210,M,0.115,F*
07
$SDMTW,24.8,C*0A
$SDXDR,A,-0.1,D,PTCH,A,-0.2,D,ROLL*48
$SDXDR,A,0.00,P,EMA*1F
#F 30000 Hz*64
$SDZDA,152631.50,07,08,2025,00,00*6B
$SDDBT,0.689,f,0.210,M,0.115,F*0
7
$SDMTW,24.8,C*0A
$SDXDR,A,0.0,D,PTCH,A,-0.2,D,ROLL*64
$SDXDR,A,0.00,P,EMA*1F
#F 30000 Hz*64
$SDZDA,152632.00,07,08,2025,00,00*6D
$SDDBT,0.689,f,0.210,M,0.115,F*
07
$SDMTW,24.8,C*0A
$SDXDR,A,0.0,D,PTCH,A,-0.2,D,ROLL*64
$SDXDR,A,0.00,P,EMA*1F
#F 30000 Hz*64
$SDZDA,152632.50,07,08,2025,00,00*68
$SDDBT,0.689,f,0.210,M,0.115,F*
07
$SDMTW,24.8,C*0A
$SDXDR,A,-0.1,D,PTCH,A,-0.2,D,ROLL*48
$SDXDR,A,0.00,P,EMA*1F
#F 30000 Hz*64
$SDZDA,152633.00,07,08,2025,00,00*6C
$SDDBT,0.689,f,0.210,M,0.115,F*
07
$SDMTW,24.8,C*0A
$SDXDR,A,-0.1,D,PTCH,A,-0.2,D,ROLL*48
$SDXDR,A,0.00,P,EMA*1F
#F 30000 Hz*64
$SDZDA,152633.50,07,08,2025,00,00*69
$SDDBT,0.689,f,0.210,M,0.115,F*
07
$SDMTW,24.8,C*0A
$SDXDR,A,-0.1,D,PTCH,A,-0.2,D,ROLL*48
$SDXDR,A,0.00,P,EMA*1F
#F 30000 Hz*64
$SDZDA,152634.00,07,08,2025,00,00*6B
$SDDBT,0.689,f,0.210,M,0.115,F*0
7
$SDMTW,24.8,C*0A
$SDXDR,A,0.0,D,PTCH,A,-0.2,D,ROLL*64
$SDXDR,A,0.00,P,EMA*1F
#F 30000 Hz*64
$SDZDA,152634.50,07,08,2025,00,00*6E
$SDDBT,0.689,f,0.210,M,0.115,F*
07
$SDMTW,24.8,C*0A
$SDXDR,A,-0.1,D,PTCH,A,-0.2,D,ROLL*48
$SDXDR,A,0.00,P,EMA*1F
#F 30000 Hz*64
$SDZDA,152635.00,07,08,2025,00,00*6A
$SDDBT,0.689,f,0.210,M,0.115,F*
07
$SDMTW,24.8,C*0A
$SDXDR,A,-0.1,D,PTCH,A,-0.2,D,ROLL*48
$SDXDR,A,0.00,P,EMA*1F
#F 30000 Hz*64
$SDZDA,152635.50,07,08,2025,00,00*6F
$SDDBT,0.689,f,0.210,M,0.115,F*
07
$SDMTW,24.8,C*0A
$SDXDR,A,0.0,D,PTCH,A,-0.2,D,ROLL*64
$SDXDR,A,0.00,P,EMA*1F
#F 30000 Hz*64
$SDZDA,152636.00,07,08,2025,00,00*69
$SDDBT,0.689,f,0.210,M,0.115,F*
07
$SDMTW,24.8,C*0A
$SDXDR,A,-0.1,D,PTCH,A,-0.2,D,ROLL*48
$SDXDR,A,0.00,P,EMA*1F
#F 30000 Hz*64
$SDZDA,152636.50,07,08,2025,00,00*6C
$SDDBT,0.689,f,0.210,M,0.115,F*
07
$SDMTW,24.8,C*0A
$SDXDR,A,-0.1,D,PTCH,A,-0.2,D,ROLL*48
$SDXDR,A,0.00,P,EMA*1F
#F 30000 Hz*64
$SDZDA,152637.00,07,08,2025,00,00*68
$SDDBT,0.689,f,0.210,M,0.115,F*
07
$SDMTW,24.8,C*0A
$SDXDR,A,-0.1,D,PTCH,A,-0.2,D,ROLL*48
$SDXDR,A,0.00,P,EMA*1F
#F 30000 Hz*64
$SDZDA,152637.50,07,08,2025,00,00*6D
$SDDBT,0.689,f,0.210,M,0.115,F*
07
$SDMTW,24.8,C*0A
$SDXDR,A,-0.1,D,PTCH,A,-0.2,D,ROLL*48
$SDXDR,A,0.00,P,EMA*1F
#F 30000 Hz*64
$SDZDA,152638.00,07,08,2025,00,00*67
$SDDBT,0.689,f,0.210,M,0.115,F*
07
$SDMTW,24.8,C*0A
$SDXDR,A,-0.1,D,PTCH,A,-0.2,D,ROLL*48
$SDXDR,A,0.00,P,EMA*1F
#F 30000 Hz*64
$SDZDA,152638.50,07,08,2025,00,00*62
$SDDBT,0.689,f,0.210,M,0.115,F*
07
$SDMTW,24.8,C*0A
$SDXDR,A,0.0,D,PTCH,A,-0.2,D,ROLL*64
$SDXDR,A,0.00,P,EMA*1F
#F 30000 Hz*64
$SDZDA,152639.00,07,08,2025,00,00*66
$SDDBT,0.689,f,0.210,M,0.115,F*
07
$SDMTW,24.8,C*0A
$SDXDR,A,-0.1,D,PTCH,A,-0.2,D,ROLL*48
$SDXDR,A,0.00,P,EMA*1F
#F 30000 Hz*64
$SDZDA,152639.50,07,08,2025,00,00*63
$SDDBT,0.689,f,0.210,M,0.115,F*
07
$SDMTW,24.8,C*0A
$SDXDR,A,-0.1,D,PTCH,A,-0.2,D,ROLL*48
$SDXDR,A,0.00,P,EMA*1F
#F 30000 Hz*64
$SDZDA,152640.00,07,08,2025,00,00*68
$SDDBT,0.689,f,0.210,M,0.115,F*
07
$SDMTW,24.8,C*0A
$SDXDR,A,-0.1,D,PTCH,A,-0.2,D,ROLL*48
$SDXDR,A,0.00,P,EMA*1F
#F 30000 Hz*64
$SDZDA,152640.50,07,08,2025,00,00*6D
$SDDBT,0.689,f,0.210,M,0.115,F*
07
$SDMTW,24.8,C*0A
$SDXDR,A,-0.1,D,PTCH,A,-0.2,D,ROLL*48
$SDXDR,A,0.00,P,EMA*1F
#F 30000 Hz*64
$SDZDA,152641.00,07,08,2025,00,00*69
$SDDBT,0.689,f,0.210,M,0.115,F*
07
$SDMTW,24.8,C*0A
$SDXDR,A,0.0,D,PTCH,A,-0.2,D,ROLL*64
$SDXDR,A,0.00,P,EMA*1F
#F 30000 Hz*64
$SDZDA,152641.50,07,08,2025,00,00*6C
$SDDBT,0.689,f,0.210,M,0.115,F*
07
$SDMTW,24.8,C*0A
$SDXDR,A,-0.1,D,PTCH,A,-0.2,D,ROLL*48
$SDXDR,A,0.00,P,EMA*1F
#F 30000 Hz*64
$SDZDA,152642.00,07,08,2025,00,00*6A
$SDDBT,0.689,f,0.210,M,0.115,F*
07
$SDMTW,24.8,C*0A
$SDXDR,A,-0.1,D,PTCH,A,-0.2,D,ROLL*48
$SDXDR,A,0.00,P,EMA*1F
#F 30000 Hz*64
$SDZDA,152642.50,07,08,2025,00,00*6F
$SDDBT,0.689,f,0.210,M,0.115,F*
07
$SDMTW,24.8,C*0A
$SDXDR,A,-0.1,D,PTCH,A,-0.2,D,ROLL*48
$SDXDR,A,0.00,P,EMA*1F
#F 30000 Hz*64
$SDZDA,152643.00,07,08,2025,00,00*6B
$SDDBT,0.689,f,0.210,M,0.115,F*
07
$SDMTW,24.8,C*0A
$SDXDR,A,-0.1,D,PTCH,A,-0.2,D,ROLL*48
$SDXDR,A,0.00,P,EMA*1F
#F 30000 Hz*64
$SDZDA,152643.50,07,08,2025,00,00*6E
$SDDBT,0.689,f,0.210,M,0.115,F*
07
$SDMTW,24.8,C*0A
$SDXDR,A,-0.1,D,PTCH,A,-0.2,D,ROLL*48
$SDXDR,A,0.00,P,EMA*1F
#F 30000 Hz*64
$SDZDA,152644.00,07,08,2025,00,00*6C
$SDDBT,0.689,f,0.210,M,0.115,F*
07
$SDMTW,24.8,C*0A
$SDXDR,A,-0.1,D,PTCH,A,-0.2,D,ROLL*48
$SDXDR,A,0.00,P,EMA*1F
#F 30000 Hz*64
$SDZDA,152644.50,07,08,2025,00,00*69
$SDDBT,0.689,f,0.210,M,0.115,F*
07
$SDMTW,24.8,C*0A
$SDXDR,A,-0.1,D,PTCH,A,-0.2,D,ROLL*48
$SDXDR,A,0.00,P,EMA*1F
#F 30000 Hz*64
$SDZDA,152645.00,07,08,2025,00,00*6D
$SDDBT,0.689,f,0.210,M,0.115,F*
07
$SDMTW,24.8,C*0A
$SDXDR,A,0.0,D,PTCH,A,-0.2,D,ROLL*64
$SDXDR,A,0.00,P,EMA*1F
#F 30000 Hz*64
$SDZDA,152645.50,07,08,2025,00,00*68
$SDDBT,0.689,f,0.210,M,0.115,F*
07
$SDMTW,24.8,C*0A
$SDXDR,A,0.0,D,PTCH,A,-0.2,D,ROLL*64
$SDXDR,A,0.00,P,EMA*1F
#F 30000 Hz*64
$SDZDA,152646.00,07,08,2025,00,00*6E
$SDDBT,0.689,f,0.210,M,0.115,F*
07
$SDMTW,24.8,C*0A
$SDXDR,A,0.0,D,PTCH,A,-0.2,D,ROLL*64
$SDXDR,A,0.00,P,EMA*1F
#F 30000 Hz*64
$SDZDA,152646.50,07,08,2025,00,00*6B
$SDDBT,0.689,f,0.210,M,0.115,F*0
7
$SDMTW,24.8,C*0A
$SDXDR,A,-0.1,D,PTCH,A,-0.2,D,ROLL*48
$SDXDR,A,0.00,P,EMA*1F
#F 30000 Hz*64
$SDZDA,152647.00,07,08,2025,00,00*6F
$SDDBT,0.689,f,0.210,M,0.115,F*
07
$SDMTW,24.8,C*0A
$SDXDR,A,-0.1,D,PTCH,A,-0.2,D,ROLL*48
$SDXDR,A,0.00,P,EMA*1F
#F 30000 Hz*64
$SDZDA,152647.50,07,08,2025,00,00*6A
$SDDBT,0.689,f,0.210,M,0.115,F*
07
$SDMTW,24.8,C*0A
$SDXDR,A,-0.1,D,PTCH,A,-0.2,D,ROLL*48
$SDXDR,A,0.00,P,EMA*1F
#F 30000 Hz*64
$SDZDA,152648.00,07,08,2025,00,00*60
$SDDBT,0.689,f,0.210,M,0.115,F*
07
$SDMTW,24.8,C*0A
$SDXDR,A,-0.1,D,PTCH,A,-0.2,D,ROLL*48
$SDXDR,A,0.00,P,EMA*1F
#F 30000 Hz*64
$SDZDA,152648.50,07,08,2025,00,00*65
$SDDBT,0.689,f,0.210,M,0.115,F*
07
$SDMTW,24.8,C*0A
$SDXDR,A,0.0,D,PTCH,A,-0.2,D,ROLL*64
$SDXDR,A,0.00,P,EMA*1F
#F 30000 Hz*64
$SDZDA,152649.00,07,08,2025,00,00*61
$SDDBT,0.689,f,0.210,M,0.115,F*
07
$SDMTW,24.8,C*0A
$SDXDR,A,0.0,D,PTCH,A,-0.2,D,ROLL*64
$SDXDR,A,0.00,P,EMA*1F
#F 30000 Hz*64
$SDZDA,152649.50,07,08,2025,00,00*64
$SDDBT,0.689,f,0.210,M,0.115,F*
07
$SDMTW,24.8,C*0A
$SDXDR,A,-0.1,D,PTCH,A,-0.2,D,ROLL*48
$SDXDR,A,0.00,P,EMA*1F
#F 30000 Hz*64
$SDZDA,152650.00,07,08,2025,00,00*69
$SDDBT,0.689,f,0.210,M,0.115,F*
07
$SDMTW,24.8,C*0A
$SDXDR,A,-0.1,D,PTCH,A,-0.2,D,ROLL*48
$SDXDR,A,0.00,P,EMA*1F
#F 30000 Hz*64
$SDZDA,152650.50,07,08,2025,00,00*6C
$SDDBT,0.689,f,0.210,M,0.115,F*
07
$SDMTW,24.8,C*0A
$SDXDR,A,-0.1,D,PTCH,A,-0.2,D,ROLL*48
$SDXDR,A,0.00,P,EMA*1F
#F 30000 Hz*64
$SDZDA,152651.00,07,08,2025,00,00*68
$SDDBT,0.689,f,0.210,M,0.115,F*
07
$SDMTW,24.8,C*0A
$SDXDR,A,-0.1,D,PTCH,A,-0.2,D,ROLL*48
$SDXDR,A,0.00,P,EMA*1F
#F 30000 Hz*64
$SDZDA,152651.50,07,08,2025,00,00*6D
$SDDBT,0.689,f,0.210,M,0.115,F*0
7
$SDMTW,24.8,C*0A
$SDXDR,A,-0.1,D,PTCH,A,-0.2,D,ROLL*48
$SDXDR,A,0.00,P,EMA*1F
#F 30000 Hz*64
$SDZDA,152652.00,07,08,2025,00,00*6B
$SDDBT,0.689,f,0.210,M,0.115,F*0
7
$SDMTW,24.8,C*0A
$SDXDR,A,-0.1,D,PTCH,A,-0.2,D,ROLL*48
$SDXDR,A,0.00,P,EMA*1F
#F 30000 Hz*64
$SDZDA,152652.50,07,08,2025,00,00*6E
$SDDBT,0.689,f,0.210,M,0.115,F*
07
$SDMTW,24.8,C*0A
$SDXDR,A,-0.1,D,PTCH,A,-0.2,D,ROLL*48
$SDXDR,A,0.00,P,EMA*1F
#F 30000 Hz*64
$SDZDA,152653.00,07,08,2025,00,00*6A
$SDDBT,0.689,f,0.210,M,0.115,F*
07
$SDMTW,24.8,C*0A
$SDXDR,A,-0.1,D,PTCH,A,-0.2,D,ROLL*48
$SDXDR,A,0.00,P,EMA*1F
#F 30000 Hz*64
$SDZDA,152653.50,07,08,2025,00,00*6F
$SDDBT,0.689,f,0.210,M,0.115,F*
07
$SDMTW,24.8,C*0A
$SDXDR,A,-0.1,D,PTCH,A,-0.2,D,ROLL*48
$SDXDR,A,0.00,P,EMA*1F
#F 30000 Hz*64
$SDZDA,152654.00,07,08,2025,00,00*6D
$SDDBT,0.689,f,0.210,M,0.115,F*
07
$SDMTW,24.8,C*0A
$SDXDR,A,-0.1,D,PTCH,A,-0.2,D,ROLL*48
$SDXDR,A,0.00,P,EMA*1F
#F 30000 Hz*64
$SDZDA,152654.50,07,08,2025,00,00*68
$SDDBT,0.689,f,0.210,M,0.115,F*
07
$SDMTW,24.8,C*0A
$SDXDR,A,-0.1,D,PTCH,A,-0.2,D,ROLL*48
$SDXDR,A,0.00,P,EMA*1F
#F 30000 Hz*64
$SDZDA,152655.00,07,08,2025,00,00*6C
$SDDBT,0.689,f,0.210,M,0.115,F*
07
$SDMTW,24.8,C*0A
$SDXDR,A,-0.1,D,PTCH,A,-0.2,D,ROLL*48
$SDXDR,A,0.00,P,EMA*1F
#F 30000 Hz*64
$SDZDA,152655.50,07,08,2025,00,00*69
$SDDBT,0.689,f,0.210,M,0.115,F*
07
$SDMTW,24.8,C*0A
$SDXDR,A,0.0,D,PTCH,A,-0.2,D,ROLL*64
$SDXDR,A,0.00,P,EMA*1F
#F 30000 Hz*64
$SDZDA,152656.00,07,08,2025,00,00*6F
$SDDBT,0.689,f,0.210,M,0.115,F*
07
$SDMTW,24.8,C*0A
$SDXDR,A,0.0,D,PTCH,A,-0.2,D,ROLL*64
$SDXDR,A,0.00,P,EMA*1F
#F 30000 Hz*64
$SDZDA,152656.50,07,08,2025,00,00*6A
$SDDBT,0.689,f,0.210,M,0.115,F*0
7
$SDMTW,24.8,C*0A
$SDXDR,A,-0.1,D,PTCH,A,-0.2,D,ROLL*48
$SDXDR,A,0.00,P,EMA*1F
#F 30000 Hz*64
$SDZDA,152657.00,07,08,2025,00,00*6E
$SDDBT,0.689,f,0.210,M,0.115,F*
07
$SDMTW,24.8,C*0A
$SDXDR,A,-0.1,D,PTCH,A,-0.2,D,ROLL*48
$SDXDR,A,0.00,P,EMA*1F
#F 30000 Hz*64
$SDZDA,152657.50,07,08,2025,00,00*6B
$SDDBT,0.689,f,0.210,M,0.115,F*0
7
$SDMTW,24.8,C*0A
$SDXDR,A,-0.1,D,PTCH,A,-0.2,D,ROLL*48
$SDXDR,A,0.00,P,EMA*1F
#F 30000 Hz*64
$SDZDA,152658.00,07,08,2025,00,00*61
$SDDBT,0.689,f,0.210,M,0.115,F*0
7
$SDMTW,24.8,C*0A
$SDXDR,A,-0.1,D,PTCH,A,-0.2,D,ROLL*48
$SDXDR,A,0.00,P,EMA*1F
#F 30000 Hz*64
$SDZDA,152658.50,07,08,2025,00,00*64
$SDDBT,0.689,f,0.210,M,0.115,F*
07
$SDMTW,24.8,C*0A
$SDXDR,A,-0.1,D,PTCH,A,-0.2,D,ROLL*48
$SDXDR,A,0.00,P,EMA*1F
#F 30000 Hz*64
$SDZDA,152659.00,07,08,2025,00,00*60
$SDDBT,0.689,f,0.210,M,0.115,F*
07
$SDMTW,24.8,C*0A
$SDXDR,A,-0.1,D,PTCH,A,-0.2,D,ROLL*48
$SDXDR,A,0.00,P,EMA*1F
#F 30000 Hz*64
$SDZDA,152659.50,07,08,2025,00,00*65
$SDDBT,0.689,f,0.210,M,0.115,F*
07
$SDMTW,24.8,C*0A
$SDXDR,A,-0.1,D,PTCH,A,-0.2,D,ROLL*48
$SDXDR,A,0.00,P,EMA*1F
#F 30000 Hz*64
$SDZDA,152700.00,07,08,2025,00,00*6D
$SDDBT,0.689,f,0.210,M,0.115,F*
07
$SDMTW,24.8,C*0A
$SDXDR,A,-0.1,D,PTCH,A,-0.2,D,ROLL*48
$SDXDR,A,0.00,P,EMA*1F
#F 30000 Hz*64
$SDZDA,152700.50,07,08,2025,00,00*68
$SDDBT,0.689,f,0.210,M,0.115,F*
07
$SDMTW,24.8,C*0A
$SDXDR,A,-0.1,D,PTCH,A,-0.2,D,ROLL*48
$SDXDR,A,0.00,P,EMA*1F
#F 30000 Hz*64
$SDZDA,152701.00,07,08,2025,00,00*6C
$SDDBT,0.689,f,0.210,M,0.115,F*0
7
$SDMTW,24.8,C*0A
$SDXDR,A,-0.1,D,PTCH,A,-0.2,D,ROLL*48
$SDXDR,A,0.00,P,EMA*1F
#F 30000 Hz*64
$SDZDA,152701.50,07,08,2025,00,00*69
$SDDBT,0.689,f,0.210,M,0.115,F*
07
$SDMTW,24.8,C*0A
$SDXDR,A,-0.1,D,PTCH,A,-0.2,D,ROLL*48
$SDXDR,A,0.00,P,EMA*1F
#F 30000 Hz*64
$SDZDA,152702.00,07,08,2025,00,00*6F
$SDDBT,0.689,f,0.210,M,0.115,F*
07
$SDMTW,24.8,C*0A
$SDXDR,A,-0.1,D,PTCH,A,-0.2,D,ROLL*48
$SDXDR,A,0.00,P,EMA*1F
#F 30000 Hz*64
$SDZDA,152702.50,07,08,2025,00,00*6A
$SDDBT,0.689,f,0.210,M,0.115,F*0
7
$SDMTW,24.8,C*0A
$SDXDR,A,-0.1,D,PTCH,A,-0.2,D,ROLL*48
$SDXDR,A,0.00,P,EMA*1F
#F 30000 Hz*64
$SDZDA,152703.00,07,08,2025,00,00*6E
$SDDBT,0.689,f,0.210,M,0.115,F*
07
$SDMTW,24.8,C*0A
$SDXDR,A,0.0,D,PTCH,A,-0.2,D,ROLL*64
$SDXDR,A,0.00,P,EMA*1F
#F 30000 Hz*64
$SDZDA,152703.50,07,08,2025,00,00*6B
$SDDBT,0.689,f,0.210,M,0.115,F*0
7
$SDMTW,24.8,C*0A
$SDXDR,A,0.0,D,PTCH,A,-0.2,D,ROLL*64
$SDXDR,A,0.00,P,EMA*1F
#F 30000 Hz*64
$SDZDA,152704.00,07,08,2025,00,00*69
$SDDBT,0.689,f,0.210,M,0.115,F*
07
$SDMTW,24.8,C*0A
$SDXDR,A,-0.1,D,PTCH,A,-0.2,D,ROLL*48
$SDXDR,A,0.00,P,EMA*1F
#F 30000 Hz*64
$SDZDA,152704.50,07,08,2025,00,00*6C
$SDDBT,0.689,f,0.210,M,0.115,F*0
7
$SDMTW,24.8,C*0A
$SDXDR,A,-0.1,D,PTCH,A,-0.2,D,ROLL*48
$SDXDR,A,0.00,P,EMA*1F
#F 30000 Hz*64
$SDZDA,152705.00,07,08,2025,00,00*68
$SDDBT,0.689,f,0.210,M,0.115,F*
07
$SDMTW,24.8,C*0A
$SDXDR,A,-0.1,D,PTCH,A,-0.2,D,ROLL*48
$SDXDR,A,0.00,P,EMA*1F
#F 30000 Hz*64
$SDZDA,152705.50,07,08,2025,00,00*6D
$SDDBT,0.689,f,0.210,M,0.115,F*
07
$SDMTW,24.8,C*0A
$SDXDR,A,-0.1,D,PTCH,A,-0.2,D,ROLL*48
$SDXDR,A,0.00,P,EMA*1F
#F 30000 Hz*64
$SDZDA,152706.00,07,08,2025,00,00*6B
$SDDBT,0.689,f,0.210,M,0.115,F*
07
$SDMTW,24.8,C*0A
$SDXDR,A,-0.1,D,PTCH,A,-0.2,D,ROLL*48
$SDXDR,A,0.00,P,EMA*1F
#F 30000 Hz*64
$SDZDA,152706.50,07,08,2025,00,00*6E
$SDDBT,0.689,f,0.210,M,0.115,F*
07
$SDMTW,24.8,C*0A
$SDXDR,A,-0.1,D,PTCH,A,-0.2,D,ROLL*48
$SDXDR,A,0.00,P,EMA*1F
#F 30000 Hz*64
$SDZDA,152707.00,07,08,2025,00,00*6A
$SDDBT,0.689,f,0.210,M,0.115,F*
07
$SDMTW,24.8,C*0A
$SDXDR,A,0.0,D,PTCH,A,-0.2,D,ROLL*64
$SDXDR,A,0.00,P,EMA*1F
#F 30000 Hz*64
$SDZDA,152707.50,07,08,2025,00,00*6F
$SDDBT,0.689,f,0.210,M,0.115,F*
07
$SDMTW,24.8,C*0A
$SDXDR,A,-0.1,D,PTCH,A,-0.2,D,ROLL*48
$SDXDR,A,0.00,P,EMA*1F
#F 30000 Hz*64
$SDZDA,152708.00,07,08,2025,00,00*65
$SDDBT,0.689,f,0.210,M,0.115,F*
07
$SDMTW,24.8,C*0A
$SDXDR,A,-0.1,D,PTCH,A,-0.2,D,ROLL*48
$SDXDR,A,0.00,P,EMA*1F
#F 30000 Hz*64
$SDZDA,152708.50,07,08,2025,00,00*60
$SDDBT,0.689,f,0.210,M,0.115,F*
07
$SDMTW,24.8,C*0A
$SDXDR,A,-0.1,D,PTCH,A,-0.2,D,ROLL*48
$SDXDR,A,0.00,P,EMA*1F
#F 30000 Hz*64
$SDZDA,152709.00,07,08,2025,00,00*64
$SDDBT,0.689,f,0.210,M,0.115,F*
07
$SDMTW,24.8,C*0A
$SDXDR,A,-0.1,D,PTCH,A,-0.2,D,ROLL*48
$SDXDR,A,0.00,P,EMA*1F
#F 30000 Hz*64
$SDZDA,152709.50,07,08,2025,00,00*61
$SDDBT,0.689,f,0.210,M,0.115,F*
07
$SDMTW,24.8,C*0A
$SDXDR,A,-0.1,D,PTCH,A,-0.2,D,ROLL*48
$SDXDR,A,0.00,P,EMA*1F
#F 30000 Hz*64
$SDZDA,152710.00,07,08,2025,00,00*6C
$SDDBT,0.689,f,0.210,M,0.115,F*
07
$SDMTW,24.8,C*0A
$SDXDR,A,-0.1,D,PTCH,A,-0.2,D,ROLL*48
$SDXDR,A,0.00,P,EMA*1F
#F 30000 Hz*64
$SDZDA,152710.50,07,08,2025,00,00*69
$SDDBT,0.689,f,0.210,M,0.115,F*
07
$SDMTW,24.8,C*0A
$SDXDR,A,-0.1,D,PTCH,A,-0.2,D,ROLL*48
$SDXDR,A,0.00,P,EMA*1F
#F 30000 Hz*64
$SDZDA,152711.00,07,08,2025,00,00*6D
$SDDBT,0.689,f,0.210,M,0.115,F*
07
$SDMTW,24.8,C*0A
$SDXDR,A,0.0,D,PTCH,A,-0.2,D,ROLL*64
$SDXDR,A,0.00,P,EMA*1F
#F 30000 Hz*64
$SDZDA,152711.50,07,08,2025,00,00*68
$SDDBT,0.689,f,0.210,M,0.115,F*
07
$SDMTW,24.8,C*0A
$SDXDR,A,0.0,D,PTCH,A,-0.2,D,ROLL*64
$SDXDR,A,0.00,P,EMA*1F
#F 30000 Hz*64
$SDZDA,152712.00,07,08,2025,00,00*6E
$SDDBT,0.689,f,0.210,M,0.115,F*
07
$SDMTW,24.8,C*0A
$SDXDR,A,-0.1,D,PTCH,A,-0.2,D,ROLL*48
$SDXDR,A,0.00,P,EMA*1F
#F 30000 Hz*64
$SDZDA,152712.50,07,08,2025,00,00*6B
$SDDBT,0.689,f,0.210,M,0.115,F*
07
$SDMTW,24.8,C*0A
$SDXDR,A,-0.1,D,PTCH,A,-0.2,D,ROLL*48
$SDXDR,A,0.00,P,EMA*1F
#F 30000 Hz*64
$SDZDA,152713.00,07,08,2025,00,00*6F
$SDDBT,0.689,f,0.210,M,0.115,F*
07
$SDMTW,24.8,C*0A
$SDXDR,A,-0.1,D,PTCH,A,-0.2,D,ROLL*48
$SDXDR,A,0.00,P,EMA*1F
#F 30000 Hz*64
$SDZDA,152713.50,07,08,2025,00,00*6A
$SDDBT,0.689,f,0.210,M,0.115,F*
07
$SDMTW,24.8,C*0A
$SDXDR,A,-0.1,D,PTCH,A,-0.2,D,ROLL*48
$SDXDR,A,0.00,P,EMA*1F
#F 30000 Hz*64
$SDZDA,152714.00,07,08,2025,00,00*68
$SDDBT,0.689,f,0.210,M,0.115,F*0
7
$SDMTW,24.8,C*0A
$SDXDR,A,-0.1,D,PTCH,A,-0.3,D,ROLL*49
$SDXDR,A,0.00,P,EMA*1F
#F 30000 Hz*64
$SDZDA,152714.50,07,08,2025,00,00*6D
$SDDBT,0.689,f,0.210,M,0.115,F*
07
$SDMTW,24.8,C*0A
$SDXDR,A,-0.1,D,PTCH,A,-0.2,D,ROLL*48
$SDXDR,A,0.00,P,EMA*1F
#F 30000 Hz*64
$SDZDA,152715.00,07,08,2025,00,00*69
$SDDBT,0.689,f,0.210,M,0.115,F*
07
$SDMTW,24.8,C*0A
$SDXDR,A,0.0,D,PTCH,A,-0.2,D,ROLL*64
$SDXDR,A,0.00,P,EMA*1F
#F 30000 Hz*64
$SDZDA,152715.50,07,08,2025,00,00*6C
$SDDBT,0.689,f,0.210,M,0.115,F*
07
$SDMTW,24.8,C*0A
$SDXDR,A,-0.1,D,PTCH,A,-0.2,D,ROLL*48
$SDXDR,A,0.00,P,EMA*1F
#F 30000 Hz*64
$SDZDA,152716.00,07,08,2025,00,00*6A
$SDDBT,0.689,f,0.210,M,0.115,F*
07
$SDMTW,24.8,C*0A
$SDXDR,A,0.0,D,PTCH,A,-0.2,D,ROLL*64
$SDXDR,A,0.00,P,EMA*1F
#F 30000 Hz*64
$SDZDA,152716.50,07,08,2025,00,00*6F
$SDDBT,0.689,f,0.210,M,0.115,F*
07
$SDMTW,24.8,C*0A
$SDXDR,A,-0.1,D,PTCH,A,-0.2,D,ROLL*48
$SDXDR,A,0.00,P,EMA*1F
#F 30000 Hz*64
$SDZDA,152717.00,07,08,2025,00,00*6B
$SDDBT,0.689,f,0.210,M,0.115,F*
07
$SDMTW,24.8,C*0A
$SDXDR,A,-0.1,D,PTCH,A,-0.2,D,ROLL*48
$SDXDR,A,0.00,P,EMA*1F
#F 30000 Hz*64
$SDZDA,152717.50,07,08,2025,00,00*6E
$SDDBT,0.689,f,0.210,M,0.115,F*
07
$SDMTW,24.8,C*0A
$SDXDR,A,-0.1,D,PTCH,A,-0.2,D,ROLL*48
$SDXDR,A,0.00,P,EMA*1F
#F 30000 Hz*64
$SDZDA,152718.00,07,08,2025,00,00*64
$SDDBT,0.689,f,0.210,M,0.115,F*
07
$SDMTW,24.8,C*0A
$SDXDR,A,-0.1,D,PTCH,A,-0.2,D,ROLL*48
$SDXDR,A,0.00,P,EMA*1F
#F 30000 Hz*64
$SDZDA,152718.50,07,08,2025,00,00*61
$SDDBT,0.689,f,0.210,M,0.115,F*
07
$SDMTW,24.8,C*0A
$SDXDR,A,0.0,D,PTCH,A,-0.2,D,ROLL*64
$SDXDR,A,0.00,P,EMA*1F
#F 30000 Hz*64
$SDZDA,152719.00,07,08,2025,00,00*65
$SDDBT,0.689,f,0.210,M,0.115,F*
07
$SDMTW,24.8,C*0A
$SDXDR,A,-0.1,D,PTCH,A,-0.2,D,ROLL*48
$SDXDR,A,0.00,P,EMA*1F
#F 30000 Hz*64
$SDZDA,152719.50,07,08,2025,00,00*60
$SDDBT,0.689,f,0.210,M,0.115,F*
07
$SDMTW,24.8,C*0A
$SDXDR,A,-0.1,D,PTCH,A,-0.2,D,ROLL*48
$SDXDR,A,0.00,P,EMA*1F
#F 30000 Hz*64
$SDZDA,152720.00,07,08,2025,00,00*6F
$SDDBT,0.689,f,0.210,M,0.115,F*
07
$SDMTW,24.8,C*0A
$SDXDR,A,-0.1,D,PTCH,A,-0.2,D,ROLL*48
$SDXDR,A,0.00,P,EMA*1F
#F 30000 Hz*64
$SDZDA,152720.50,07,08,2025,00,00*6A
$SDDBT,0.689,f,0.210,M,0.115,F*
07
$SDMTW,24.8,C*0A
$SDXDR,A,-0.1,D,PTCH,A,-0.2,D,ROLL*48
$SDXDR,A,0.00,P,EMA*1F
#F 30000 Hz*64
$SDZDA,152721.00,07,08,2025,00,00*6E
$SDDBT,0.689,f,0.210,M,0.115,F*
07
$SDMTW,24.8,C*0A
$SDXDR,A,-0.1,D,PTCH,A,-0.2,D,ROLL*48
$SDXDR,A,0.00,P,EMA*1F
#F 30000 Hz*64
$SDZDA,152721.50,07,08,2025,00,00*6B
$SDDBT,0.689,f,0.210,M,0.115,F*
07
$SDMTW,24.8,C*0A
$SDXDR,A,-0.1,D,PTCH,A,-0.2,D,ROLL*48
$SDXDR,A,0.00,P,EMA*1F
#F 30000 Hz*64
$SDZDA,152722.00,07,08,2025,00,00*6D
$SDDBT,0.689,f,0.210,M,0.115,F*
07
$SDMTW,24.8,C*0A
$SDXDR,A,-0.1,D,PTCH,A,-0.2,D,ROLL*48
$SDXDR,A,0.00,P,EMA*1F
#F 30000 Hz*64
$SDZDA,152722.50,07,08,2025,00,00*68
$SDDBT,0.689,f,0.210,M,0.115,F*
07
$SDMTW,24.8,C*0A
$SDXDR,A,-0.1,D,PTCH,A,-0.2,D,ROLL*48
$SDXDR,A,0.00,P,EMA*1F
#F 30000 Hz*64
$SDZDA,152723.00,07,08,2025,00,00*6C
$SDDBT,0.689,f,0.210,M,0.115,F*
07
$SDMTW,24.8,C*0A
$SDXDR,A,-0.1,D,PTCH,A,-0.2,D,ROLL*48
$SDXDR,A,0.00,P,EMA*1F
#F 30000 Hz*64
$SDZDA,152723.50,07,08,2025,00,00*69
$SDDBT,0.689,f,0.210,M,0.115,F*
07
$SDMTW,24.8,C*0A
$SDXDR,A,-0.1,D,PTCH,A,-0.2,D,ROLL*48
$SDXDR,A,0.00,P,EMA*1F
#F 30000 Hz*64
$SDZDA,152724.00,07,08,2025,00,00*6B
$SDDBT,0.689,f,0.210,M,0.115,F*
07
$SDMTW,24.8,C*0A
$SDXDR,A,-0.1,D,PTCH,A,-0.2,D,ROLL*48
$SDXDR,A,0.00,P,EMA*1F
#F 30000 Hz*64
$SDZDA,152724.50,07,08,2025,00,00*6E
$SDDBT,0.689,f,0.210,M,0.115,F*
07
$SDMTW,24.8,C*0A
$SDXDR,A,-0.1,D,PTCH,A,-0.2,D,ROLL*48
$SDXDR,A,0.00,P,EMA*1F
#F 30000 Hz*64
$SDZDA,152725.00,07,08,2025,00,00*6A
$SDDBT,0.689,f,0.210,M,0.115,F*
07
$SDMTW,24.8,C*0A
$SDXDR,A,-0.1,D,PTCH,A,-0.2,D,ROLL*48
$SDXDR,A,0.00,P,EMA*1F
#F 30000 Hz*64
$SDZDA,152725.50,07,08,2025,00,00*6F
$SDDBT,0.689,f,0.210,M,0.115,F*
07
$SDMTW,24.8,C*0A
$SDXDR,A,-0.1,D,PTCH,A,-0.2,D,ROLL*48
$SDXDR,A,0.00,P,EMA*1F
#F 30000 Hz*64
$SDZDA,152726.00,07,08,2025,00,00*69
$SDDBT,0.689,f,0.210,M,0.115,F*
07
$SDMTW,24.8,C*0A
$SDXDR,A,0.0,D,PTCH,A,-0.2,D,ROLL*64
$SDXDR,A,0.00,P,EMA*1F
#F 30000 Hz*64
$SDZDA,152726.50,07,08,2025,00,00*6C
$SDDBT,0.689,f,0.210,M,0.115,F*
07
$SDMTW,24.8,C*0A
$SDXDR,A,-0.1,D,PTCH,A,-0.2,D,ROLL*48
$SDXDR,A,0.00,P,EMA*1F
#F 30000 Hz*64
$SDZDA,152727.00,07,08,2025,00,00*68
$SDDBT,0.689,f,0.210,M,0.115,F*
07
$SDMTW,24.8,C*0A
$SDXDR,A,-0.1,D,PTCH,A,-0.2,D,ROLL*48
$SDXDR,A,0.00,P,EMA*1F
#F 30000 Hz*64
$SDZDA,152727.50,07,08,2025,00,00*6D
$SDDBT,0.689,f,0.210,M,0.115,F*
07
$SDMTW,24.8,C*0A
$SDXDR,A,-0.1,D,PTCH,A,-0.2,D,ROLL*48
$SDXDR,A,0.00,P,EMA*1F
#F 30000 Hz*64
$SDZDA,152728.00,07,08,2025,00,00*67
$SDDBT,0.689,f,0.210,M,0.115,F*
07
$SDMTW,24.8,C*0A
$SDXDR,A,-0.1,D,PTCH,A,-0.2,D,ROLL*48
$SDXDR,A,0.00,P,EMA*1F
#F 30000 Hz*64
$SDZDA,152728.50,07,08,2025,00,00*62
$SDDBT,0.689,f,0.210,M,0.115,F*
07
$SDMTW,24.8,C*0A
$SDXDR,A,-0.1,D,PTCH,A,-0.2,D,ROLL*48
$SDXDR,A,0.00,P,EMA*1F
#F 30000 Hz*64
$SDZDA,152729.00,07,08,2025,00,00*66
$SDDBT,0.689,f,0.210,M,0.115,F*0
7
$SDMTW,24.8,C*0A
$SDXDR,A,-0.1,D,PTCH,A,-0.2,D,ROLL*48
$SDXDR,A,0.00,P,EMA*1F
#F 30000 Hz*64
$SDZDA,152729.50,07,08,2025,00,00*63
$SDDBT,0.689,f,0.210,M,0.115,F*
07
$SDMTW,24.8,C*0A
$SDXDR,A,-0.1,D,PTCH,A,-0.2,D,ROLL*48
$SDXDR,A,0.00,P,EMA*1F
#F 30000 Hz*64
$SDZDA,152730.00,07,08,2025,00,00*6E
$SDDBT,0.689,f,0.210,M,0.115,F*
07
$SDMTW,24.8,C*0A
$SDXDR,A,-0.1,D,PTCH,A,-0.2,D,ROLL*48
$SDXDR,A,0.00,P,EMA*1F
#F 30000 Hz*64
$SDZDA,152730.50,07,08,2025,00,00*6B
$SDDBT,0.689,f,0.210,M,0.115,F*
07
$SDMTW,24.8,C*0A
$SDXDR,A,-0.1,D,PTCH,A,-0.2,D,ROLL*48
$SDXDR,A,0.00,P,EMA*1F
#F 30000 Hz*64
$SDZDA,152731.00,07,08,2025,00,00*6F
$SDDBT,0.689,f,0.210,M,0.115,F*
07
$SDMTW,24.8,C*0A
$SDXDR,A,-0.1,D,PTCH,A,-0.2,D,ROLL*48
$SDXDR,A,0.00,P,EMA*1F
#F 30000 Hz*64
$SDZDA,152731.50,07,08,2025,00,00*6A
$SDDBT,0.689,f,0.210,M,0.115,F*
07
$SDMTW,24.8,C*0A
$SDXDR,A,-0.1,D,PTCH,A,-0.2,D,ROLL*48
$SDXDR,A,0.00,P,EMA*1F
#F 30000 Hz*64
$SDZDA,152732.00,07,08,2025,00,00*6C
$SDDBT,0.689,f,0.210,M,0.115,F*
07
$SDMTW,24.8,C*0A
$SDXDR,A,-0.1,D,PTCH,A,-0.2,D,ROLL*48
$SDXDR,A,0.00,P,EMA*1F
#F 30000 Hz*64
$SDZDA,152732.50,07,08,2025,00,00*69
$SDDBT,0.689,f,0.210,M,0.115,F*
07
$SDMTW,24.8,C*0A
$SDXDR,A,-0.1,D,PTCH,A,-0.2,D,ROLL*48
$SDXDR,A,0.00,P,EMA*1F
#F 30000 Hz*64
$SDZDA,152733.00,07,08,2025,00,00*6D
$SDDBT,0.689,f,0.210,M,0.115,F*
07
$SDMTW,24.8,C*0A
$SDXDR,A,0.0,D,PTCH,A,-0.2,D,ROLL*64
$SDXDR,A,0.00,P,EMA*1F
#F 30000 Hz*64
$SDZDA,152733.50,07,08,2025,00,00*68
$SDDBT,0.689,f,0.210,M,0.115,F*
07
$SDMTW,24.8,C*0A
$SDXDR,A,-0.1,D,PTCH,A,-0.2,D,ROLL*48
$SDXDR,A,0.00,P,EMA*1F
#F 30000 Hz*64
$SDZDA,152734.00,07,08,2025,00,00*6A
$SDDBT,0.689,f,0.210,M,0.115,F*
07
$SDMTW,24.8,C*0A
$SDXDR,A,-0.1,D,PTCH,A,-0.2,D,ROLL*48
$SDXDR,A,0.00,P,EMA*1F
#F 30000 Hz*64
$SDZDA,152734.50,07,08,2025,00,00*6F
$SDDBT,0.689,f,0.210,M,0.115,F*
07
$SDMTW,24.8,C*0A
$SDXDR,A,-0.1,D,PTCH,A,-0.2,D,ROLL*48
$SDXDR,A,0.00,P,EMA*1F
#F 30000 Hz*64
$SDZDA,152735.00,07,08,2025,00,00*6B
$SDDBT,0.689,f,0.210,M,0.115,F*
07
$SDMTW,24.8,C*0A
$SDXDR,A,0.0,D,PTCH,A,-0.3,D,ROLL*65
$SDXDR,A,0.00,P,EMA*1F
#F 30000 Hz*64
$SDZDA,152735.50,07,08,2025,00,00*6E
$SDDBT,0.689,f,0.210,M,0.115,F*
07
$SDMTW,24.8,C*0A
$SDXDR,A,-0.1,D,PTCH,A,-0.2,D,ROLL*48
$SDXDR,A,0.00,P,EMA*1F
#F 30000 Hz*64
$SDZDA,152736.00,07,08,2025,00,00*68
$SDDBT,0.689,f,0.210,M,0.115,F*0
7
$SDMTW,24.8,C*0A
$SDXDR,A,-0.1,D,PTCH,A,-0.2,D,ROLL*48
$SDXDR,A,0.00,P,EMA*1F
#F 30000 Hz*64
$SDZDA,152736.50,07,08,2025,00,00*6D
$SDDBT,0.689,f,0.210,M,0.115,F*
07
$SDMTW,24.8,C*0A
$SDXDR,A,-0.1,D,PTCH,A,-0.2,D,ROLL*48
$SDXDR,A,0.00,P,EMA*1F
#F 30000 Hz*64
$SDZDA,152737.00,07,08,2025,00,00*69
$SDDBT,0.689,f,0.210,M,0.115,F*
07
$SDMTW,24.8,C*0A
$SDXDR,A,-0.1,D,PTCH,A,-0.2,D,ROLL*48
$SDXDR,A,0.00,P,EMA*1F
#F 30000 Hz*64
$SDZDA,152737.50,07,08,2025,00,00*6C
$SDDBT,0.689,f,0.210,M,0.115,F*
07
$SDMTW,24.8,C*0A
$SDXDR,A,-0.1,D,PTCH,A,-0.2,D,ROLL*48
$SDXDR,A,0.00,P,EMA*1F
#F 30000 Hz*64
$SDZDA,152738.00,07,08,2025,00,00*66
$SDDBT,0.689,f,0.210,M,0.115,F*
07
$SDMTW,24.8,C*0A
$SDXDR,A,-0.1,D,PTCH,A,-0.2,D,ROLL*48
$SDXDR,A,0.00,P,EMA*1F
#F 30000 Hz*64
$SDZDA,152738.50,07,08,2025,00,00*63
$SDDBT,0.689,f,0.210,M,0.115,F*0
7
$SDMTW,24.8,C*0A
$SDXDR,A,-0.1,D,PTCH,A,-0.1,D,ROLL*4B
$SDXDR,A,0.00,P,EMA*1F
#F 30000 Hz*64
$SDZDA,152739.00,07,08,2025,00,00*67
$SDDBT,0.689,f,0.210,M,0.115,F*
07
$SDMTW,24.8,C*0A
$SDXDR,A,-0.1,D,PTCH,A,-0.2,D,ROLL*48
$SDXDR,A,0.00,P,EMA*1F
#F 30000 Hz*64
$SDZDA,152739.50,07,08,2025,00,00*62
$SDDBT,0.689,f,0.210,M,0.115,F*
07
$SDMTW,24.8,C*0A
$SDXDR,A,-0.1,D,PTCH,A,-0.2,D,ROLL*48
$SDXDR,A,0.00,P,EMA*1F
