#F 30000 Hz*64
$SDZDA,000600.12,08,08,2025,00,00*66
$SDDBT,2.974,f,0.907,M,0.496,F*0
B
$SDMTW,26.5,C*05
$SDXDR,A,0.1,D,PTCH,A,0.1,D,ROLL*4B
$SDXDR,A,10.11,P,EMA*2E
#F 30000 Hz*64
$SDZDA,000600.62,08,08,2025,00,00*61
$SDDBT,2.974,f,0.907,M,0.496,F*0B

$SDMTW,26.5,C*05
$SDXDR,A,0.3,D,PTCH,A,0.3,D,ROLL*4B
$SDXDR,A,9.99,P,EMA*16
#F 30000 Hz*64
$SDZDA,000601.12,08,08,2025,00,00*67
$SDDBT,3.024,f,0.922,M,0.504,F*0B

$SDMTW,26.5,C*05
$SDXDR,A,0.3,D,PTCH,A,0.4,D,ROLL*4C
$SDXDR,A,10.48,P,EMA*22
#F 30000 Hz*64
$SDZDA,000601.62,08,08,2025,00,00*60
$SDDBT,2.974,f,0.907,M,0.496,F*0B

$SDMTW,26.5,C*05
$SDXDR,A,0.3,D,PTCH,A,0.3,D,ROLL*4B
$SDXDR,A,10.04,P,EMA*2A
#F 30000 Hz*64
$SDZDA,000602.12,08,08,2025,00,00*64
$SDDBT,2.974,f,0.907,M,0.496,F*0B

$SDMTW,26.5,C*05
$SDXDR,A,0.2,D,PTCH,A,0.1,D,ROLL*48
$SDXDR,A,9.99,P,EMA*16
#F 30000 Hz*64
$SDZDA,000602.62,08,08,2025,00,00*63
$SDDBT,2.974,f,0.907,M,0.496,F*0
B
$SDMTW,26.5,C*05
$SDXDR,A,0.1,D,PTCH,A,0.2,D,ROLL*48
$SDXDR,A,10.16,P,EMA*29
#F 30000 Hz*64
$SDZDA,000603.12,08,08,2025,00,00*65
$SDDBT,2.974,f,0.907,M,0.496,F*0B

$SDMTW,26.5,C*05
$SDXDR,A,0.3,D,PTCH,A,0.4,D,ROLL*4C
$SDXDR,A,9.99,P,EMA*16
#F 30000 Hz*64
$SDZDA,000603.62,08,08,2025,00,00*62
$SDDBT,2.974,f,0.907,M,0.496,F*0B

$SDMTW,26.5,C*05
$SDXDR,A,0.3,D,PTCH,A,0.4,D,ROLL*4C
$SDXDR,A,10.01,P,EMA*2F
#F 30000 Hz*64
$SDZDA,000604.12,08,08,2025,00,00*62
$SDDBT,2.974,f,0.907,M,0.496,F*0B

$SDMTW,26.5,C*05
$SDXDR,A,0.3,D,PTCH,A,0.4,D,ROLL*4C
$SDXDR,A,10.04,P,EMA*2A
#F 30000 Hz*64
$SDZDA,000604.62,08,08,2025,00,00*65
$SDDBT,2.974,f,0.907,M,0.496,F*0B

$SDMTW,26.5,C*05
$SDXDR,A,0.2,D,PTCH,A,0.1,D,ROLL*48
$SDXDR,A,10.11,P,EMA*2E
#F 30000 Hz*64
$SDZDA,000605.12,08,08,2025,00,00*63
$SDDBT,2.974,f,0.907,M,0.496,F*0
B
$SDMTW,26.5,C*05
$SDXDR,A,0.3,D,PTCH,A,0.3,D,ROLL*4B
$SDXDR,A,10.21,P,EMA*2D
#F 30000 Hz*64
$SDZDA,000605.62,08,08,2025,00,00*64
$SDDBT,2.974,f,0.907,M,0.496,F*0B

$SDMTW,26.5,C*05
$SDXDR,A,0.3,D,PTCH,A,0.4,D,ROLL*4C
$SDXDR,A,10.09,P,EMA*27
#F 30000 Hz*64
$SDZDA,000606.12,08,08,2025,00,00*60
$SDDBT,2.974,f,0.907,M,0.496,F*0B

$SDMTW,26.5,C*05
$SDXDR,A,0.3,D,PTCH,A,0.4,D,ROLL*4C
$SDXDR,A,10.09,P,EMA*27
#F 30000 Hz*64
$SDZDA,000606.62,08,08,2025,00,00*67
$SDDBT,2.974,f,0.907,M,0.496,F*0B

$SDMTW,26.5,C*05
$SDXDR,A,0.3,D,PTCH,A,0.4,D,ROLL*4C
$SDXDR,A,10.13,P,EMA*2C
#F 30000 Hz*64
$SDZDA,000607.12,08,08,2025,00,00*61
$SDDBT,2.974,f,0.907,M,0.496,F*0B

$SDMTW,26.5,C*05
$SDXDR,A,0.1,D,PTCH,A,0.0,D,ROLL*4A
$SDXDR,A,10.13,P,EMA*2C
#F 30000 Hz*64
$SDZDA,000607.62,08,08,2025,00,00*66
$SDDBT,2.974,f,0.907,M,0.496,F*0B

$SDMTW,26.5,C*05
$SDXDR,A,0.3,D,PTCH,A,0.4,D,ROLL*4C
$SDXDR,A,10.28,P,EMA*24
#F 30000 Hz*64
$SDZDA,000608.12,08,08,2025,00,00*6E
$SDDBT,2.974,f,0.907,M,0.496,F*0B

$SDMTW,26.5,C*05
$SDXDR,A,0.3,D,PTCH,A,0.4,D,ROLL*4C
$SDXDR,A,10.18,P,EMA*27
#F 30000 Hz*64
$SDZDA,000608.62,08,08,2025,00,00*69
$SDDBT,2.974,f,0.907,M,0.496,F*0B

$SDMTW,26.5,C*05
$SDXDR,A,0.3,D,PTCH,A,0.4,D,ROLL*4C
$SDXDR,A,10.16,P,EMA*29
#F 30000 Hz*64
$SDZDA,000609.12,08,08,2025,00,00*6F
$SDDBT,2.974,f,0.907,M,0.496,F*0B

$SDMTW,26.5,C*05
$SDXDR,A,0.3,D,PTCH,A,0.4,D,ROLL*4C
$SDXDR,A,10.18,P,EMA*27
#F 30000 Hz*64
$SDZDA,000609.62,08,08,2025,00,00*68
$SDDBT,2.974,f,0.907,M,0.496,F*0B

$SDMTW,26.5,C*05
$SDXDR,A,0.0,D,PTCH,A,-0.1,D,ROLL*67
$SDXDR,A,10.21,P,EMA*2D
#F 30000 Hz*64
$SDZDA,000610.12,08,08,2025,00,00*67
$SDDBT,2.974,f,0.907,M,0.496,F*0
B
$SDMTW,26.5,C*05
$SDXDR,A,0.3,D,PTCH,A,0.4,D,ROLL*4C
$SDXDR,A,10.35,P,EMA*28
#F 30000 Hz*64
$SDZDA,000610.62,08,08,2025,00,00*60
$SDDBT,2.974,f,0.907,M,0.496,F*0B

$SDMTW,26.5,C*05
$SDXDR,A,0.3,D,PTCH,A,0.4,D,ROLL*4C
$SDXDR,A,10.21,P,EMA*2D
#F 30000 Hz*64
$SDZDA,000611.12,08,08,2025,00,00*66
$SDDBT,2.974,f,0.907,M,0.496,F*0B

$SDMTW,26.5,C*05
$SDXDR,A,0.3,D,PTCH,A,0.4,D,ROLL*4C
$SDXDR,A,10.23,P,EMA*2F
#F 30000 Hz*64
$SDZDA,000611.62,08,08,2025,00,00*61
$SDDBT,2.974,f,0.907,M,0.496,F*0B

$SDMTW,26.5,C*05
$SDXDR,A,0.3,D,PTCH,A,0.4,D,ROLL*4C
$SDXDR,A,10.26,P,EMA*2A
#F 30000 Hz*64
$SDZDA,000612.12,08,08,2025,00,00*65
$SDDBT,2.974,f,0.907,M,0.496,F*0B

$SDMTW,26.5,C*05
$SDXDR,A,0.0,D,PTCH,A,0.0,D,ROLL*4B
$SDXDR,A,10.31,P,EMA*2C
#F 30000 Hz*64
$SDZDA,000612.62,08,08,2025,00,00*62
$SDDBT,2.974,f,0.907,M,0.496,F*0
B
$SDMTW,26.5,C*05
$SDXDR,A,0.3,D,PTCH,A,0.4,D,ROLL*4C
$SDXDR,A,10.48,P,EMA*22
#F 30000 Hz*64
$SDZDA,000613.12,08,08,2025,00,00*64
$SDDBT,2.974,f,0.907,M,0.496,F*0B

$SDMTW,26.5,C*05
$SDXDR,A,0.3,D,PTCH,A,0.4,D,ROLL*4C
$SDXDR,A,10.33,P,EMA*2E
#F 30000 Hz*64
$SDZDA,000613.62,08,08,2025,00,00*63
$SDDBT,2.974,f,0.907,M,0.496,F*0B

$SDMTW,26.5,C*05
$SDXDR,A,0.3,D,PTCH,A,0.4,D,ROLL*4C
$SDXDR,A,10.35,P,EMA*28
#F 30000 Hz*64
$SDZDA,000614.12,08,08,2025,00,00*63
$SDDBT,2.974,f,0.907,M,0.496,F*0B

$SDMTW,26.5,C*05
$SDXDR,A,0.3,D,PTCH,A,0.4,D,ROLL*4C
$SDXDR,A,10.33,P,EMA*2E
#F 30000 Hz*64
$SDZDA,000614.62,08,08,2025,00,00*64
$SDDBT,2.974,f,0.907,M,0.496,F*0B

$SDMTW,26.5,C*05
$SDXDR,A,0.0,D,PTCH,A,-0.1,D,ROLL*67
$SDXDR,A,10.35,P,EMA*28
#F 30000 Hz*64
$SDZDA,000615.12,08,08,2025,00,00*62
$SDDBT,2.950,f,0.899,M,0.492,F*0F

$SDMTW,26.5,C*05
$SDXDR,A,0.3,D,PTCH,A,0.4,D,ROLL*4C
$SDXDR,A,10.57,P,EMA*2C
#F 30000 Hz*64
$SDZDA,000615.62,08,08,2025,00,00*65
$SDDBT,2.974,f,0.907,M,0.496,F*0B

$SDMTW,26.5,C*05
$SDXDR,A,0.3,D,PTCH,A,0.4,D,ROLL*4C
$SDXDR,A,10.40,P,EMA*2A
#F 30000 Hz*64
$SDZDA,000616.12,08,08,2025,00,00*61
$SDDBT,2.974,f,0.907,M,0.496,F*0B

$SDMTW,26.5,C*05
$SDXDR,A,0.3,D,PTCH,A,0.4,D,ROLL*4C
$SDXDR,A,10.43,P,EMA*29
#F 30000 Hz*64
$SDZDA,000616.62,08,08,2025,00,00*66
$SDDBT,2.974,f,0.907,M,0.496,F*0B

$SDMTW,26.5,C*05
$SDXDR,A,0.3,D,PTCH,A,0.4,D,ROLL*4C
$SDXDR,A,10.45,P,EMA*2F
#F 30000 Hz*64
$SDZDA,000617.12,08,08,2025,00,00*60
$SDDBT,2.974,f,0.907,M,0.496,F*0B

$SDMTW,26.5,C*05
$SDXDR,A,0.1,D,PTCH,A,-0.1,D,ROLL*66
$SDXDR,A,10.48,P,EMA*22
#F 30000 Hz*64
$SDZDA,000617.62,08,08,2025,00,00*67
$SDDBT,2.950,f,0.899,M,0.492,F*0F

$SDMTW,26.5,C*05
$SDXDR,A,0.3,D,PTCH,A,0.4,D,ROLL*4C
$SDXDR,A,10.65,P,EMA*2D
#F 30000 Hz*64
$SDZDA,000618.12,08,08,2025,00,00*6F
$SDDBT,2.974,f,0.907,M,0.496,F*0B

$SDMTW,26.5,C*05
$SDXDR,A,0.3,D,PTCH,A,0.4,D,ROLL*4C
$SDXDR,A,10.48,P,EMA*22
#F 30000 Hz*64
$SDZDA,000618.62,08,08,2025,00,00*68
$SDDBT,2.974,f,0.907,M,0.496,F*0B

$SDMTW,26.5,C*05
$SDXDR,A,0.3,D,PTCH,A,0.4,D,ROLL*4C
$SDXDR,A,10.50,P,EMA*2B
#F 30000 Hz*64
$SDZDA,000619.12,08,08,2025,00,00*6E
$SDDBT,2.950,f,0.899,M,0.492,F*0F

$SDMTW,26.5,C*05
$SDXDR,A,0.3,D,PTCH,A,0.4,D,ROLL*4C
$SDXDR,A,10.57,P,EMA*2C
#F 30000 Hz*64
$SDZDA,000619.62,08,08,2025,00,00*69
$SDDBT,2.950,f,0.899,M,0.492,F*0F

$SDMTW,26.5,C*05
$SDXDR,A,0.0,D,PTCH,A,-0.1,D,ROLL*67
$SDXDR,A,10.53,P,EMA*28
#F 30000 Hz*64
$SDZDA,000620.12,08,08,2025,00,00*64
$SDDBT,2.950,f,0.899,M,0.492,F*0F

$SDMTW,26.5,C*05
$SDXDR,A,0.3,D,PTCH,A,0.4,D,ROLL*4C
$SDXDR,A,10.77,P,EMA*2E
#F 30000 Hz*64
$SDZDA,000620.62,08,08,2025,00,00*63
$SDDBT,2.950,f,0.899,M,0.492,F*0F

$SDMTW,26.5,C*05
$SDXDR,A,0.3,D,PTCH,A,0.4,D,ROLL*4C
$SDXDR,A,10.60,P,EMA*28
#F 30000 Hz*64
$SDZDA,000621.12,08,08,2025,00,00*65
$SDDBT,2.950,f,0.899,M,0.492,F*0F
